#
# A fatal error has been detected by the Java Runtime Environment:
#
#  EXCEPTION_ACCESS_VIOLATION (0xc0000005) at pc=0x00007ffe8090b3c6, pid=34092, tid=41424
#
# JRE version: OpenJDK Runtime Environment Temurin-23+37 (23.0+37) (build 23+37)
# Java VM: OpenJDK 64-Bit Server VM Temurin-23+37 (23+37, mixed mode, sharing, tiered, compressed oops, compressed class ptrs, g1 gc, windows-amd64)
# Problematic frame:
# C  [awt.dll+0xdb3c6]
#
# No core dump will be written. Minidumps are not enabled by default on client versions of Windows
#
# If you would like to submit a bug report, please visit:
#   https://github.com/adoptium/adoptium-support/issues
# The crash happened outside the Java Virtual Machine in native code.
# See problematic frame for where to report the bug.
#

---------------  S U M M A R Y ------------

Command Line: -XX:+ShowCodeDetailsInExceptionMessages -agentlib:jdwp=transport=dt_socket,suspend=y,address=localhost:51130 -javaagent:C:\Users\adams\eclipse\java-2024-09\eclipse\configuration\org.eclipse.osgi\251\0\.cp\lib\javaagent-shaded.jar -Dfile.encoding=UTF-8 -Dstdout.encoding=UTF-8 -Dstderr.encoding=UTF-8 --module-path=Y:\Personal\JavaCode\rain\bin -Djdk.module.main=rain rain/com.adamsotheran.rain.Game

Host: Intel(R) Core(TM) i7-14700K, 28 cores, 31G,  Windows 11 , 64 bit Build 22621 (10.0.22621.3958)
Time: Mon Oct 14 18:36:01 2024 GMT Daylight Time elapsed time: 390.158295 seconds (0d 0h 6m 30s)

---------------  T H R E A D  ---------------

Current thread (0x000001f5e6339e70):  JavaThread "AWT-EventQueue-0"        [_thread_in_native, id=41424, stack(0x000000dfc1e00000,0x000000dfc1f00000) (1024K)]

Stack: [0x000000dfc1e00000,0x000000dfc1f00000],  sp=0x000000dfc1efe7d0,  free space=1017k
Native frames: (J=compiled Java code, j=interpreted, Vv=VM code, C=native code)
C  [awt.dll+0xdb3c6]  (no source info available)
C  [awt.dll+0xdcc02]  (no source info available)
C  0x000001f5d3490b72  (no source info available)

The last pc belongs to native method entry point (kind = native) (printed below).
Java frames: (J=compiled Java code, j=interpreted, Vv=VM code)
j  sun.awt.Win32GraphicsDevice.initNativeScale(I)V+0 java.desktop@23
j  sun.awt.Win32GraphicsDevice.initScaleFactors()V+60 java.desktop@23
j  sun.awt.Win32GraphicsDevice.displayChanged()V+16 java.desktop@23
j  sun.java2d.d3d.D3DGraphicsDevice.displayChanged()V+1 java.desktop@23
j  sun.awt.Win32GraphicsEnvironment.displayChanged()V+271 java.desktop@23
j  sun.awt.windows.WToolkit.lambda$displayChanged$4()V+15 java.desktop@23
j  sun.awt.windows.WToolkit$$Lambda+0x000001f58105b128.run()V+0 java.desktop@23
j  java.awt.event.InvocationEvent.dispatch()V+47 java.desktop@23
j  java.awt.EventQueue.dispatchEventImpl(Ljava/awt/AWTEvent;Ljava/lang/Object;)V+21 java.desktop@23
j  java.awt.EventQueue$4.run()Ljava/lang/Void;+32 java.desktop@23
j  java.awt.EventQueue$4.run()Ljava/lang/Object;+1 java.desktop@23
j  java.security.AccessController.executePrivileged(Ljava/security/PrivilegedAction;Ljava/security/AccessControlContext;Ljava/lang/Class;)Ljava/lang/Object;+29 java.base@23
j  java.security.AccessController.doPrivileged(Ljava/security/PrivilegedAction;Ljava/security/AccessControlContext;)Ljava/lang/Object;+13 java.base@23
j  java.security.ProtectionDomain$JavaSecurityAccessImpl.doIntersectionPrivilege(Ljava/security/PrivilegedAction;Ljava/security/AccessControlContext;Ljava/security/AccessControlContext;)Ljava/lang/Object;+18 java.base@23
j  java.awt.EventQueue.dispatchEvent(Ljava/awt/AWTEvent;)V+46 java.desktop@23
j  java.awt.EventDispatchThread.pumpOneEventForFilters(I)V+81 java.desktop@23
j  java.awt.EventDispatchThread.pumpEventsForFilter(ILjava/awt/Conditional;Ljava/awt/EventFilter;)V+35 java.desktop@23
j  java.awt.EventDispatchThread.pumpEventsForHierarchy(ILjava/awt/Conditional;Ljava/awt/Component;)V+11 java.desktop@23
j  java.awt.EventDispatchThread.pumpEvents(ILjava/awt/Conditional;)V+4 java.desktop@23
j  java.awt.EventDispatchThread.pumpEvents(Ljava/awt/Conditional;)V+3 java.desktop@23
j  java.awt.EventDispatchThread.run()V+9 java.desktop@23
v  ~StubRoutines::call_stub 0x000001f5d3480fcd

siginfo: EXCEPTION_ACCESS_VIOLATION (0xc0000005), reading address 0xffffffffffffffff


Registers:
RAX=0x0100000000000000, RBX=0x000001f5c119a740, RCX=0x0100000000000000, RDX=0x0000000000000000
RSP=0x000000dfc1efe7d0, RBP=0x000000dfc1efe8b0, RSI=0x0000000000000000, RDI=0x0000000000000000
R8 =0x0000000000000001, R9 =0x000000062324fb68, R10=0x000001f5d3490b43, R11=0x0000000000000100
R12=0x0000000000000000, R13=0x000001f5ea559ac8, R14=0x000000dfc1efe8d8, R15=0x000001f5e6339e70
RIP=0x00007ffe8090b3c6, EFLAGS=0x0000000000010202


Register to memory mapping:

RAX=0x0100000000000000 is an unknown value
RBX=0x000001f5c119a740 points into unknown readable memory: 0x000001f5c1dcfdd0 | d0 fd dc c1 f5 01 00 00
RCX=0x0100000000000000 is an unknown value
RDX=0x0 is null
RSP=0x000000dfc1efe7d0 is pointing into the stack for thread: 0x000001f5e6339e70
RBP=0x000000dfc1efe8b0 is pointing into the stack for thread: 0x000001f5e6339e70
RSI=0x0 is null
RDI=0x0 is null
R8 =0x0000000000000001 is an unknown value
R9 =0x000000062324fb68 is an oop: java.lang.Class 
{0x000000062324fb68} - klass: 'java/lang/Class'
 - ---- fields (total size 16 words):
 - private volatile transient 'classRedefinedCount' 'I' @12  0 (0x00000000)
 - injected 'klass' 'J' @16  2153942958800 (0x000001f5810142d0)
 - injected 'array_klass' 'J' @24  0 (0x0000000000000000)
 - injected 'oop_size' 'I' @32  16 (0x00000010)
 - injected 'static_oop_field_count' 'I' @36  0 (0x00000000)
 - private volatile transient 'cachedConstructor' 'Ljava/lang/reflect/Constructor;' @40  null (0x00000000)
 - private transient 'name' 'Ljava/lang/String;' @44  null (0x00000000)
 - private transient 'module' 'Ljava/lang/Module;' @48  a 'java/lang/Module'{0x0000000623ab22f0} (0xc475645e)
 - private final 'classLoader' 'Ljava/lang/ClassLoader;' @52  null (0x00000000)
 - private transient 'classData' 'Ljava/lang/Object;' @56  null (0x00000000)
 - private transient 'packageName' 'Ljava/lang/String;' @60  null (0x00000000)
 - private final 'componentType' 'Ljava/lang/Class;' @64  null (0x00000000)
 - private volatile transient 'reflectionData' 'Ljava/lang/ref/SoftReference;' @68  null (0x00000000)
 - private volatile transient 'genericInfo' 'Lsun/reflect/generics/repository/ClassRepository;' @72  null (0x00000000)
 - private volatile transient 'enumConstants' '[Ljava/lang/Object;' @76  null (0x00000000)
 - private volatile transient 'enumConstantDirectory' 'Ljava/util/Map;' @80  null (0x00000000)
 - private volatile transient 'annotationData' 'Ljava/lang/Class$AnnotationData;' @84  null (0x00000000)
 - private volatile transient 'annotationType' 'Lsun/reflect/annotation/AnnotationType;' @88  null (0x00000000)
 - transient 'classValueMap' 'Ljava/lang/ClassValue$ClassValueMap;' @92  null (0x00000000)
 - injected 'protection_domain' 'Ljava/lang/Object;' @96  null (0x00000000)
 - injected 'signers_name' 'Ljava/lang/Object;' @100  null (0x00000000)
 - injected 'source_file' 'Ljava/lang/Object;' @104  null (0x00000000)
 - signature: Lsun/awt/Win32GraphicsEnvironment;
 - ---- static fields (0):
 - static final 'debugScaleX' 'F' @112  -1.000000 (0xbf800000)
 - static final 'debugScaleY' 'F' @116  -1.000000 (0xbf800000)
 - private static volatile 'isDWMCompositionEnabled' 'Z' @120  true (0x01)
 - static final synthetic '$assertionsDisabled' 'Z' @121  true (0x01)
R10=0x000001f5d3490b43 is at code_begin+1923 in an Interpreter codelet
native method entry point (kind = native)  [0x000001f5d34903c0, 0x000001f5d3491628]  4712 bytes
R11=0x0000000000000100 is an unknown value
R12=0x0 is null
R13={method} {0x000001f5ea559ad0} 'initNativeScale' '(I)V' in 'sun/awt/Win32GraphicsDevice'
R14=0x000000dfc1efe8d8 is pointing into the stack for thread: 0x000001f5e6339e70
R15=0x000001f5e6339e70 is a thread

Top of Stack: (sp=0x000000dfc1efe7d0)
0x000000dfc1efe7d0:   000001f5ea72b960 00007ffe65e87b2c
0x000000dfc1efe7e0:   000001f5c119a740 0000000000000000
0x000000dfc1efe7f0:   000001f5c119a740 00007ffe8090cc02
0x000000dfc1efe800:   00007ffe80969838 000001f5ea559ac8
0x000000dfc1efe810:   000000dfc1efe8c0 000001f5e624ff40
0x000000dfc1efe820:   000001f5d3489581 000001f5d3490b72
0x000000dfc1efe830:   000001f5ea559ac8 0000000000000001
0x000000dfc1efe840:   000001f5e6339e70 000001f5d3489581
0x000000dfc1efe850:   0000000000000000 00007ffe662faa09
0x000000dfc1efe860:   000000dfc1efe9a0 fffffffffffffff7
0x000000dfc1efe870:   0000000000000000 0000000000000005
0x000000dfc1efe880:   000001f5ea55d310 0000000000000000
0x000000dfc1efe890:   00000006232e4078 000001f5ea559ac8
0x000000dfc1efe8a0:   0000000000000000 000000dfc1efe8d0
0x000000dfc1efe8b0:   000000dfc1efe928 000001f5d3489054
0x000000dfc1efe8c0:   0000000000000000 000001f5d348c8f7
0x000000dfc1efe8d0:   0000000000000000 0000000623306ea8
0x000000dfc1efe8e0:   fffffffffffffff7 000001f5ea55a11c
0x000000dfc1efe8f0:   0000000000000002 000001f5ea55d310
0x000000dfc1efe900:   0000000000000000 00000006232e4078
0x000000dfc1efe910:   000001f5ea55a168 fffffffffffffff5
0x000000dfc1efe920:   000000dfc1efe938 000000dfc1efe988
0x000000dfc1efe930:   000001f5d3489054 0000000623306ea8
0x000000dfc1efe940:   fffffffffffffff7 000001f5ea55b9e0
0x000000dfc1efe950:   0000000000000003 000001f5ea55d310
0x000000dfc1efe960:   0000000000000000 00000006232e4078
0x000000dfc1efe970:   000001f5ea55ba28 fffffffffffffff6
0x000000dfc1efe980:   000000dfc1efe9a0 000000dfc1efe9f0
0x000000dfc1efe990:   000001f5d3489054 0000000000000000
0x000000dfc1efe9a0:   0000000623306ea8 fffffffffffffff7
0x000000dfc1efe9b0:   000001f5ea5580e1 0000000000000002
0x000000dfc1efe9c0:   000001f5ea55db78 0000000000000000 

Instructions: (pc=0x00007ffe8090b3c6)
0x00007ffe8090b2c6:   11 45 d4 0f 11 45 e4 0f 11 45 f4 89 45 04 c7 45
0x00007ffe8090b2d6:   a0 68 00 00 00 0f 11 44 24 34 0f 11 44 24 44 0f
0x00007ffe8090b2e6:   11 44 24 54 0f 11 44 24 64 0f 11 44 24 74 0f 11
0x00007ffe8090b2f6:   45 84 89 45 94 c7 44 24 30 68 00 00 00 48 8d 55
0x00007ffe8090b306:   a0 49 8b ce ff 15 08 76 06 00 85 c0 74 41 48 8d
0x00007ffe8090b316:   54 24 30 48 8b ce ff 15 f6 75 06 00 85 c0 74 2f
0x00007ffe8090b326:   48 8d 54 24 34 48 8d 4d a4 ff 15 0b 75 06 00 85
0x00007ffe8090b336:   c0 74 1c 48 8d 54 24 44 48 8d 4d b4 ff 15 f8 74
0x00007ffe8090b346:   06 00 85 c0 74 09 8b 44 24 54 39 45 c4 74 11 ff
0x00007ffe8090b356:   c7 3b 7b 0c 0f 8c 40 ff ff ff 8b 3d 1a b0 06 00
0x00007ffe8090b366:   48 8b cb e8 32 cb f4 ff 90 8b c7 48 8b 4d 10 48
0x00007ffe8090b376:   33 cc e8 93 02 01 00 4c 8d 9c 24 20 01 00 00 49
0x00007ffe8090b386:   8b 5b 28 49 8b 73 30 49 8b e3 41 5e 5f 5d c3 cc
0x00007ffe8090b396:   cc cc cc cc cc cc cc cc cc cc 48 8b 41 08 48 8b
0x00007ffe8090b3a6:   80 18 0c 00 00 c3 cc cc cc cc 48 8b 41 08 48 05
0x00007ffe8090b3b6:   00 04 00 00 c3 cc cc cc cc cc 40 53 48 83 ec 20
0x00007ffe8090b3c6:   83 79 50 00 48 8b d9 75 56 48 8b 49 28 4c 8d 44
0x00007ffe8090b3d6:   24 38 48 8d 54 24 30 c7 44 24 30 00 00 80 bf c7
0x00007ffe8090b3e6:   44 24 38 00 00 80 bf e8 1e e2 00 00 f3 0f 10 54
0x00007ffe8090b3f6:   24 30 0f 57 c0 0f 2f d0 76 25 f3 0f 10 4c 24 38
0x00007ffe8090b406:   0f 2f c8 76 1a f3 0f 5e 15 09 a9 02 00 f3 0f 5e
0x00007ffe8090b416:   0d 01 a9 02 00 f3 0f 11 53 48 f3 0f 11 4b 4c 48
0x00007ffe8090b426:   83 c4 20 5b c3 cc cc cc cc cc 48 89 5c 24 10 48
0x00007ffe8090b436:   89 74 24 18 48 89 7c 24 20 41 56 48 83 ec 40 48
0x00007ffe8090b446:   8b d9 48 83 79 18 00 75 14 b9 28 04 00 00 e8 f7
0x00007ffe8090b456:   97 00 00 48 89 43 18 c7 00 28 00 00 00 48 8b 43
0x00007ffe8090b466:   18 33 ff 66 89 78 0e 48 8b 4b 28 e8 5a 03 00 00
0x00007ffe8090b476:   48 8b f0 ba 01 00 00 00 44 8b c2 48 8b c8 ff 15
0x00007ffe8090b486:   36 71 06 00 4c 8b f0 89 7c 24 30 48 8b 4b 18 48
0x00007ffe8090b496:   89 4c 24 28 48 89 7c 24 20 44 8d 4f 01 45 33 c0
0x00007ffe8090b4a6:   48 8b d0 48 8b ce ff 15 2e 70 06 00 48 8b 53 30
0x00007ffe8090b4b6:   48 8b 0b 83 79 04 08 0f 8e 01 02 00 00 f6 42 24 


Stack slot to memory mapping:

stack at sp + 0 slots: 0x000001f5ea72b960 is pointing into metadata
stack at sp + 1 slots: 0x00007ffe65e87b2c jvm.dll
stack at sp + 2 slots: 0x000001f5c119a740 points into unknown readable memory: 0x000001f5c1dcfdd0 | d0 fd dc c1 f5 01 00 00
stack at sp + 3 slots: 0x0 is null
stack at sp + 4 slots: 0x000001f5c119a740 points into unknown readable memory: 0x000001f5c1dcfdd0 | d0 fd dc c1 f5 01 00 00
stack at sp + 5 slots: 0x00007ffe8090cc02 awt.dll
stack at sp + 6 slots: 0x00007ffe80969838 awt.dll
stack at sp + 7 slots: {method} {0x000001f5ea559ad0} 'initNativeScale' '(I)V' in 'sun/awt/Win32GraphicsDevice'

Lock stack of current Java thread (top to bottom):

native method entry point (kind = native)  [0x000001f5d34903c0, 0x000001f5d3491628]  4712 bytes
[MachCode]
  0x000001f5d34903c0: 488b 4b08 | 0fb7 492e | 584c 8d74 | ccf8 6800 | 0000 0068 | 0000 0000 | 5055 488b | ec41 5568 
  0x000001f5d34903e0: 0000 0000 | 4c8b 6b08 | 4d8d 6d38 | 5348 8b53 | 0848 8b52 | 0848 8b52 | 1848 8b52 | 7048 8b12 
  0x000001f5d3490400: 5248 8b53 | 1048 85d2 | 0f84 0700 | 0000 4881 | c210 0100 | 0052 488b | 5308 488b | 5208 488b 
  0x000001f5d3490420: 5210 5249 | 8bc6 482b | c548 c1e8 | 0350 6800 | 0000 0068 | f7ff ffff | 41c6 8771 | 0400 0001 
  0x000001f5d3490440: 488b 4310 | 4885 c074 | 208b 88cc | 0000 0083 | c102 8988 | cc00 0000 | 2388 e000 | 0000 0f84 
  0x000001f5d3490460: 5f10 0000 | e986 0100 | 0048 8b43 | 1848 85c0 | 0f85 6701 | 0000 e805 | 0000 00e9 | 5001 0000 
  0x000001f5d3490480: 488b d348 | 8d44 2408 | 4c89 6dc0 | 498b cfc5 | f877 4989 | afb0 0300 | 0049 8987 | a003 0000 
  0x000001f5d34904a0: 4883 ec20 | 40f6 c40f | 0f84 1900 | 0000 4883 | ec08 48b8 | 608d 0366 | fe7f 0000 | ffd0 4883 
  0x000001f5d34904c0: c408 e90c | 0000 0048 | b860 8d03 | 66fe 7f00 | 00ff d048 | 83c4 2049 | c787 a003 | 0000 0000 
  0x000001f5d34904e0: 0000 49c7 | 87b0 0300 | 0000 0000 | 0049 c787 | a803 0000 | 0000 0000 | c5f8 7741 | 8b8f 2c05 
  0x000001f5d3490500: 0000 f6c1 | 010f 8442 | 0000 00f6 | c102 0f85 | 3900 0000 | 4883 ec20 | 40f6 c40f | 0f84 1900 
  0x000001f5d3490520: 0000 4883 | ec08 48b8 | b062 0366 | fe7f 0000 | ffd0 4883 | c408 e90c | 0000 0048 | b8b0 6203 
  0x000001f5d3490540: 66fe 7f00 | 00ff d048 | 83c4 20ff | e049 8b8f | d805 0000 | 4885 c90f | 8455 0000 | 008b 899c 
  0x000001f5d3490560: 0000 0083 | f901 0f85 | 4600 0000 | 498b 8fd8 | 0500 008b | 89a0 0000 | 0048 83ec | 2040 f6c4 
  0x000001f5d3490580: 0f0f 8419 | 0000 0048 | 83ec 0848 | b8a0 6203 | 66fe 7f00 | 00ff d048 | 83c4 08e9 | 0c00 0000 
  0x000001f5d34905a0: 48b8 a062 | 0366 fe7f | 0000 ffd0 | 4883 c420 | ffe0 4983 | 7f08 000f | 8405 0000 | 00e9 fe08 
  0x000001f5d34905c0: ffff 4c8b | 6dc0 4c8b | 75c8 4e8d | 74f5 00c3 | 488b 4318 | 4885 c00f | 8412 0000 | 008b 4808 
  0x000001f5d34905e0: 83c1 0289 | 4808 2348 | 1c0f 84d4 | 0e00 0049 | 3ba7 e804 | 0000 0f87 | 4800 0000 | 8984 2400 
  0x000001f5d3490600: f0ff ff89 | 8424 00e0 | ffff 8984 | 2400 d0ff | ff89 8424 | 00c0 ffff | 8984 2400 | b0ff ff89 
  0x000001f5d3490620: 8424 00a0 | ffff 8984 | 2400 90ff | ff89 8424 | 0080 ffff | 493b a7e0 | 0400 0076 | 0749 89a7 
  0x000001f5d3490640: e804 0000 | 41c6 8771 | 0400 0000 | 418b 97e0 | 0500 0085 | d20f 8457 | 0100 00e8 | 0500 0000 
  0x000001f5d3490660: e94d 0100 | 0048 8d44 | 2408 4c89 | 6dc0 498b | cfc5 f877 | 4989 afb0 | 0300 0049 | 8987 a003 
  0x000001f5d3490680: 0000 4883 | ec20 40f6 | c40f 0f84 | 1900 0000 | 4883 ec08 | 48b8 b0b2 | 0366 fe7f | 0000 ffd0 
  0x000001f5d34906a0: 4883 c408 | e90c 0000 | 0048 b8b0 | b203 66fe | 7f00 00ff | d048 83c4 | 2049 c787 | a003 0000 
  0x000001f5d34906c0: 0000 0000 | 49c7 87b0 | 0300 0000 | 0000 0049 | c787 a803 | 0000 0000 | 0000 c5f8 | 7741 8b8f 
  0x000001f5d34906e0: 2c05 0000 | f6c1 010f | 8442 0000 | 00f6 c102 | 0f85 3900 | 0000 4883 | ec20 40f6 | c40f 0f84 
  0x000001f5d3490700: 1900 0000 | 4883 ec08 | 48b8 b062 | 0366 fe7f | 0000 ffd0 | 4883 c408 | e90c 0000 | 0048 b8b0 
  0x000001f5d3490720: 6203 66fe | 7f00 00ff | d048 83c4 | 20ff e049 | 8b8f d805 | 0000 4885 | c90f 8455 | 0000 008b 
  0x000001f5d3490740: 899c 0000 | 0083 f901 | 0f85 4600 | 0000 498b | 8fd8 0500 | 008b 89a0 | 0000 0048 | 83ec 2040 
  0x000001f5d3490760: f6c4 0f0f | 8419 0000 | 0048 83ec | 0848 b8a0 | 6203 66fe | 7f00 00ff | d048 83c4 | 08e9 0c00 
  0x000001f5d3490780: 0000 48b8 | a062 0366 | fe7f 0000 | ffd0 4883 | c420 ffe0 | 4983 7f08 | 000f 8405 | 0000 00e9 
  0x000001f5d34907a0: 1c07 ffff | 4c8b 6dc0 | 4c8b 75c8 | 4e8d 74f5 | 00c3 49ba | 9131 9266 | fe7f 0000 | 4180 3a00 
  0x000001f5d34907c0: 0f84 3e00 | 0000 488b | 55e8 498b | cf48 83ec | 2040 f6c4 | 0f0f 8419 | 0000 0048 | 83ec 0848 
  0x000001f5d34907e0: b870 7e3b | 66fe 7f00 | 00ff d048 | 83c4 08e9 | 0c00 0000 | 48b8 707e | 3b66 fe7f | 0000 ffd0 
  0x000001f5d3490800: 4883 c420 | 488b 5de8 | 4c8b 5b08 | 450f b75b | 2e41 c1e3 | 0349 2be3 | 4883 ec20 | 4883 e4f0 
  0x000001f5d3490820: 4c8b 5b60 | 4d85 db0f | 8562 0100 | 00e8 0500 | 0000 e950 | 0100 0048 | 8bd3 488d | 4424 084c 
  0x000001f5d3490840: 896d c049 | 8bcf c5f8 | 7749 89af | b003 0000 | 4989 87a0 | 0300 0048 | 83ec 2040 | f6c4 0f0f 
  0x000001f5d3490860: 8419 0000 | 0048 83ec | 0848 b8c0 | b403 66fe | 7f00 00ff | d048 83c4 | 08e9 0c00 | 0000 48b8 
  0x000001f5d3490880: c0b4 0366 | fe7f 0000 | ffd0 4883 | c420 49c7 | 87a0 0300 | 0000 0000 | 0049 c787 | b003 0000 
  0x000001f5d34908a0: 0000 0000 | 49c7 87a8 | 0300 0000 | 0000 00c5 | f877 418b | 8f2c 0500 | 00f6 c101 | 0f84 4200 
  0x000001f5d34908c0: 0000 f6c1 | 020f 8539 | 0000 0048 | 83ec 2040 | f6c4 0f0f | 8419 0000 | 0048 83ec | 0848 b8b0 
  0x000001f5d34908e0: 6203 66fe | 7f00 00ff | d048 83c4 | 08e9 0c00 | 0000 48b8 | b062 0366 | fe7f 0000 | ffd0 4883 
  0x000001f5d3490900: c420 ffe0 | 498b 8fd8 | 0500 0048 | 85c9 0f84 | 5500 0000 | 8b89 9c00 | 0000 83f9 | 010f 8546 
  0x000001f5d3490920: 0000 0049 | 8b8f d805 | 0000 8b89 | a000 0000 | 4883 ec20 | 40f6 c40f | 0f84 1900 | 0000 4883 
  0x000001f5d3490940: ec08 48b8 | a062 0366 | fe7f 0000 | ffd0 4883 | c408 e90c | 0000 0048 | b8a0 6203 | 66fe 7f00 
  0x000001f5d3490960: 00ff d048 | 83c4 20ff | e049 837f | 0800 0f84 | 0500 0000 | e947 05ff | ff4c 8b6d | c04c 8b75 
  0x000001f5d3490980: c84e 8d74 | f500 c348 | 8b5d e84c | 8b5b 6041 | ffd3 488b | 5de8 4889 | 4518 448b | 5b28 41f6 
  0x000001f5d34909a0: c308 0f84 | 1b00 0000 | 4c8b 5b08 | 4d8b 5b08 | 4d8b 5b18 | 4d8b 5b70 | 4d8b 1b4c | 895d 1048 
  0x000001f5d34909c0: 8d55 1048 | 8b43 5849 | bad0 cb3b | 66fe 7f00 | 0049 3bc2 | 0f85 6201 | 0000 e805 | 0000 00e9 
  0x000001f5d34909e0: 5001 0000 | 488b d348 | 8d44 2408 | 4c89 6dc0 | 498b cfc5 | f877 4989 | afb0 0300 | 0049 8987 
  0x000001f5d3490a00: a003 0000 | 4883 ec20 | 40f6 c40f | 0f84 1900 | 0000 4883 | ec08 48b8 | c0b4 0366 | fe7f 0000 
  0x000001f5d3490a20: ffd0 4883 | c408 e90c | 0000 0048 | b8c0 b403 | 66fe 7f00 | 00ff d048 | 83c4 2049 | c787 a003 
  0x000001f5d3490a40: 0000 0000 | 0000 49c7 | 87b0 0300 | 0000 0000 | 0049 c787 | a803 0000 | 0000 0000 | c5f8 7741 
  0x000001f5d3490a60: 8b8f 2c05 | 0000 f6c1 | 010f 8442 | 0000 00f6 | c102 0f85 | 3900 0000 | 4883 ec20 | 40f6 c40f 
  0x000001f5d3490a80: 0f84 1900 | 0000 4883 | ec08 48b8 | b062 0366 | fe7f 0000 | ffd0 4883 | c408 e90c | 0000 0048 
  0x000001f5d3490aa0: b8b0 6203 | 66fe 7f00 | 00ff d048 | 83c4 20ff | e049 8b8f | d805 0000 | 4885 c90f | 8455 0000 
  0x000001f5d3490ac0: 008b 899c | 0000 0083 | f901 0f85 | 4600 0000 | 498b 8fd8 | 0500 008b | 89a0 0000 | 0048 83ec 
  0x000001f5d3490ae0: 2040 f6c4 | 0f0f 8419 | 0000 0048 | 83ec 0848 | b8a0 6203 | 66fe 7f00 | 00ff d048 | 83c4 08e9 
  0x000001f5d3490b00: 0c00 0000 | 48b8 a062 | 0366 fe7f | 0000 ffd0 | 4883 c420 | ffe0 4983 | 7f08 000f | 8405 0000 
  0x000001f5d3490b20: 00e9 9a03 | ffff 4c8b | 6dc0 4c8b | 75c8 4e8d | 74f5 00c3 | 488b 5de8 | 488b 4358 | 498d 8fc0 
  0x000001f5d3490b40: 0300 00c5 | f877 4989 | afb0 0300 | 0049 ba43 | 0b49 d3f5 | 0100 004d | 8997 a803 | 0000 4989 
  0x000001f5d3490b60: a7a0 0300 | 0041 c787 | 4404 0000 | 0400 0000 | ffd0 c5f8 | 7748 83ec | 10c5 fb11 | 0424 4883 
  0x000001f5d3490b80: ec10 4889 | 0424 48c7 | 4424 0800 | 0000 0041 | c787 4404 | 0000 0500 | 0000 f083 | 4424 c000 
  0x000001f5d3490ba0: 493b af48 | 0400 000f | 870e 0000 | 0041 83bf | 4004 0000 | 000f 8420 | 0000 0049 | 8bcf 4c8b 
  0x000001f5d3490bc0: e448 83ec | 2048 83e4 | f048 b860 | 1005 66fe | 7f00 00ff | d049 8be4 | 4d33 e441 | c787 4404 
  0x000001f5d3490be0: 0000 0800 | 0000 49c7 | 87a0 0300 | 0000 0000 | 0049 c787 | b003 0000 | 0000 0000 | 49c7 87a8 
  0x000001f5d3490c00: 0300 0000 | 0000 00c5 | f877 4d8b | 9f30 0400 | 0041 c783 | 0001 0000 | 0000 0000 | 49bb fac8 
  0x000001f5d3490c20: 48d3 f501 | 0000 4c3b | 5d18 0f85 | 2402 0000 | 488b 0424 | 4883 c410 | 4885 c00f | 84fe 0100 
  0x000001f5d3490c40: 00a8 030f | 8508 0000 | 0048 8b00 | e9ee 0100 | 00a8 010f | 8509 0000 | 0048 8b40 | fee9 dd01 
  0x000001f5d3490c60: 0000 488b | 40ff 4180 | 7f38 000f | 84ce 0100 | 0048 83f8 | 000f 84c4 | 0100 004d | 8b5f 2849 
  0x000001f5d3490c80: 83fb 000f | 8414 0000 | 0049 83eb | 084d 895f | 284d 035f | 3049 8903 | e9a2 0100 | 0048 81ec 
  0x000001f5d3490ca0: d000 0000 | 4889 0424 | 4889 4c24 | 0848 8954 | 2410 4889 | 7424 1848 | 897c 2420 | 4c89 4424 
  0x000001f5d3490cc0: 284c 894c | 2430 4c89 | 5424 384c | 895c 2440 | c5fb 1144 | 2450 c5fb | 114c 2458 | c5fb 1154 
  0x000001f5d3490ce0: 2460 c5fb | 115c 2468 | c5fb 1164 | 2470 c5fb | 116c 2478 | c5fb 11b4 | 2480 0000 | 00c5 fb11 
  0x000001f5d3490d00: bc24 8800 | 0000 c57b | 1184 2490 | 0000 00c5 | 7b11 8c24 | 9800 0000 | c57b 1194 | 24a0 0000 
  0x000001f5d3490d20: 00c5 7b11 | 9c24 a800 | 0000 c57b | 11a4 24b0 | 0000 00c5 | 7b11 ac24 | b800 0000 | c57b 11b4 
  0x000001f5d3490d40: 24c0 0000 | 00c5 7b11 | bc24 c800 | 0000 498b | d748 8bc8 | 4883 ec20 | 40f6 c40f | 0f84 1900 
  0x000001f5d3490d60: 0000 4883 | ec08 48b8 | b079 f865 | fe7f 0000 | ffd0 4883 | c408 e90c | 0000 0048 | b8b0 79f8 
  0x000001f5d3490d80: 65fe 7f00 | 00ff d048 | 83c4 20c5 | 7b10 bc24 | c800 0000 | c57b 10b4 | 24c0 0000 | 00c5 7b10 
  0x000001f5d3490da0: ac24 b800 | 0000 c57b | 10a4 24b0 | 0000 00c5 | 7b10 9c24 | a800 0000 | c57b 1094 | 24a0 0000 
  0x000001f5d3490dc0: 00c5 7b10 | 8c24 9800 | 0000 c57b | 1084 2490 | 0000 00c5 | fb10 bc24 | 8800 0000 | c5fb 10b4 
  0x000001f5d3490de0: 2480 0000 | 00c5 fb10 | 6c24 78c5 | fb10 6424 | 70c5 fb10 | 5c24 68c5 | fb10 5424 | 60c5 fb10 
  0x000001f5d3490e00: 4c24 58c5 | fb10 4424 | 504c 8b5c | 2440 4c8b | 5424 384c | 8b4c 2430 | 4c8b 4424 | 2848 8b7c 
  0x000001f5d3490e20: 2420 488b | 7424 1848 | 8b54 2410 | 488b 4c24 | 0848 8b04 | 2448 81c4 | d000 0000 | c5f8 7748 
  0x000001f5d3490e40: 8945 1048 | 83ec 1048 | 8904 2448 | c744 2408 | 0000 0000 | 4183 bfc8 | 0400 0002 | 0f85 bf00 
  0x000001f5d3490e60: 0000 4881 | ec80 0000 | 0048 8944 | 2478 4889 | 4c24 7048 | 8954 2468 | 4889 5c24 | 6048 896c 
  0x000001f5d3490e80: 2450 4889 | 7424 4848 | 897c 2440 | 4c89 4424 | 384c 894c | 2430 4c89 | 5424 284c | 895c 2420 
  0x000001f5d3490ea0: 4c89 6424 | 184c 896c | 2410 4c89 | 7424 084c | 893c 244c | 8be4 4883 | ec20 4883 | e4f0 48b8 
  0x000001f5d3490ec0: 40b3 3b66 | fe7f 0000 | ffd0 498b | e44c 8b3c | 244c 8b74 | 2408 4c8b | 6c24 104c | 8b64 2418 
  0x000001f5d3490ee0: 4c8b 5c24 | 204c 8b54 | 2428 4c8b | 4c24 304c | 8b44 2438 | 488b 7c24 | 4048 8b74 | 2448 488b 
  0x000001f5d3490f00: 6c24 5048 | 8b5c 2460 | 488b 5424 | 6848 8b4c | 2470 488b | 4424 7848 | 81c4 8000 | 0000 4d33 
  0x000001f5d3490f20: e448 8b5d | e84c 8b6b | 084d 8d6d | 3849 837f | 0800 0f84 | 7201 0000 | e805 0000 | 00e9 4d01 
  0x000001f5d3490f40: 0000 488d | 4424 084c | 896d c049 | 8bcf c5f8 | 7749 89af | b003 0000 | 4989 87a0 | 0300 0048 
  0x000001f5d3490f60: 83ec 2040 | f6c4 0f0f | 8419 0000 | 0048 83ec | 0848 b8d0 | d203 66fe | 7f00 00ff | d048 83c4 
  0x000001f5d3490f80: 08e9 0c00 | 0000 48b8 | d0d2 0366 | fe7f 0000 | ffd0 4883 | c420 49c7 | 87a0 0300 | 0000 0000 
  0x000001f5d3490fa0: 0049 c787 | b003 0000 | 0000 0000 | 49c7 87a8 | 0300 0000 | 0000 00c5 | f877 418b | 8f2c 0500 
  0x000001f5d3490fc0: 00f6 c101 | 0f84 4200 | 0000 f6c1 | 020f 8539 | 0000 0048 | 83ec 2040 | f6c4 0f0f | 8419 0000 
  0x000001f5d3490fe0: 0048 83ec | 0848 b8b0 | 6203 66fe | 7f00 00ff | d048 83c4 | 08e9 0c00 | 0000 48b8 | b062 0366 
  0x000001f5d3491000: fe7f 0000 | ffd0 4883 | c420 ffe0 | 498b 8fd8 | 0500 0048 | 85c9 0f84 | 5500 0000 | 8b89 9c00 
  0x000001f5d3491020: 0000 83f9 | 010f 8546 | 0000 0049 | 8b8f d805 | 0000 8b89 | a000 0000 | 4883 ec20 | 40f6 c40f 
  0x000001f5d3491040: 0f84 1900 | 0000 4883 | ec08 48b8 | a062 0366 | fe7f 0000 | ffd0 4883 | c408 e90c | 0000 0048 
  0x000001f5d3491060: b8a0 6203 | 66fe 7f00 | 00ff d048 | 83c4 20ff | e049 837f | 0800 0f84 | 0500 0000 | e93f fefe 
  0x000001f5d3491080: ff4c 8b6d | c04c 8b75 | c84e 8d74 | f500 c348 | b920 8e68 | 66fe 7f00 | 0048 83e4 | f048 b870 
  0x000001f5d34910a0: b329 66fe | 7f00 00ff | d0f4 448b | 5b28 41f6 | c320 0f84 | 3002 0000 | 488d 55a8 | 4c8b 5a08 
  0x000001f5d34910c0: 4d85 db0f | 8572 0100 | 00e8 0500 | 0000 e94d | 0100 0048 | 8d44 2408 | 4c89 6dc0 | 498b cfc5 
  0x000001f5d34910e0: f877 4989 | afb0 0300 | 0049 8987 | a003 0000 | 4883 ec20 | 40f6 c40f | 0f84 1900 | 0000 4883 
  0x000001f5d3491100: ec08 48b8 | 00d2 0366 | fe7f 0000 | ffd0 4883 | c408 e90c | 0000 0048 | b800 d203 | 66fe 7f00 
  0x000001f5d3491120: 00ff d048 | 83c4 2049 | c787 a003 | 0000 0000 | 0000 49c7 | 87b0 0300 | 0000 0000 | 0049 c787 
  0x000001f5d3491140: a803 0000 | 0000 0000 | c5f8 7741 | 8b8f 2c05 | 0000 f6c1 | 010f 8442 | 0000 00f6 | c102 0f85 
  0x000001f5d3491160: 3900 0000 | 4883 ec20 | 40f6 c40f | 0f84 1900 | 0000 4883 | ec08 48b8 | b062 0366 | fe7f 0000 
  0x000001f5d3491180: ffd0 4883 | c408 e90c | 0000 0048 | b8b0 6203 | 66fe 7f00 | 00ff d048 | 83c4 20ff | e049 8b8f 
  0x000001f5d34911a0: d805 0000 | 4885 c90f | 8455 0000 | 008b 899c | 0000 0083 | f901 0f85 | 4600 0000 | 498b 8fd8 
  0x000001f5d34911c0: 0500 008b | 89a0 0000 | 0048 83ec | 2040 f6c4 | 0f0f 8419 | 0000 0048 | 83ec 0848 | b8a0 6203 
  0x000001f5d34911e0: 66fe 7f00 | 00ff d048 | 83c4 08e9 | 0c00 0000 | 48b8 a062 | 0366 fe7f | 0000 ffd0 | 4883 c420 
  0x000001f5d3491200: ffe0 4983 | 7f08 000f | 8405 0000 | 00e9 aefc | feff 4c8b | 6dc0 4c8b | 75c8 4e8d | 74f5 00c3 
  0x000001f5d3491220: 48b9 208e | 6866 fe7f | 0000 4883 | e4f0 48b8 | 70b3 2966 | fe7f 0000 | ffd0 f44c | 896d c04c 
  0x000001f5d3491240: 8b4a 0848 | c742 0800 | 0000 0045 | 8b87 1806 | 0000 4f3b | 4c07 f80f | 8549 0000 | 0041 83af 
  0x000001f5d3491260: 1806 0000 | 084f 3b4c | 07f0 0f84 | 2a00 0000 | 498b 01a8 | 020f 8512 | 0000 004c | 8bc0 4983 
  0x000001f5d3491280: c801 f04d | 0fb1 010f | 840d 0000 | 0041 8387 | 1806 0000 | 08e9 0c00 | 0000 49ff | 8f50 0500 
  0x000001f5d34912a0: 00e9 3e00 | 0000 4c89 | 4a08 488b | ca48 83ec | 2040 f6c4 | 0f0f 8419 | 0000 0048 | 83ec 0848 
  0x000001f5d34912c0: b8c0 a403 | 66fe 7f00 | 00ff d048 | 83c4 08e9 | 0c00 0000 | 48b8 c0a4 | 0366 fe7f | 0000 ffd0 
  0x000001f5d34912e0: 4883 c420 | 4c8b 6dc0 | 418b 97e0 | 0500 0085 | d20f 8457 | 0100 00e8 | 0500 0000 | e94d 0100 
  0x000001f5d3491300: 0048 8d44 | 2408 4c89 | 6dc0 498b | cfc5 f877 | 4989 afb0 | 0300 0049 | 8987 a003 | 0000 4883 
  0x000001f5d3491320: ec20 40f6 | c40f 0f84 | 1900 0000 | 4883 ec08 | 48b8 f0b3 | 0366 fe7f | 0000 ffd0 | 4883 c408 
  0x000001f5d3491340: e90c 0000 | 0048 b8f0 | b303 66fe | 7f00 00ff | d048 83c4 | 2049 c787 | a003 0000 | 0000 0000 
  0x000001f5d3491360: 49c7 87b0 | 0300 0000 | 0000 0049 | c787 a803 | 0000 0000 | 0000 c5f8 | 7741 8b8f | 2c05 0000 
  0x000001f5d3491380: f6c1 010f | 8442 0000 | 00f6 c102 | 0f85 3900 | 0000 4883 | ec20 40f6 | c40f 0f84 | 1900 0000 
  0x000001f5d34913a0: 4883 ec08 | 48b8 b062 | 0366 fe7f | 0000 ffd0 | 4883 c408 | e90c 0000 | 0048 b8b0 | 6203 66fe 
  0x000001f5d34913c0: 7f00 00ff | d048 83c4 | 20ff e049 | 8b8f d805 | 0000 4885 | c90f 8455 | 0000 008b | 899c 0000 
  0x000001f5d34913e0: 0083 f901 | 0f85 4600 | 0000 498b | 8fd8 0500 | 008b 89a0 | 0000 0048 | 83ec 2040 | f6c4 0f0f 
  0x000001f5d3491400: 8419 0000 | 0048 83ec | 0848 b8a0 | 6203 66fe | 7f00 00ff | d048 83c4 | 08e9 0c00 | 0000 48b8 
  0x000001f5d3491420: a062 0366 | fe7f 0000 | ffd0 4883 | c420 ffe0 | 4983 7f08 | 000f 8405 | 0000 00e9 | 80fa feff 
  0x000001f5d3491440: 4c8b 6dc0 | 4c8b 75c8 | 4e8d 74f5 | 00c3 49ba | 9131 9266 | fe7f 0000 | 4180 3a00 | 0f84 3e00 
  0x000001f5d3491460: 0000 488b | 55e8 498b | cf48 83ec | 2040 f6c4 | 0f0f 8419 | 0000 0048 | 83ec 0848 | b870 7e3b 
  0x000001f5d3491480: 66fe 7f00 | 00ff d048 | 83c4 08e9 | 0c00 0000 | 48b8 707e | 3b66 fe7f | 0000 ffd0 | 4883 c420 
  0x000001f5d34914a0: 488b 0424 | 4883 c410 | c5fb 1004 | 2448 83c4 | 104c 8b5d | 1841 ffd3 | 4c8b 5df8 | c95f 498b 
  0x000001f5d34914c0: e3ff e7ba | 0000 0000 | e805 0000 | 00e9 4d01 | 0000 488d | 4424 084c | 896d c049 | 8bcf c5f8 
  0x000001f5d34914e0: 7749 89af | b003 0000 | 4989 87a0 | 0300 0048 | 83ec 2040 | f6c4 0f0f | 8419 0000 | 0048 83ec 
  0x000001f5d3491500: 0848 b870 | 9803 66fe | 7f00 00ff | d048 83c4 | 08e9 0c00 | 0000 48b8 | 7098 0366 | fe7f 0000 
  0x000001f5d3491520: ffd0 4883 | c420 49c7 | 87a0 0300 | 0000 0000 | 0049 c787 | b003 0000 | 0000 0000 | 49c7 87a8 
  0x000001f5d3491540: 0300 0000 | 0000 00c5 | f877 418b | 8f2c 0500 | 00f6 c101 | 0f84 4200 | 0000 f6c1 | 020f 8539 
  0x000001f5d3491560: 0000 0048 | 83ec 2040 | f6c4 0f0f | 8419 0000 | 0048 83ec | 0848 b8b0 | 6203 66fe | 7f00 00ff 
  0x000001f5d3491580: d048 83c4 | 08e9 0c00 | 0000 48b8 | b062 0366 | fe7f 0000 | ffd0 4883 | c420 ffe0 | 498b 8fd8 
  0x000001f5d34915a0: 0500 0048 | 85c9 0f84 | 5500 0000 | 8b89 9c00 | 0000 83f9 | 010f 8546 | 0000 0049 | 8b8f d805 
  0x000001f5d34915c0: 0000 8b89 | a000 0000 | 4883 ec20 | 40f6 c40f | 0f84 1900 | 0000 4883 | ec08 48b8 | a062 0366 
  0x000001f5d34915e0: fe7f 0000 | ffd0 4883 | c408 e90c | 0000 0048 | b8a0 6203 | 66fe 7f00 | 00ff d048 | 83c4 20ff 
  0x000001f5d3491600: e049 837f | 0800 0f84 | 0500 0000 | e9af f8fe | ff4c 8b6d | c04c 8b75 | c84e 8d74 | f500 c348 
  0x000001f5d3491620: 8b5d e8e9 | c7ef ffff 
[/MachCode]

---------------  P R O C E S S  ---------------

Threads class SMR info:
_java_thread_list=0x000001f5c1209610, length=18, elements={
0x000001f5c818e030, 0x000001f5e63287e0, 0x000001f5e632a5b0, 0x000001f5e632ba30,
0x000001f5e632e950, 0x000001f5e6337850, 0x000001f5e633b8b0, 0x000001f5e6348f60,
0x000001f5e634e780, 0x000001f5e6338430, 0x000001f5c12aab80, 0x000001f5c12f6010,
0x000001f5c12fca40, 0x000001f5e63397e0, 0x000001f5e6338ac0, 0x000001f5e6339150,
0x000001f5e633a500, 0x000001f5e6339e70
}

Java Threads: ( => current thread )
  0x000001f5c818e030 JavaThread "main"                              [_thread_blocked, id=31100, stack(0x000000dfc0d00000,0x000000dfc0e00000) (1024K)]
  0x000001f5e63287e0 JavaThread "Reference Handler"          daemon [_thread_blocked, id=16720, stack(0x000000dfc1500000,0x000000dfc1600000) (1024K)]
  0x000001f5e632a5b0 JavaThread "Finalizer"                  daemon [_thread_blocked, id=32656, stack(0x000000dfc1600000,0x000000dfc1700000) (1024K)]
  0x000001f5e632ba30 JavaThread "Signal Dispatcher"          daemon [_thread_blocked, id=25540, stack(0x000000dfc1700000,0x000000dfc1800000) (1024K)]
  0x000001f5e632e950 JavaThread "Attach Listener"            daemon [_thread_blocked, id=5908, stack(0x000000dfc1800000,0x000000dfc1900000) (1024K)]
  0x000001f5e6337850 JavaThread "Service Thread"             daemon [_thread_blocked, id=17520, stack(0x000000dfc1900000,0x000000dfc1a00000) (1024K)]
  0x000001f5e633b8b0 JavaThread "Monitor Deflation Thread"   daemon [_thread_blocked, id=8680, stack(0x000000dfc1a00000,0x000000dfc1b00000) (1024K)]
  0x000001f5e6348f60 JavaThread "C2 CompilerThread0"         daemon [_thread_blocked, id=29248, stack(0x000000dfc1b00000,0x000000dfc1c00000) (1024K)]
  0x000001f5e634e780 JavaThread "C1 CompilerThread0"         daemon [_thread_blocked, id=4840, stack(0x000000dfc1c00000,0x000000dfc1d00000) (1024K)]
  0x000001f5e6338430 JavaThread "Common-Cleaner"             daemon [_thread_blocked, id=33128, stack(0x000000dfc1d00000,0x000000dfc1e00000) (1024K)]
  0x000001f5c12aab80 JavaThread "JDWP Transport Listener: dt_socket" daemon [_thread_blocked, id=37300, stack(0x000000dfc2000000,0x000000dfc2100000) (1024K)]
  0x000001f5c12f6010 JavaThread "JDWP Event Helper Thread"   daemon [_thread_blocked, id=35188, stack(0x000000dfc2100000,0x000000dfc2200000) (1024K)]
  0x000001f5c12fca40 JavaThread "JDWP Command Reader"        daemon [_thread_in_native, id=26304, stack(0x000000dfc2200000,0x000000dfc2300000) (1024K)]
  0x000001f5e63397e0 JavaThread "Notification Thread"        daemon [_thread_blocked, id=6656, stack(0x000000dfc2300000,0x000000dfc2400000) (1024K)]
  0x000001f5e6338ac0 JavaThread "Java2D Disposer"            daemon [_thread_blocked, id=36624, stack(0x000000dfc2500000,0x000000dfc2600000) (1024K)]
  0x000001f5e6339150 JavaThread "AWT-Windows"                daemon [_thread_in_native, id=37280, stack(0x000000dfc2700000,0x000000dfc2800000) (1024K)]
  0x000001f5e633a500 JavaThread "AWT-Shutdown"                      [_thread_blocked, id=40436, stack(0x000000dfc0c00000,0x000000dfc0d00000) (1024K)]
=>0x000001f5e6339e70 JavaThread "AWT-EventQueue-0"                  [_thread_in_native, id=41424, stack(0x000000dfc1e00000,0x000000dfc1f00000) (1024K)]
Total: 18

Other Threads:
  0x000001f5e630ef70 VMThread "VM Thread"                           [id=27692, stack(0x000000dfc1400000,0x000000dfc1500000) (1024K)]
  0x000001f5c1080fa0 WatcherThread "VM Periodic Task Thread"        [id=7420, stack(0x000000dfc1300000,0x000000dfc1400000) (1024K)]
  0x000001f5c8238b60 WorkerThread "GC Thread#0"                     [id=1120, stack(0x000000dfc0e00000,0x000000dfc0f00000) (1024K)]
  0x000001f5e6150080 ConcurrentGCThread "G1 Main Marker"            [id=36108, stack(0x000000dfc0f00000,0x000000dfc1000000) (1024K)]
  0x000001f5e6150b90 WorkerThread "G1 Conc#0"                       [id=30940, stack(0x000000dfc1000000,0x000000dfc1100000) (1024K)]
  0x000001f5e6251f00 ConcurrentGCThread "G1 Refine#0"               [id=37000, stack(0x000000dfc1100000,0x000000dfc1200000) (1024K)]
  0x000001f5e6252a80 ConcurrentGCThread "G1 Service"                [id=25812, stack(0x000000dfc1200000,0x000000dfc1300000) (1024K)]
Total: 7

Threads with active compile tasks:
Total: 0

VM state: not at safepoint (normal execution)

VM Mutex/Monitor currently owned by a thread: None

Heap address: 0x0000000604000000, size: 8128 MB, Compressed Oops mode: Zero based, Oop shift amount: 3

CDS archive(s) mapped at: [0x000001f580000000-0x000001f580d70000-0x000001f580d70000), size 14090240, SharedBaseAddress: 0x000001f580000000, ArchiveRelocationMode: 1.
Compressed class space mapped at: 0x000001f581000000-0x000001f5c1000000, reserved size: 1073741824
Narrow klass base: 0x000001f580000000, Narrow klass shift: 0, Narrow klass range: 0x41000000

GC Precious Log:
 CardTable entry size: 512
 Card Set container configuration: InlinePtr #cards 4 size 8 Array Of Cards #cards 32 size 80 Howl #buckets 8 coarsen threshold 7372 Howl Bitmap #cards 1024 size 144 coarsen threshold 921 Card regions per heap region 1 cards per card region 8192
 CPUs: 28 total, 28 available
 Memory: 32509M
 Large Page Support: Disabled
 NUMA Support: Disabled
 Compressed Oops: Enabled (Zero based)
 Heap Region Size: 4M
 Heap Min Capacity: 8M
 Heap Initial Capacity: 508M
 Heap Max Capacity: 8128M
 Pre-touch: Disabled
 Parallel Workers: 20
 Concurrent Workers: 5
 Concurrent Refinement Workers: 20
 Periodic GC: Disabled

Heap:
 garbage-first heap   total reserved 8323072K, committed 520192K, used 12288K [0x0000000604000000, 0x0000000800000000)
  region size 4096K, 4 young (16384K), 0 survivors (0K)
 Metaspace       used 7071K, committed 7296K, reserved 1114112K
  class space    used 756K, committed 896K, reserved 1048576K

Heap Regions: E=young(eden), S=young(survivor), O=old, HS=humongous(starts), HC=humongous(continues), CS=collection set, F=free, TAMS=top-at-mark-start, PB=parsable bottom
|   0|0x0000000604000000, 0x0000000604000000, 0x0000000604400000|  0%| F|  |TAMS 0x0000000604000000| PB 0x0000000604000000| Untracked |  0
|   1|0x0000000604400000, 0x0000000604400000, 0x0000000604800000|  0%| F|  |TAMS 0x0000000604400000| PB 0x0000000604400000| Untracked |  0
|   2|0x0000000604800000, 0x0000000604800000, 0x0000000604c00000|  0%| F|  |TAMS 0x0000000604800000| PB 0x0000000604800000| Untracked |  0
|   3|0x0000000604c00000, 0x0000000604c00000, 0x0000000605000000|  0%| F|  |TAMS 0x0000000604c00000| PB 0x0000000604c00000| Untracked |  0
|   4|0x0000000605000000, 0x0000000605000000, 0x0000000605400000|  0%| F|  |TAMS 0x0000000605000000| PB 0x0000000605000000| Untracked |  0
|   5|0x0000000605400000, 0x0000000605400000, 0x0000000605800000|  0%| F|  |TAMS 0x0000000605400000| PB 0x0000000605400000| Untracked |  0
|   6|0x0000000605800000, 0x0000000605800000, 0x0000000605c00000|  0%| F|  |TAMS 0x0000000605800000| PB 0x0000000605800000| Untracked |  0
|   7|0x0000000605c00000, 0x0000000605c00000, 0x0000000606000000|  0%| F|  |TAMS 0x0000000605c00000| PB 0x0000000605c00000| Untracked |  0
|   8|0x0000000606000000, 0x0000000606000000, 0x0000000606400000|  0%| F|  |TAMS 0x0000000606000000| PB 0x0000000606000000| Untracked |  0
|   9|0x0000000606400000, 0x0000000606400000, 0x0000000606800000|  0%| F|  |TAMS 0x0000000606400000| PB 0x0000000606400000| Untracked |  0
|  10|0x0000000606800000, 0x0000000606800000, 0x0000000606c00000|  0%| F|  |TAMS 0x0000000606800000| PB 0x0000000606800000| Untracked |  0
|  11|0x0000000606c00000, 0x0000000606c00000, 0x0000000607000000|  0%| F|  |TAMS 0x0000000606c00000| PB 0x0000000606c00000| Untracked |  0
|  12|0x0000000607000000, 0x0000000607000000, 0x0000000607400000|  0%| F|  |TAMS 0x0000000607000000| PB 0x0000000607000000| Untracked |  0
|  13|0x0000000607400000, 0x0000000607400000, 0x0000000607800000|  0%| F|  |TAMS 0x0000000607400000| PB 0x0000000607400000| Untracked |  0
|  14|0x0000000607800000, 0x0000000607800000, 0x0000000607c00000|  0%| F|  |TAMS 0x0000000607800000| PB 0x0000000607800000| Untracked |  0
|  15|0x0000000607c00000, 0x0000000607c00000, 0x0000000608000000|  0%| F|  |TAMS 0x0000000607c00000| PB 0x0000000607c00000| Untracked |  0
|  16|0x0000000608000000, 0x0000000608000000, 0x0000000608400000|  0%| F|  |TAMS 0x0000000608000000| PB 0x0000000608000000| Untracked |  0
|  17|0x0000000608400000, 0x0000000608400000, 0x0000000608800000|  0%| F|  |TAMS 0x0000000608400000| PB 0x0000000608400000| Untracked |  0
|  18|0x0000000608800000, 0x0000000608800000, 0x0000000608c00000|  0%| F|  |TAMS 0x0000000608800000| PB 0x0000000608800000| Untracked |  0
|  19|0x0000000608c00000, 0x0000000608c00000, 0x0000000609000000|  0%| F|  |TAMS 0x0000000608c00000| PB 0x0000000608c00000| Untracked |  0
|  20|0x0000000609000000, 0x0000000609000000, 0x0000000609400000|  0%| F|  |TAMS 0x0000000609000000| PB 0x0000000609000000| Untracked |  0
|  21|0x0000000609400000, 0x0000000609400000, 0x0000000609800000|  0%| F|  |TAMS 0x0000000609400000| PB 0x0000000609400000| Untracked |  0
|  22|0x0000000609800000, 0x0000000609800000, 0x0000000609c00000|  0%| F|  |TAMS 0x0000000609800000| PB 0x0000000609800000| Untracked |  0
|  23|0x0000000609c00000, 0x0000000609c00000, 0x000000060a000000|  0%| F|  |TAMS 0x0000000609c00000| PB 0x0000000609c00000| Untracked |  0
|  24|0x000000060a000000, 0x000000060a000000, 0x000000060a400000|  0%| F|  |TAMS 0x000000060a000000| PB 0x000000060a000000| Untracked |  0
|  25|0x000000060a400000, 0x000000060a400000, 0x000000060a800000|  0%| F|  |TAMS 0x000000060a400000| PB 0x000000060a400000| Untracked |  0
|  26|0x000000060a800000, 0x000000060a800000, 0x000000060ac00000|  0%| F|  |TAMS 0x000000060a800000| PB 0x000000060a800000| Untracked |  0
|  27|0x000000060ac00000, 0x000000060ac00000, 0x000000060b000000|  0%| F|  |TAMS 0x000000060ac00000| PB 0x000000060ac00000| Untracked |  0
|  28|0x000000060b000000, 0x000000060b000000, 0x000000060b400000|  0%| F|  |TAMS 0x000000060b000000| PB 0x000000060b000000| Untracked |  0
|  29|0x000000060b400000, 0x000000060b400000, 0x000000060b800000|  0%| F|  |TAMS 0x000000060b400000| PB 0x000000060b400000| Untracked |  0
|  30|0x000000060b800000, 0x000000060b800000, 0x000000060bc00000|  0%| F|  |TAMS 0x000000060b800000| PB 0x000000060b800000| Untracked |  0
|  31|0x000000060bc00000, 0x000000060bc00000, 0x000000060c000000|  0%| F|  |TAMS 0x000000060bc00000| PB 0x000000060bc00000| Untracked |  0
|  32|0x000000060c000000, 0x000000060c000000, 0x000000060c400000|  0%| F|  |TAMS 0x000000060c000000| PB 0x000000060c000000| Untracked |  0
|  33|0x000000060c400000, 0x000000060c400000, 0x000000060c800000|  0%| F|  |TAMS 0x000000060c400000| PB 0x000000060c400000| Untracked |  0
|  34|0x000000060c800000, 0x000000060c800000, 0x000000060cc00000|  0%| F|  |TAMS 0x000000060c800000| PB 0x000000060c800000| Untracked |  0
|  35|0x000000060cc00000, 0x000000060cc00000, 0x000000060d000000|  0%| F|  |TAMS 0x000000060cc00000| PB 0x000000060cc00000| Untracked |  0
|  36|0x000000060d000000, 0x000000060d000000, 0x000000060d400000|  0%| F|  |TAMS 0x000000060d000000| PB 0x000000060d000000| Untracked |  0
|  37|0x000000060d400000, 0x000000060d400000, 0x000000060d800000|  0%| F|  |TAMS 0x000000060d400000| PB 0x000000060d400000| Untracked |  0
|  38|0x000000060d800000, 0x000000060d800000, 0x000000060dc00000|  0%| F|  |TAMS 0x000000060d800000| PB 0x000000060d800000| Untracked |  0
|  39|0x000000060dc00000, 0x000000060dc00000, 0x000000060e000000|  0%| F|  |TAMS 0x000000060dc00000| PB 0x000000060dc00000| Untracked |  0
|  40|0x000000060e000000, 0x000000060e000000, 0x000000060e400000|  0%| F|  |TAMS 0x000000060e000000| PB 0x000000060e000000| Untracked |  0
|  41|0x000000060e400000, 0x000000060e400000, 0x000000060e800000|  0%| F|  |TAMS 0x000000060e400000| PB 0x000000060e400000| Untracked |  0
|  42|0x000000060e800000, 0x000000060e800000, 0x000000060ec00000|  0%| F|  |TAMS 0x000000060e800000| PB 0x000000060e800000| Untracked |  0
|  43|0x000000060ec00000, 0x000000060ec00000, 0x000000060f000000|  0%| F|  |TAMS 0x000000060ec00000| PB 0x000000060ec00000| Untracked |  0
|  44|0x000000060f000000, 0x000000060f000000, 0x000000060f400000|  0%| F|  |TAMS 0x000000060f000000| PB 0x000000060f000000| Untracked |  0
|  45|0x000000060f400000, 0x000000060f400000, 0x000000060f800000|  0%| F|  |TAMS 0x000000060f400000| PB 0x000000060f400000| Untracked |  0
|  46|0x000000060f800000, 0x000000060f800000, 0x000000060fc00000|  0%| F|  |TAMS 0x000000060f800000| PB 0x000000060f800000| Untracked |  0
|  47|0x000000060fc00000, 0x000000060fc00000, 0x0000000610000000|  0%| F|  |TAMS 0x000000060fc00000| PB 0x000000060fc00000| Untracked |  0
|  48|0x0000000610000000, 0x0000000610000000, 0x0000000610400000|  0%| F|  |TAMS 0x0000000610000000| PB 0x0000000610000000| Untracked |  0
|  49|0x0000000610400000, 0x0000000610400000, 0x0000000610800000|  0%| F|  |TAMS 0x0000000610400000| PB 0x0000000610400000| Untracked |  0
|  50|0x0000000610800000, 0x0000000610800000, 0x0000000610c00000|  0%| F|  |TAMS 0x0000000610800000| PB 0x0000000610800000| Untracked |  0
|  51|0x0000000610c00000, 0x0000000610c00000, 0x0000000611000000|  0%| F|  |TAMS 0x0000000610c00000| PB 0x0000000610c00000| Untracked |  0
|  52|0x0000000611000000, 0x0000000611000000, 0x0000000611400000|  0%| F|  |TAMS 0x0000000611000000| PB 0x0000000611000000| Untracked |  0
|  53|0x0000000611400000, 0x0000000611400000, 0x0000000611800000|  0%| F|  |TAMS 0x0000000611400000| PB 0x0000000611400000| Untracked |  0
|  54|0x0000000611800000, 0x0000000611800000, 0x0000000611c00000|  0%| F|  |TAMS 0x0000000611800000| PB 0x0000000611800000| Untracked |  0
|  55|0x0000000611c00000, 0x0000000611c00000, 0x0000000612000000|  0%| F|  |TAMS 0x0000000611c00000| PB 0x0000000611c00000| Untracked |  0
|  56|0x0000000612000000, 0x0000000612000000, 0x0000000612400000|  0%| F|  |TAMS 0x0000000612000000| PB 0x0000000612000000| Untracked |  0
|  57|0x0000000612400000, 0x0000000612400000, 0x0000000612800000|  0%| F|  |TAMS 0x0000000612400000| PB 0x0000000612400000| Untracked |  0
|  58|0x0000000612800000, 0x0000000612800000, 0x0000000612c00000|  0%| F|  |TAMS 0x0000000612800000| PB 0x0000000612800000| Untracked |  0
|  59|0x0000000612c00000, 0x0000000612c00000, 0x0000000613000000|  0%| F|  |TAMS 0x0000000612c00000| PB 0x0000000612c00000| Untracked |  0
|  60|0x0000000613000000, 0x0000000613000000, 0x0000000613400000|  0%| F|  |TAMS 0x0000000613000000| PB 0x0000000613000000| Untracked |  0
|  61|0x0000000613400000, 0x0000000613400000, 0x0000000613800000|  0%| F|  |TAMS 0x0000000613400000| PB 0x0000000613400000| Untracked |  0
|  62|0x0000000613800000, 0x0000000613800000, 0x0000000613c00000|  0%| F|  |TAMS 0x0000000613800000| PB 0x0000000613800000| Untracked |  0
|  63|0x0000000613c00000, 0x0000000613c00000, 0x0000000614000000|  0%| F|  |TAMS 0x0000000613c00000| PB 0x0000000613c00000| Untracked |  0
|  64|0x0000000614000000, 0x0000000614000000, 0x0000000614400000|  0%| F|  |TAMS 0x0000000614000000| PB 0x0000000614000000| Untracked |  0
|  65|0x0000000614400000, 0x0000000614400000, 0x0000000614800000|  0%| F|  |TAMS 0x0000000614400000| PB 0x0000000614400000| Untracked |  0
|  66|0x0000000614800000, 0x0000000614800000, 0x0000000614c00000|  0%| F|  |TAMS 0x0000000614800000| PB 0x0000000614800000| Untracked |  0
|  67|0x0000000614c00000, 0x0000000614c00000, 0x0000000615000000|  0%| F|  |TAMS 0x0000000614c00000| PB 0x0000000614c00000| Untracked |  0
|  68|0x0000000615000000, 0x0000000615000000, 0x0000000615400000|  0%| F|  |TAMS 0x0000000615000000| PB 0x0000000615000000| Untracked |  0
|  69|0x0000000615400000, 0x0000000615400000, 0x0000000615800000|  0%| F|  |TAMS 0x0000000615400000| PB 0x0000000615400000| Untracked |  0
|  70|0x0000000615800000, 0x0000000615800000, 0x0000000615c00000|  0%| F|  |TAMS 0x0000000615800000| PB 0x0000000615800000| Untracked |  0
|  71|0x0000000615c00000, 0x0000000615c00000, 0x0000000616000000|  0%| F|  |TAMS 0x0000000615c00000| PB 0x0000000615c00000| Untracked |  0
|  72|0x0000000616000000, 0x0000000616000000, 0x0000000616400000|  0%| F|  |TAMS 0x0000000616000000| PB 0x0000000616000000| Untracked |  0
|  73|0x0000000616400000, 0x0000000616400000, 0x0000000616800000|  0%| F|  |TAMS 0x0000000616400000| PB 0x0000000616400000| Untracked |  0
|  74|0x0000000616800000, 0x0000000616800000, 0x0000000616c00000|  0%| F|  |TAMS 0x0000000616800000| PB 0x0000000616800000| Untracked |  0
|  75|0x0000000616c00000, 0x0000000616c00000, 0x0000000617000000|  0%| F|  |TAMS 0x0000000616c00000| PB 0x0000000616c00000| Untracked |  0
|  76|0x0000000617000000, 0x0000000617000000, 0x0000000617400000|  0%| F|  |TAMS 0x0000000617000000| PB 0x0000000617000000| Untracked |  0
|  77|0x0000000617400000, 0x0000000617400000, 0x0000000617800000|  0%| F|  |TAMS 0x0000000617400000| PB 0x0000000617400000| Untracked |  0
|  78|0x0000000617800000, 0x0000000617800000, 0x0000000617c00000|  0%| F|  |TAMS 0x0000000617800000| PB 0x0000000617800000| Untracked |  0
|  79|0x0000000617c00000, 0x0000000617c00000, 0x0000000618000000|  0%| F|  |TAMS 0x0000000617c00000| PB 0x0000000617c00000| Untracked |  0
|  80|0x0000000618000000, 0x0000000618000000, 0x0000000618400000|  0%| F|  |TAMS 0x0000000618000000| PB 0x0000000618000000| Untracked |  0
|  81|0x0000000618400000, 0x0000000618400000, 0x0000000618800000|  0%| F|  |TAMS 0x0000000618400000| PB 0x0000000618400000| Untracked |  0
|  82|0x0000000618800000, 0x0000000618800000, 0x0000000618c00000|  0%| F|  |TAMS 0x0000000618800000| PB 0x0000000618800000| Untracked |  0
|  83|0x0000000618c00000, 0x0000000618c00000, 0x0000000619000000|  0%| F|  |TAMS 0x0000000618c00000| PB 0x0000000618c00000| Untracked |  0
|  84|0x0000000619000000, 0x0000000619000000, 0x0000000619400000|  0%| F|  |TAMS 0x0000000619000000| PB 0x0000000619000000| Untracked |  0
|  85|0x0000000619400000, 0x0000000619400000, 0x0000000619800000|  0%| F|  |TAMS 0x0000000619400000| PB 0x0000000619400000| Untracked |  0
|  86|0x0000000619800000, 0x0000000619800000, 0x0000000619c00000|  0%| F|  |TAMS 0x0000000619800000| PB 0x0000000619800000| Untracked |  0
|  87|0x0000000619c00000, 0x0000000619c00000, 0x000000061a000000|  0%| F|  |TAMS 0x0000000619c00000| PB 0x0000000619c00000| Untracked |  0
|  88|0x000000061a000000, 0x000000061a000000, 0x000000061a400000|  0%| F|  |TAMS 0x000000061a000000| PB 0x000000061a000000| Untracked |  0
|  89|0x000000061a400000, 0x000000061a400000, 0x000000061a800000|  0%| F|  |TAMS 0x000000061a400000| PB 0x000000061a400000| Untracked |  0
|  90|0x000000061a800000, 0x000000061a800000, 0x000000061ac00000|  0%| F|  |TAMS 0x000000061a800000| PB 0x000000061a800000| Untracked |  0
|  91|0x000000061ac00000, 0x000000061ac00000, 0x000000061b000000|  0%| F|  |TAMS 0x000000061ac00000| PB 0x000000061ac00000| Untracked |  0
|  92|0x000000061b000000, 0x000000061b000000, 0x000000061b400000|  0%| F|  |TAMS 0x000000061b000000| PB 0x000000061b000000| Untracked |  0
|  93|0x000000061b400000, 0x000000061b400000, 0x000000061b800000|  0%| F|  |TAMS 0x000000061b400000| PB 0x000000061b400000| Untracked |  0
|  94|0x000000061b800000, 0x000000061b800000, 0x000000061bc00000|  0%| F|  |TAMS 0x000000061b800000| PB 0x000000061b800000| Untracked |  0
|  95|0x000000061bc00000, 0x000000061bc00000, 0x000000061c000000|  0%| F|  |TAMS 0x000000061bc00000| PB 0x000000061bc00000| Untracked |  0
|  96|0x000000061c000000, 0x000000061c000000, 0x000000061c400000|  0%| F|  |TAMS 0x000000061c000000| PB 0x000000061c000000| Untracked |  0
|  97|0x000000061c400000, 0x000000061c400000, 0x000000061c800000|  0%| F|  |TAMS 0x000000061c400000| PB 0x000000061c400000| Untracked |  0
|  98|0x000000061c800000, 0x000000061c800000, 0x000000061cc00000|  0%| F|  |TAMS 0x000000061c800000| PB 0x000000061c800000| Untracked |  0
|  99|0x000000061cc00000, 0x000000061cc00000, 0x000000061d000000|  0%| F|  |TAMS 0x000000061cc00000| PB 0x000000061cc00000| Untracked |  0
| 100|0x000000061d000000, 0x000000061d000000, 0x000000061d400000|  0%| F|  |TAMS 0x000000061d000000| PB 0x000000061d000000| Untracked |  0
| 101|0x000000061d400000, 0x000000061d400000, 0x000000061d800000|  0%| F|  |TAMS 0x000000061d400000| PB 0x000000061d400000| Untracked |  0
| 102|0x000000061d800000, 0x000000061d800000, 0x000000061dc00000|  0%| F|  |TAMS 0x000000061d800000| PB 0x000000061d800000| Untracked |  0
| 103|0x000000061dc00000, 0x000000061dc00000, 0x000000061e000000|  0%| F|  |TAMS 0x000000061dc00000| PB 0x000000061dc00000| Untracked |  0
| 104|0x000000061e000000, 0x000000061e000000, 0x000000061e400000|  0%| F|  |TAMS 0x000000061e000000| PB 0x000000061e000000| Untracked |  0
| 105|0x000000061e400000, 0x000000061e400000, 0x000000061e800000|  0%| F|  |TAMS 0x000000061e400000| PB 0x000000061e400000| Untracked |  0
| 106|0x000000061e800000, 0x000000061e800000, 0x000000061ec00000|  0%| F|  |TAMS 0x000000061e800000| PB 0x000000061e800000| Untracked |  0
| 107|0x000000061ec00000, 0x000000061ec00000, 0x000000061f000000|  0%| F|  |TAMS 0x000000061ec00000| PB 0x000000061ec00000| Untracked |  0
| 108|0x000000061f000000, 0x000000061f000000, 0x000000061f400000|  0%| F|  |TAMS 0x000000061f000000| PB 0x000000061f000000| Untracked |  0
| 109|0x000000061f400000, 0x000000061f400000, 0x000000061f800000|  0%| F|  |TAMS 0x000000061f400000| PB 0x000000061f400000| Untracked |  0
| 110|0x000000061f800000, 0x000000061f800000, 0x000000061fc00000|  0%| F|  |TAMS 0x000000061f800000| PB 0x000000061f800000| Untracked |  0
| 111|0x000000061fc00000, 0x000000061fc00000, 0x0000000620000000|  0%| F|  |TAMS 0x000000061fc00000| PB 0x000000061fc00000| Untracked |  0
| 112|0x0000000620000000, 0x0000000620000000, 0x0000000620400000|  0%| F|  |TAMS 0x0000000620000000| PB 0x0000000620000000| Untracked |  0
| 113|0x0000000620400000, 0x0000000620400000, 0x0000000620800000|  0%| F|  |TAMS 0x0000000620400000| PB 0x0000000620400000| Untracked |  0
| 114|0x0000000620800000, 0x0000000620800000, 0x0000000620c00000|  0%| F|  |TAMS 0x0000000620800000| PB 0x0000000620800000| Untracked |  0
| 115|0x0000000620c00000, 0x0000000620c00000, 0x0000000621000000|  0%| F|  |TAMS 0x0000000620c00000| PB 0x0000000620c00000| Untracked |  0
| 116|0x0000000621000000, 0x0000000621000000, 0x0000000621400000|  0%| F|  |TAMS 0x0000000621000000| PB 0x0000000621000000| Untracked |  0
| 117|0x0000000621400000, 0x0000000621400000, 0x0000000621800000|  0%| F|  |TAMS 0x0000000621400000| PB 0x0000000621400000| Untracked |  0
| 118|0x0000000621800000, 0x0000000621800000, 0x0000000621c00000|  0%| F|  |TAMS 0x0000000621800000| PB 0x0000000621800000| Untracked |  0
| 119|0x0000000621c00000, 0x0000000621c00000, 0x0000000622000000|  0%| F|  |TAMS 0x0000000621c00000| PB 0x0000000621c00000| Untracked |  0
| 120|0x0000000622000000, 0x0000000622000000, 0x0000000622400000|  0%| F|  |TAMS 0x0000000622000000| PB 0x0000000622000000| Untracked |  0
| 121|0x0000000622400000, 0x0000000622400000, 0x0000000622800000|  0%| F|  |TAMS 0x0000000622400000| PB 0x0000000622400000| Untracked |  0
| 122|0x0000000622800000, 0x0000000622800000, 0x0000000622c00000|  0%| F|  |TAMS 0x0000000622800000| PB 0x0000000622800000| Untracked |  0
| 123|0x0000000622c00000, 0x0000000623000000, 0x0000000623000000|100%| E|  |TAMS 0x0000000622c00000| PB 0x0000000622c00000| Complete |  0
| 124|0x0000000623000000, 0x0000000623400000, 0x0000000623400000|100%| E|CS|TAMS 0x0000000623000000| PB 0x0000000623000000| Complete |  0
| 125|0x0000000623400000, 0x0000000623800000, 0x0000000623800000|100%| E|CS|TAMS 0x0000000623400000| PB 0x0000000623400000| Complete |  0
| 126|0x0000000623800000, 0x0000000623c00000, 0x0000000623c00000|100%| E|CS|TAMS 0x0000000623800000| PB 0x0000000623800000| Complete |  0

Card table byte_map: [0x000001f5dd120000,0x000001f5de100000] _byte_map_base: 0x000001f5da100000

Marking Bits: (CMBitMap*) 0x000001f5c8239e80
 Bits: [0x000001f5de100000, 0x000001f5e6000000)

Polling page: 0x000001f5c5ff0000

Metaspace:

Usage:
  Non-class:      6.17 MB used.
      Class:    756.99 KB used.
       Both:      6.91 MB used.

Virtual space:
  Non-class space:       64.00 MB reserved,       6.25 MB ( 10%) committed,  1 nodes.
      Class space:        1.00 GB reserved,     896.00 KB ( <1%) committed,  1 nodes.
             Both:        1.06 GB reserved,       7.12 MB ( <1%) committed. 

Chunk freelists:
   Non-Class:  8.96 MB
       Class:  15.10 MB
        Both:  24.06 MB

MaxMetaspaceSize: unlimited
CompressedClassSpaceSize: 1.00 GB
Initial GC threshold: 21.00 MB
Current GC threshold: 21.00 MB
CDS: on
 - commit_granule_bytes: 65536.
 - commit_granule_words: 8192.
 - virtual_space_node_default_size: 8388608.
 - enlarge_chunks_in_place: 1.
 - use_allocation_guard: 0.


Internal statistics:

num_allocs_failed_limit: 0.
num_arena_births: 136.
num_arena_deaths: 0.
num_vsnodes_births: 2.
num_vsnodes_deaths: 0.
num_space_committed: 114.
num_space_uncommitted: 0.
num_chunks_returned_to_freelist: 0.
num_chunks_taken_from_freelist: 184.
num_chunk_merges: 0.
num_chunk_splits: 113.
num_chunks_enlarged: 54.
num_inconsistent_stats: 0.

CodeHeap 'non-profiled nmethods': size=119232Kb used=240Kb max_used=240Kb free=118991Kb
 bounds [0x000001f5d3bc0000, 0x000001f5d3e30000, 0x000001f5db030000]
CodeHeap 'profiled nmethods': size=119104Kb used=1020Kb max_used=1020Kb free=118083Kb
 bounds [0x000001f5cc030000, 0x000001f5cc2a0000, 0x000001f5d3480000]
CodeHeap 'non-nmethods': size=7424Kb used=1538Kb max_used=2673Kb free=5885Kb
 bounds [0x000001f5d3480000, 0x000001f5d3720000, 0x000001f5d3bc0000]
CodeCache: size=245760Kb, used=2798Kb, max_used=3933Kb, free=242959Kb
 total_blobs=1430, nmethods=862, adapters=474, full_count=0
Compilation: enabled, stopped_count=0, restarted_count=0

Compilation events (20 events):
Event: 363.385 Thread 0x000001f5e634e780  852       3       org.eclipse.jdt.launching.internal.org.objectweb.asm.ClassReader::readStringish (16 bytes)
Event: 363.385 Thread 0x000001f5e634e780 nmethod 852 0x000001f5cc12d188 code [0x000001f5cc12d2e0, 0x000001f5cc12d610]
Event: 363.385 Thread 0x000001f5e634e780  855       1       org.eclipse.jdt.launching.internal.org.objectweb.asm.SymbolTable::getMajorVersion (5 bytes)
Event: 363.385 Thread 0x000001f5e634e780 nmethod 855 0x000001f5d3bfbd88 code [0x000001f5d3bfbea0, 0x000001f5d3bfbf68]
Event: 389.480 Thread 0x000001f5e634e780  856       3       org.eclipse.jdt.launching.internal.org.objectweb.asm.SymbolTable$Entry::<init> (20 bytes)
Event: 389.480 Thread 0x000001f5e634e780 nmethod 856 0x000001f5cc12d688 code [0x000001f5cc12d7a0, 0x000001f5cc12d940]
Event: 389.480 Thread 0x000001f5e634e780  857       3       org.eclipse.jdt.launching.internal.org.objectweb.asm.SymbolTable::addConstantMemberReference (29 bytes)
Event: 389.480 Thread 0x000001f5e634e780 nmethod 857 0x000001f5cc12d988 code [0x000001f5cc12db00, 0x000001f5cc12deb0]
Event: 389.480 Thread 0x000001f5e634e780  858       3       org.eclipse.jdt.launching.internal.org.objectweb.asm.SymbolTable::hash (20 bytes)
Event: 389.480 Thread 0x000001f5e634e780 nmethod 858 0x000001f5cc12df08 code [0x000001f5cc12e040, 0x000001f5cc12e208]
Event: 389.480 Thread 0x000001f5e634e780  862       3       org.eclipse.jdt.launching.internal.org.objectweb.asm.ClassReader::readInt (52 bytes)
Event: 389.480 Thread 0x000001f5e634e780 nmethod 862 0x000001f5cc12e288 code [0x000001f5cc12e3a0, 0x000001f5cc12e578]
Event: 389.480 Thread 0x000001f5e634e780  859       3       org.eclipse.jdt.launching.internal.org.objectweb.asm.SymbolTable::addConstantNameAndType (28 bytes)
Event: 389.482 Thread 0x000001f5e634e780 

Event: 389.482 Thread 0x000001f5e634e780  860       3       org.eclipse.jdt.launching.internal.org.objectweb.asm.SymbolTable::hash (15 bytes)
Event: 389.482 Thread 0x000001f5e634e780 nmethod 860 0x000001f5cc12e608 code [0x000001f5cc12e740, 0x000001f5cc12e8c8]
Event: 389.482 Thread 0x000001f5e634e780  861       3       org.eclipse.jdt.launching.internal.org.objectweb.asm.SymbolTable$Entry::<init> (18 bytes)
Event: 389.482 Thread 0x000001f5e634e780 nmethod 861 0x000001f5cc12e908 code [0x000001f5cc12ea20, 0x000001f5cc12ebb8]
Event: 390.153 Thread 0x000001f5e634e780  864       3       java.lang.ref.PhantomReference::<init> (7 bytes)
Event: 390.154 Thread 0x000001f5e634e780 nmethod 864 0x000001f5cc12ec08 code [0x000001f5cc12ed40, 0x000001f5cc12f018]

GC Heap History (0 events):
No events

Dll operation events (9 events):
Event: 0.005 Loaded shared library C:\Users\adams\.p2\pool\plugins\org.eclipse.justj.openjdk.hotspot.jre.full.win32.x86_64_23.0.0.v20240919-1706\jre\bin\java.dll
Event: 0.030 Loaded shared library C:\Users\adams\.p2\pool\plugins\org.eclipse.justj.openjdk.hotspot.jre.full.win32.x86_64_23.0.0.v20240919-1706\jre\bin\net.dll
Event: 0.030 Loaded shared library C:\Users\adams\.p2\pool\plugins\org.eclipse.justj.openjdk.hotspot.jre.full.win32.x86_64_23.0.0.v20240919-1706\jre\bin\nio.dll
Event: 0.033 Loaded shared library C:\Users\adams\.p2\pool\plugins\org.eclipse.justj.openjdk.hotspot.jre.full.win32.x86_64_23.0.0.v20240919-1706\jre\bin\zip.dll
Event: 0.107 Loaded shared library C:\Users\adams\.p2\pool\plugins\org.eclipse.justj.openjdk.hotspot.jre.full.win32.x86_64_23.0.0.v20240919-1706\jre\bin\instrument.dll
Event: 0.109 Loaded shared library C:\Users\adams\.p2\pool\plugins\org.eclipse.justj.openjdk.hotspot.jre.full.win32.x86_64_23.0.0.v20240919-1706\jre\bin\zip.dll
Event: 0.157 Loaded shared library C:\Users\adams\.p2\pool\plugins\org.eclipse.justj.openjdk.hotspot.jre.full.win32.x86_64_23.0.0.v20240919-1706\jre\bin\jimage.dll
Event: 0.182 Loaded shared library C:\Users\adams\.p2\pool\plugins\org.eclipse.justj.openjdk.hotspot.jre.full.win32.x86_64_23.0.0.v20240919-1706\jre\bin\verify.dll
Event: 0.209 Loaded shared library C:\Users\adams\.p2\pool\plugins\org.eclipse.justj.openjdk.hotspot.jre.full.win32.x86_64_23.0.0.v20240919-1706\jre\bin\awt.dll

Deoptimization events (20 events):
Event: 0.188 Thread 0x000001f5c818e030 DEOPT PACKING pc=0x000001f5cc0ab51c sp=0x000000dfc0dfc820
Event: 0.188 Thread 0x000001f5c818e030 DEOPT UNPACKING pc=0x000001f5d34d4b22 sp=0x000000dfc0dfbca8 mode 0
Event: 0.189 Thread 0x000001f5c818e030 DEOPT PACKING pc=0x000001f5cc0ab51c sp=0x000000dfc0df8dd0
Event: 0.189 Thread 0x000001f5c818e030 DEOPT UNPACKING pc=0x000001f5d34d4b22 sp=0x000000dfc0df8258 mode 0
Event: 0.190 Thread 0x000001f5c818e030 DEOPT PACKING pc=0x000001f5cc0ab383 sp=0x000000dfc0dfc750
Event: 0.190 Thread 0x000001f5c818e030 DEOPT UNPACKING pc=0x000001f5d34d4b22 sp=0x000000dfc0dfbbd8 mode 0
Event: 0.191 Thread 0x000001f5c818e030 DEOPT PACKING pc=0x000001f5cc0ab383 sp=0x000000dfc0dfc5e0
Event: 0.191 Thread 0x000001f5c818e030 DEOPT UNPACKING pc=0x000001f5d34d4b22 sp=0x000000dfc0dfba68 mode 0
Event: 0.191 Thread 0x000001f5c818e030 DEOPT PACKING pc=0x000001f5cc0ab383 sp=0x000000dfc0dfc820
Event: 0.191 Thread 0x000001f5c818e030 DEOPT UNPACKING pc=0x000001f5d34d4b22 sp=0x000000dfc0dfbca8 mode 0
Event: 0.193 Thread 0x000001f5c818e030 DEOPT PACKING pc=0x000001f5cc0ab51c sp=0x000000dfc0df8a40
Event: 0.193 Thread 0x000001f5c818e030 DEOPT UNPACKING pc=0x000001f5d34d4b22 sp=0x000000dfc0df7ec8 mode 0
Event: 0.193 Thread 0x000001f5c818e030 DEOPT PACKING pc=0x000001f5cc0ab51c sp=0x000000dfc0df8a40
Event: 0.193 Thread 0x000001f5c818e030 DEOPT UNPACKING pc=0x000001f5d34d4b22 sp=0x000000dfc0df7ec8 mode 0
Event: 0.194 Thread 0x000001f5c818e030 DEOPT PACKING pc=0x000001f5cc0ab51c sp=0x000000dfc0df8a40
Event: 0.194 Thread 0x000001f5c818e030 DEOPT UNPACKING pc=0x000001f5d34d4b22 sp=0x000000dfc0df7ec8 mode 0
Event: 0.194 Thread 0x000001f5c818e030 DEOPT PACKING pc=0x000001f5cc0ab51c sp=0x000000dfc0df8a40
Event: 0.194 Thread 0x000001f5c818e030 DEOPT UNPACKING pc=0x000001f5d34d4b22 sp=0x000000dfc0df7ec8 mode 0
Event: 0.194 Thread 0x000001f5c818e030 DEOPT PACKING pc=0x000001f5cc0ab383 sp=0x000000dfc0df8a40
Event: 0.194 Thread 0x000001f5c818e030 DEOPT UNPACKING pc=0x000001f5d34d4b22 sp=0x000000dfc0df7ec8 mode 0

Classes loaded (20 events):
Event: 390.154 Loading class java/awt/ModalEventFilter
Event: 390.154 Loading class java/awt/ModalEventFilter done
Event: 390.154 Loading class java/awt/EventFilter$FilterAction
Event: 390.154 Loading class java/awt/EventFilter$FilterAction done
Event: 390.154 Loading class sun/awt/dnd/SunDragSourceContextPeer
Event: 390.154 Loading class java/awt/dnd/peer/DragSourceContextPeer
Event: 390.154 Loading class java/awt/dnd/peer/DragSourceContextPeer done
Event: 390.154 Loading class sun/awt/dnd/SunDragSourceContextPeer done
Event: 390.154 Loading class java/awt/EventQueue$4
Event: 390.155 Loading class java/awt/EventQueue$4 done
Event: 390.155 Loading class java/awt/MenuComponent
Event: 390.155 Loading class java/awt/MenuComponent done
Event: 390.155 Loading class java/awt/TrayIcon
Event: 390.155 Loading class java/awt/TrayIcon done
Event: 390.155 Loading class java/awt/event/InputMethodEvent
Event: 390.155 Loading class java/awt/event/InputMethodEvent done
Event: 390.155 Loading class java/awt/event/ActionEvent
Event: 390.155 Loading class java/awt/event/ActionEvent done
Event: 390.155 Loading class java/util/ArrayList$ListItr
Event: 390.155 Loading class java/util/ArrayList$ListItr done

Classes unloaded (0 events):
No events

Classes redefined (3 events):
Event: 308.811 Thread 0x000001f5e630ef70 redefined class name=com.adamsotheran.rain.Game, count=1
Event: 363.383 Thread 0x000001f5e630ef70 redefined class name=com.adamsotheran.rain.Game, count=2
Event: 389.480 Thread 0x000001f5e630ef70 redefined class name=com.adamsotheran.rain.Game, count=3

Internal exceptions (14 events):
Event: 0.042 Thread 0x000001f5c818e030 Exception <a 'java/lang/NoSuchMethodError'{0x00000006239ad450}: 'void java.lang.invoke.DirectMethodHandle$Holder.invokeVirtual(java.lang.Object, java.lang.Object)'> (0x00000006239ad450) 
thrown [s\src\hotspot\share\interpreter\linkResolver.cpp, line 796]
Event: 0.043 Thread 0x000001f5c818e030 Exception <a 'java/lang/NoSuchMethodError'{0x00000006239b8c00}: 'java.lang.Object java.lang.invoke.DirectMethodHandle$Holder.invokeInterface(java.lang.Object, java.lang.Object, java.lang.Object)'> (0x00000006239b8c00) 
thrown [s\src\hotspot\share\interpreter\linkResolver.cpp, line 796]
Event: 0.130 Thread 0x000001f5c818e030 Exception <a 'java/lang/NoSuchMethodError'{0x0000000623400948}: 'int java.lang.invoke.DirectMethodHandle$Holder.invokeStatic(java.lang.Object, int, java.lang.Object)'> (0x0000000623400948) 
thrown [s\src\hotspot\share\interpreter\linkResolver.cpp, line 796]
Event: 0.151 Thread 0x000001f5c818e030 Exception <a 'java/lang/NoSuchMethodError'{0x000000062354a4f8}: 'void java.lang.invoke.DirectMethodHandle$Holder.invokeStaticInit(java.lang.Object, java.lang.Object, java.lang.Object)'> (0x000000062354a4f8) 
thrown [s\src\hotspot\share\interpreter\linkResolver.cpp, line 796]
Event: 0.174 Thread 0x000001f5c818e030 Exception <a 'java/lang/NoSuchMethodError'{0x000000062364f548}: 'java.lang.Object java.lang.invoke.Invokers$Holder.invokeExact_MT(java.lang.Object, java.lang.Object, java.lang.Object, java.lang.Object, java.lang.Object)'> (0x000000062364f548) 
thrown [s\src\hotspot\share\interpreter\linkResolver.cpp, line 796]
Event: 0.205 Thread 0x000001f5c818e030 Exception <a 'sun/nio/fs/WindowsException'{0x0000000623779080}> (0x0000000623779080) 
thrown [s\src\hotspot\share\prims\jni.cpp, line 520]
Event: 0.208 Thread 0x000001f5c818e030 Exception <a 'java/lang/ClassNotFoundException'{0x00000006237a47e0}: sun/awt/resources/spi/awtProvider> (0x00000006237a47e0) 
thrown [s\src\hotspot\share\classfile\systemDictionary.cpp, line 313]
Event: 0.214 Thread 0x000001f5c818e030 Exception <a 'java/io/FileNotFoundException'{0x00000006237f6cf8}> (0x00000006237f6cf8) 
thrown [s\src\hotspot\share\prims\jni.cpp, line 520]
Event: 0.217 Thread 0x000001f5c818e030 Exception <a 'java/io/FileNotFoundException'{0x0000000623026118}> (0x0000000623026118) 
thrown [s\src\hotspot\share\prims\jni.cpp, line 520]
Event: 0.354 Thread 0x000001f5c818e030 Exception <a 'java/lang/NoSuchMethodError'{0x0000000622c7b9e0}: 'void java.lang.invoke.DirectMethodHandle$Holder.invokeSpecial(java.lang.Object, java.lang.Object, java.lang.Object)'> (0x0000000622c7b9e0) 
thrown [s\src\hotspot\share\interpreter\linkResolver.cpp, line 796]
Event: 0.360 Thread 0x000001f5c818e030 Exception <a 'java/lang/NoSuchMethodError'{0x0000000622cf1c58}: 'java.lang.Object java.lang.invoke.DirectMethodHandle$Holder.invokeStatic(java.lang.Object, int, java.lang.Object)'> (0x0000000622cf1c58) 
thrown [s\src\hotspot\share\interpreter\linkResolver.cpp, line 796]
Event: 0.368 Thread 0x000001f5c818e030 Exception <a 'java/lang/ClassNotFoundException'{0x0000000622daa680}: com/sun/swing/internal/plaf/metal/resources/spi/metalProvider> (0x0000000622daa680) 
thrown [s\src\hotspot\share\classfile\systemDictionary.cpp, line 313]
Event: 0.368 Thread 0x000001f5c818e030 Exception <a 'java/lang/ClassNotFoundException'{0x0000000622db1060}: com/sun/swing/internal/plaf/basic/resources/spi/basicProvider> (0x0000000622db1060) 
thrown [s\src\hotspot\share\classfile\systemDictionary.cpp, line 313]
Event: 0.374 Thread 0x000001f5c818e030 Exception <a 'java/lang/NoSuchMethodError'{0x0000000622df08e0}: 'int java.lang.invoke.Invokers$Holder.invokeExact_MT(java.lang.Object, java.lang.Object)'> (0x0000000622df08e0) 
thrown [s\src\hotspot\share\interpreter\linkResolver.cpp, line 796]

VM Operations (20 events):
Event: 389.478 Executing VM operation: ChangeSingleStep
Event: 389.478 Executing VM operation: ChangeSingleStep done
Event: 389.478 Executing VM operation: ChangeSingleStep
Event: 389.478 Executing VM operation: ChangeSingleStep done
Event: 389.480 Executing VM operation: RedefineClasses
Event: 389.481 Executing VM operation: RedefineClasses done
Event: 389.484 Executing VM operation: ChangeBreakpoints
Event: 389.484 Executing VM operation: ChangeBreakpoints done
Event: 389.486 Executing VM operation: ChangeBreakpoints
Event: 389.486 Executing VM operation: ChangeBreakpoints done
Event: 389.488 Executing VM operation: ChangeBreakpoints
Event: 389.488 Executing VM operation: ChangeBreakpoints done
Event: 389.489 Executing VM operation: ChangeSingleStep
Event: 389.489 Executing VM operation: ChangeSingleStep done
Event: 389.489 Executing VM operation: ChangeSingleStep
Event: 389.489 Executing VM operation: ChangeSingleStep done
Event: 389.521 Executing VM operation: get/set locals
Event: 389.521 Executing VM operation: get/set locals done
Event: 390.155 Executing VM operation: HandshakeAllThreads (Deoptimize)
Event: 390.155 Executing VM operation: HandshakeAllThreads (Deoptimize) done

Memory protections (0 events):
No events

Nmethod flushes (0 events):
No events

Events (20 events):
Event: 0.056 Thread 0x000001f5e634e780 Thread added: 0x000001f5c119a170
Event: 0.056 Thread 0x000001f5c119a170 Thread added: 0x000001f5c11ac500
Event: 0.064 Thread 0x000001f5c818e030 Thread added: 0x000001f5c12aab80
Event: 0.064 Thread 0x000001f5c818e030 Thread added: 0x000001f5c12f6010
Event: 0.064 Thread 0x000001f5c12aab80 Thread added: 0x000001f5c12fca40
Event: 0.176 Thread 0x000001f5c818e030 Thread added: 0x000001f5e63397e0
Event: 0.185 Thread 0x000001f5c11ac500 Thread added: 0x000001f5c1883e80
Event: 0.253 Thread 0x000001f5c818e030 Thread added: 0x000001f5e6338ac0
Event: 0.253 Thread 0x000001f5c818e030 Thread added: 0x000001f5e633a500
Event: 0.254 Thread 0x000001f5c818e030 Thread added: 0x000001f5e6339150
Event: 0.352 Thread 0x000001f5c1883e80 Thread exited: 0x000001f5c1883e80
Event: 1.352 Thread 0x000001f5e633a500 Thread exited: 0x000001f5e633a500
Event: 5.377 Thread 0x000001f5c11ac500 Thread exited: 0x000001f5c11ac500
Event: 5.377 Thread 0x000001f5c119a170 Thread exited: 0x000001f5c119a170
Event: 381.305 Thread 0x000001f5e6339150 Thread added: 0x000001f5e633a500
Event: 382.647 Thread 0x000001f5e633a500 Thread exited: 0x000001f5e633a500
Event: 383.797 Thread 0x000001f5e6339150 Thread added: 0x000001f5e633a500
Event: 385.142 Thread 0x000001f5e633a500 Thread exited: 0x000001f5e633a500
Event: 390.088 Thread 0x000001f5e6339150 Thread added: 0x000001f5e633a500
Event: 390.154 Thread 0x000001f5e6339150 Thread added: 0x000001f5e6339e70


Dynamic libraries:
0x00007ff7c0330000 - 0x00007ff7c033e000 	C:\Users\adams\.p2\pool\plugins\org.eclipse.justj.openjdk.hotspot.jre.full.win32.x86_64_23.0.0.v20240919-1706\jre\bin\javaw.exe
0x00007ffee8ab0000 - 0x00007ffee8cc7000 	C:\windows\SYSTEM32\ntdll.dll
0x00007ffee7b00000 - 0x00007ffee7bc4000 	C:\windows\System32\KERNEL32.DLL
0x00007ffee6000000 - 0x00007ffee63b7000 	C:\windows\System32\KERNELBASE.dll
0x00007ffee65a0000 - 0x00007ffee66b1000 	C:\windows\System32\ucrtbase.dll
0x00007ffed8c40000 - 0x00007ffed8c57000 	C:\Users\adams\.p2\pool\plugins\org.eclipse.justj.openjdk.hotspot.jre.full.win32.x86_64_23.0.0.v20240919-1706\jre\bin\jli.dll
0x00007ffed8c20000 - 0x00007ffed8c3b000 	C:\Users\adams\.p2\pool\plugins\org.eclipse.justj.openjdk.hotspot.jre.full.win32.x86_64_23.0.0.v20240919-1706\jre\bin\VCRUNTIME140.dll
0x00007ffee8530000 - 0x00007ffee86df000 	C:\windows\System32\USER32.dll
0x00007ffed9400000 - 0x00007ffed9693000 	C:\windows\WinSxS\amd64_microsoft.windows.common-controls_6595b64144ccf1df_6.0.22621.3672_none_2713b9d173822955\COMCTL32.dll
0x00007ffee5f60000 - 0x00007ffee5f86000 	C:\windows\System32\win32u.dll
0x00007ffee6f40000 - 0x00007ffee6f69000 	C:\windows\System32\GDI32.dll
0x00007ffee6860000 - 0x00007ffee6907000 	C:\windows\System32\msvcrt.dll
0x00007ffee66c0000 - 0x00007ffee67d8000 	C:\windows\System32\gdi32full.dll
0x00007ffee6440000 - 0x00007ffee64da000 	C:\windows\System32\msvcp_win.dll
0x00007ffee6f70000 - 0x00007ffee6fa1000 	C:\windows\System32\IMM32.DLL
0x00007ffee1c10000 - 0x00007ffee1c1c000 	C:\Users\adams\.p2\pool\plugins\org.eclipse.justj.openjdk.hotspot.jre.full.win32.x86_64_23.0.0.v20240919-1706\jre\bin\vcruntime140_1.dll
0x00007ffebab20000 - 0x00007ffebabae000 	C:\Users\adams\.p2\pool\plugins\org.eclipse.justj.openjdk.hotspot.jre.full.win32.x86_64_23.0.0.v20240919-1706\jre\bin\msvcp140.dll
0x00007ffe65c60000 - 0x00007ffe66a2d000 	C:\Users\adams\.p2\pool\plugins\org.eclipse.justj.openjdk.hotspot.jre.full.win32.x86_64_23.0.0.v20240919-1706\jre\bin\server\jvm.dll
0x00007ffee7a40000 - 0x00007ffee7af2000 	C:\windows\System32\ADVAPI32.dll
0x00007ffee8770000 - 0x00007ffee8818000 	C:\windows\System32\sechost.dll
0x00007ffee5dc0000 - 0x00007ffee5de8000 	C:\windows\System32\bcrypt.dll
0x00007ffee70b0000 - 0x00007ffee71c4000 	C:\windows\System32\RPCRT4.dll
0x00007ffee8820000 - 0x00007ffee8891000 	C:\windows\System32\WS2_32.dll
0x00007ffee5070000 - 0x00007ffee50bd000 	C:\windows\SYSTEM32\POWRPROF.dll
0x00007ffed6df0000 - 0x00007ffed6e24000 	C:\windows\SYSTEM32\WINMM.dll
0x00007ffedbe50000 - 0x00007ffedbe5a000 	C:\windows\SYSTEM32\VERSION.dll
0x00007ffee4fa0000 - 0x00007ffee4fb3000 	C:\windows\SYSTEM32\UMPDC.dll
0x00007ffee4d70000 - 0x00007ffee4d88000 	C:\windows\SYSTEM32\kernel.appcore.dll
0x00007ffee1c30000 - 0x00007ffee1c3a000 	C:\Users\adams\.p2\pool\plugins\org.eclipse.justj.openjdk.hotspot.jre.full.win32.x86_64_23.0.0.v20240919-1706\jre\bin\jimage.dll
0x00007ffed62a0000 - 0x00007ffed64d2000 	C:\windows\SYSTEM32\DBGHELP.DLL
0x00007ffee6a70000 - 0x00007ffee6dfe000 	C:\windows\System32\combase.dll
0x00007ffee7bd0000 - 0x00007ffee7ca7000 	C:\windows\System32\OLEAUT32.dll
0x00007ffedb1e0000 - 0x00007ffedb212000 	C:\windows\SYSTEM32\dbgcore.DLL
0x00007ffee63c0000 - 0x00007ffee643b000 	C:\windows\System32\bcryptPrimitives.dll
0x00007ffed86f0000 - 0x00007ffed872c000 	C:\Users\adams\.p2\pool\plugins\org.eclipse.justj.openjdk.hotspot.jre.full.win32.x86_64_23.0.0.v20240919-1706\jre\bin\jdwp.dll
0x00007ffed9060000 - 0x00007ffed906f000 	C:\Users\adams\.p2\pool\plugins\org.eclipse.justj.openjdk.hotspot.jre.full.win32.x86_64_23.0.0.v20240919-1706\jre\bin\instrument.dll
0x00007ffed8cf0000 - 0x00007ffed8d0e000 	C:\Users\adams\.p2\pool\plugins\org.eclipse.justj.openjdk.hotspot.jre.full.win32.x86_64_23.0.0.v20240919-1706\jre\bin\java.dll
0x00007ffee7e70000 - 0x00007ffee8015000 	C:\windows\System32\ole32.dll
0x00007ffee71d0000 - 0x00007ffee7a39000 	C:\windows\System32\SHELL32.dll
0x00007ffee3ce0000 - 0x00007ffee45df000 	C:\windows\SYSTEM32\windows.storage.dll
0x00007ffee3ba0000 - 0x00007ffee3cdf000 	C:\windows\SYSTEM32\wintypes.dll
0x00007ffee6fb0000 - 0x00007ffee70a9000 	C:\windows\System32\SHCORE.dll
0x00007ffee7e10000 - 0x00007ffee7e6e000 	C:\windows\System32\shlwapi.dll
0x00007ffee5cf0000 - 0x00007ffee5d17000 	C:\windows\SYSTEM32\profapi.dll
0x00007ffee1c20000 - 0x00007ffee1c30000 	C:\Users\adams\.p2\pool\plugins\org.eclipse.justj.openjdk.hotspot.jre.full.win32.x86_64_23.0.0.v20240919-1706\jre\bin\net.dll
0x00007ffee5320000 - 0x00007ffee5389000 	C:\windows\system32\mswsock.dll
0x00007ffec8e90000 - 0x00007ffec8ea6000 	C:\Users\adams\.p2\pool\plugins\org.eclipse.justj.openjdk.hotspot.jre.full.win32.x86_64_23.0.0.v20240919-1706\jre\bin\nio.dll
0x00007ffed83d0000 - 0x00007ffed83e7000 	C:\Users\adams\.p2\pool\plugins\org.eclipse.justj.openjdk.hotspot.jre.full.win32.x86_64_23.0.0.v20240919-1706\jre\bin\zip.dll
0x00007ffed8ce0000 - 0x00007ffed8cec000 	C:\Users\adams\.p2\pool\plugins\org.eclipse.justj.openjdk.hotspot.jre.full.win32.x86_64_23.0.0.v20240919-1706\jre\bin\dt_socket.dll
0x00007ffee4880000 - 0x00007ffee48ad000 	C:\windows\SYSTEM32\IPHLPAPI.DLL
0x00007ffee48b0000 - 0x00007ffee49b2000 	C:\windows\SYSTEM32\DNSAPI.dll
0x00007ffee8520000 - 0x00007ffee8529000 	C:\windows\System32\NSI.dll
0x00007ffee0900000 - 0x00007ffee090a000 	C:\Windows\System32\rasadhlp.dll
0x00007ffedf040000 - 0x00007ffedf0c3000 	C:\windows\System32\fwpuclnt.dll
0x00007ffed9050000 - 0x00007ffed9060000 	C:\Users\adams\.p2\pool\plugins\org.eclipse.justj.openjdk.hotspot.jre.full.win32.x86_64_23.0.0.v20240919-1706\jre\bin\verify.dll
0x00007ffe80830000 - 0x00007ffe809bd000 	C:\Users\adams\.p2\pool\plugins\org.eclipse.justj.openjdk.hotspot.jre.full.win32.x86_64_23.0.0.v20240919-1706\jre\bin\awt.dll
0x00007ffee2060000 - 0x00007ffee20f7000 	C:\windows\SYSTEM32\apphelp.dll
0x00007ffee3710000 - 0x00007ffee373b000 	C:\windows\system32\DWMAPI.DLL
0x00007ffee32b0000 - 0x00007ffee3361000 	C:\windows\system32\uxtheme.dll
0x00007ffeaa780000 - 0x00007ffeaa880000 	C:\windows\system32\opengl32.dll
0x00007ffeaa750000 - 0x00007ffeaa77d000 	C:\windows\SYSTEM32\GLU32.dll
0x00007ffee33e0000 - 0x00007ffee3417000 	C:\windows\SYSTEM32\dxcore.dll
0x00007ffee7cb0000 - 0x00007ffee7e10000 	C:\windows\System32\MSCTF.dll
0x00007ffee5a60000 - 0x00007ffee5a72000 	C:\windows\SYSTEM32\msasn1.dll
0x00007ffedbe10000 - 0x00007ffedbe42000 	C:\windows\SYSTEM32\cryptnet.dll
0x00007ffee5df0000 - 0x00007ffee5f56000 	C:\windows\System32\CRYPT32.dll
0x00007ffee5520000 - 0x00007ffee552c000 	C:\windows\SYSTEM32\cryptbase.dll
0x00007ffee5650000 - 0x00007ffee5699000 	C:\windows\SYSTEM32\wldp.dll
0x00007ffedba30000 - 0x00007ffedbb92000 	C:\windows\SYSTEM32\drvstore.dll
0x00007ffee5a80000 - 0x00007ffee5aac000 	C:\windows\SYSTEM32\devobj.dll
0x00007ffee5ab0000 - 0x00007ffee5afe000 	C:\windows\SYSTEM32\cfgmgr32.dll
0x00007ffee5f90000 - 0x00007ffee5ffc000 	C:\windows\System32\wintrust.dll
0x00007ffee8080000 - 0x00007ffee809f000 	C:\windows\System32\imagehlp.dll
0x00007ffee55c0000 - 0x00007ffee55db000 	C:\windows\SYSTEM32\CRYPTSP.dll
0x00007ffee4d30000 - 0x00007ffee4d65000 	C:\windows\system32\rsaenh.dll
0x00007ffeaa100000 - 0x00007ffeaa3d0000 	C:\windows\system32\nvspcap64.dll
0x00007ffee4f60000 - 0x00007ffee4f94000 	C:\windows\SYSTEM32\ntmarta.dll
0x00007ffee5390000 - 0x00007ffee53b6000 	C:\windows\SYSTEM32\gpapi.dll
0x00007ffea0a50000 - 0x00007ffea0ba5000 	C:\windows\System32\DriverStore\FileRepository\nv_dispi.inf_amd64_34f9511bafd21ff9\nvppex.dll

dbghelp: loaded successfully - version: 4.0.5 - missing functions: none
symbol engine: initialized successfully - sym options: 0x614 - pdb path: .;C:\Users\adams\.p2\pool\plugins\org.eclipse.justj.openjdk.hotspot.jre.full.win32.x86_64_23.0.0.v20240919-1706\jre\bin;C:\windows\SYSTEM32;C:\windows\WinSxS\amd64_microsoft.windows.common-controls_6595b64144ccf1df_6.0.22621.3672_none_2713b9d173822955;C:\Users\adams\.p2\pool\plugins\org.eclipse.justj.openjdk.hotspot.jre.full.win32.x86_64_23.0.0.v20240919-1706\jre\bin\server;C:\windows\System32\DriverStore\FileRepository\nv_dispi.inf_amd64_34f9511bafd21ff9

VM Arguments:
jvm_args: -XX:+ShowCodeDetailsInExceptionMessages -agentlib:jdwp=transport=dt_socket,suspend=y,address=localhost:51130 -javaagent:C:\Users\adams\eclipse\java-2024-09\eclipse\configuration\org.eclipse.osgi\251\0\.cp\lib\javaagent-shaded.jar -Dfile.encoding=UTF-8 -Dstdout.encoding=UTF-8 -Dstderr.encoding=UTF-8 --module-path=Y:\Personal\JavaCode\rain\bin -Djdk.module.main=rain 
java_command: rain/com.adamsotheran.rain.Game
java_class_path (initial): <not set>
Launcher Type: SUN_STANDARD

[Global flags]
     intx CICompilerCount                          = 12                                        {product} {ergonomic}
     uint ConcGCThreads                            = 5                                         {product} {ergonomic}
     uint G1ConcRefinementThreads                  = 20                                        {product} {ergonomic}
   size_t G1HeapRegionSize                         = 4194304                                   {product} {ergonomic}
   size_t InitialHeapSize                          = 532676608                                 {product} {ergonomic}
   size_t MarkStackSize                            = 4194304                                   {product} {ergonomic}
   size_t MarkStackSizeMax                         = 536870912                                 {product} {ergonomic}
   size_t MaxHeapSize                              = 8522825728                                {product} {ergonomic}
   size_t MaxNewSize                               = 5112856576                                {product} {ergonomic}
   size_t MinHeapDeltaBytes                        = 4194304                                   {product} {ergonomic}
   size_t MinHeapSize                              = 8388608                                   {product} {ergonomic}
    uintx NonNMethodCodeHeapSize                   = 7602176                                {pd product} {ergonomic}
    uintx NonProfiledCodeHeapSize                  = 122093568                              {pd product} {ergonomic}
    uintx ProfiledCodeHeapSize                     = 121962496                              {pd product} {ergonomic}
    uintx ReservedCodeCacheSize                    = 251658240                              {pd product} {ergonomic}
     bool SegmentedCodeCache                       = true                                      {product} {ergonomic}
     bool ShowCodeDetailsInExceptionMessages       = true                                   {manageable} {command line}
   size_t SoftMaxHeapSize                          = 8522825728                             {manageable} {ergonomic}
     bool UseCompressedOops                        = true                           {product lp64_product} {ergonomic}
     bool UseG1GC                                  = true                                      {product} {ergonomic}
     bool UseLargePagesIndividualAllocation        = false                                  {pd product} {ergonomic}

Logging:
Log output configuration:
 #0: stdout all=warning uptime,level,tags foldmultilines=false
 #1: stderr all=off uptime,level,tags foldmultilines=false

Environment Variables:
PATH=C:\Users\adams\.p2\pool\plugins\org.eclipse.justj.openjdk.hotspot.jre.full.win32.x86_64_23.0.0.v20240919-1706\jre\bin;C:/Users/adams/.p2/pool/plugins/org.eclipse.justj.openjdk.hotspot.jre.full.win32.x86_64_23.0.0.v20240919-1706/jre/bin/server;C:/Users/adams/.p2/pool/plugins/org.eclipse.justj.openjdk.hotspot.jre.full.win32.x86_64_23.0.0.v20240919-1706/jre/bin;C:\windows\system32;C:\windows;C:\windows\System32\Wbem;C:\windows\System32\WindowsPowerShell\v1.0\;C:\windows\System32\OpenSSH\;C:\Program Files (x86)\NVIDIA Corporation\PhysX\Common;C:\Program Files\NVIDIA Corporation\NVIDIA NvDLISR;C:\Program Files\dotnet\;C:\Users\adams\AppData\Local\Programs\Python\Python312\Scripts\;C:\Users\adams\AppData\Local\Programs\Python\Python312\;C:\Users\adams\AppData\Local\Microsoft\WindowsApps;C:\Users\adams\.dotnet\tools;C:\Users\adams\AppData\Local\Programs\Microsoft VS Code\bin;C:\Users\adams\OneDrive\Desktop;
USERNAME=adams
OS=Windows_NT
PROCESSOR_IDENTIFIER=Intel64 Family 6 Model 183 Stepping 1, GenuineIntel
TMP=C:\Users\adams\AppData\Local\Temp
TEMP=C:\Users\adams\AppData\Local\Temp




Periodic native trim disabled

---------------  S Y S T E M  ---------------

OS:
 Windows 11 , 64 bit Build 22621 (10.0.22621.3958)
OS uptime: 4 days 0:34 hours
Hyper-V role detected

CPU: total 28 (initial active 28) (14 cores per cpu, 2 threads per core) family 6 model 183 stepping 1 microcode 0x125, cx8, cmov, fxsr, ht, mmx, 3dnowpref, sse, sse2, sse3, ssse3, sse4.1, sse4.2, popcnt, lzcnt, tsc, tscinvbit, avx, avx2, aes, erms, clmul, bmi1, bmi2, adx, sha, fma, vzeroupper, clflush, clflushopt, clwb, hv, serialize, rdtscp, rdpid, fsrm, gfni, f16c, cet_ibt, cet_ss
Processor Information for the first 28 processors :
  Max Mhz: 3400, Current Mhz: 3400, Mhz Limit: 3400

Memory: 4k page, system-wide physical 32509M (19197M free)
TotalPageFile size 34557M (AvailPageFile size 18290M)
current process WorkingSet (physical memory assigned to process): 75M, peak: 92M
current process commit charge ("private bytes"): 644M, peak: 685M

vm_info: OpenJDK 64-Bit Server VM (23+37) for windows-amd64 JRE (23+37), built on 2024-09-17T00:00:00Z with MS VC++ 17.7 (VS2022)

END.
