#
# A fatal error has been detected by the Java Runtime Environment:
#
#  EXCEPTION_ACCESS_VIOLATION (0xc0000005) at pc=0x00007ffe8090b149, pid=28120, tid=39608
#
# JRE version: OpenJDK Runtime Environment Temurin-23+37 (23.0+37) (build 23+37)
# Java VM: OpenJDK 64-Bit Server VM Temurin-23+37 (23+37, mixed mode, sharing, tiered, compressed oops, compressed class ptrs, g1 gc, windows-amd64)
# Problematic frame:
# C  [awt.dll+0xdb149]
#
# No core dump will be written. Minidumps are not enabled by default on client versions of Windows
#
# If you would like to submit a bug report, please visit:
#   https://github.com/adoptium/adoptium-support/issues
# The crash happened outside the Java Virtual Machine in native code.
# See problematic frame for where to report the bug.
#

---------------  S U M M A R Y ------------

Command Line: -Dfile.encoding=UTF-8 -Dstdout.encoding=UTF-8 -Dstderr.encoding=UTF-8 --module-path=Y:\Personal\JavaCode\rain\bin -XX:+ShowCodeDetailsInExceptionMessages -Djdk.module.main=rain rain/com.adamsotheran.rain.Game

Host: Intel(R) Core(TM) i7-14700K, 28 cores, 31G,  Windows 11 , 64 bit Build 22621 (10.0.22621.3958)
Time: Mon Oct 14 18:36:01 2024 GMT Daylight Time elapsed time: 0.624015 seconds (0d 0h 0m 0s)

---------------  T H R E A D  ---------------

Current thread (0x000001f842503210):  JavaThread "AWT-EventQueue-0"        [_thread_in_native, id=39608, stack(0x000000c851300000,0x000000c851400000) (1024K)]

Stack: [0x000000c851300000,0x000000c851400000],  sp=0x000000c8513feb80,  free space=1018k
Native frames: (J=compiled Java code, j=interpreted, Vv=VM code, C=native code)
C  [awt.dll+0xdb149]  (no source info available)
C  [awt.dll+0xda508]  (no source info available)
C  0x000001f86aa1d207  (no source info available)

The last pc belongs to native method entry point (kind = native) (printed below).
Java frames: (J=compiled Java code, j=interpreted, Vv=VM code)
j  sun.awt.Win32GraphicsConfig.getBounds(I)Ljava/awt/Rectangle;+0 java.desktop@23
j  sun.awt.Win32GraphicsConfig.getBounds()Ljava/awt/Rectangle;+8 java.desktop@23
j  sun.awt.Win32GraphicsDevice.displayChanged()V+23 java.desktop@23
j  sun.awt.Win32GraphicsEnvironment.displayChanged()V+271 java.desktop@23
j  sun.awt.windows.WToolkit.lambda$displayChanged$4()V+15 java.desktop@23
j  sun.awt.windows.WToolkit$$Lambda+0x000001f8020836d8.run()V+0 java.desktop@23
j  java.awt.event.InvocationEvent.dispatch()V+47 java.desktop@23
j  java.awt.EventQueue.dispatchEventImpl(Ljava/awt/AWTEvent;Ljava/lang/Object;)V+21 java.desktop@23
j  java.awt.EventQueue$4.run()Ljava/lang/Void;+32 java.desktop@23
j  java.awt.EventQueue$4.run()Ljava/lang/Object;+1 java.desktop@23
j  java.security.AccessController.executePrivileged(Ljava/security/PrivilegedAction;Ljava/security/AccessControlContext;Ljava/lang/Class;)Ljava/lang/Object;+29 java.base@23
j  java.security.AccessController.doPrivileged(Ljava/security/PrivilegedAction;Ljava/security/AccessControlContext;)Ljava/lang/Object;+13 java.base@23
j  java.security.ProtectionDomain$JavaSecurityAccessImpl.doIntersectionPrivilege(Ljava/security/PrivilegedAction;Ljava/security/AccessControlContext;Ljava/security/AccessControlContext;)Ljava/lang/Object;+18 java.base@23
j  java.awt.EventQueue.dispatchEvent(Ljava/awt/AWTEvent;)V+46 java.desktop@23
j  java.awt.EventDispatchThread.pumpOneEventForFilters(I)V+81 java.desktop@23
j  java.awt.EventDispatchThread.pumpEventsForFilter(ILjava/awt/Conditional;Ljava/awt/EventFilter;)V+35 java.desktop@23
j  java.awt.EventDispatchThread.pumpEventsForHierarchy(ILjava/awt/Conditional;Ljava/awt/Component;)V+11 java.desktop@23
j  java.awt.EventDispatchThread.pumpEvents(ILjava/awt/Conditional;)V+4 java.desktop@23
j  java.awt.EventDispatchThread.pumpEvents(Ljava/awt/Conditional;)V+3 java.desktop@23
j  java.awt.EventDispatchThread.run()V+9 java.desktop@23
v  ~StubRoutines::call_stub 0x000001f86aa10fcd

siginfo: EXCEPTION_ACCESS_VIOLATION (0xc0000005), reading address 0x0000000000000028


Registers:
RAX=0x0000000000000000, RBX=0x000001f8424aaf50, RCX=0x0000000000000000, RDX=0x0000000000000000
RSP=0x000000c8513feb80, RBP=0x0000000000000000, RSI=0x0000000000000000, RDI=0x0000000000000000
R8 =0x0000000000000001, R9 =0x0000000000000004, R10=0x000001f84220e690, R11=0x000001f8431bd838
R12=0x0000000000000000, R13=0x000001f8422f4940, R14=0x000001f8424e4d20, R15=0x0000000000000000
RIP=0x00007ffe8090b149, EFLAGS=0x0000000000010246


Register to memory mapping:

RAX=0x0 is null
RBX=0x000001f8424aaf50 points into unknown readable memory: 0x000001f8423febc0 | c0 eb 3f 42 f8 01 00 00
RCX=0x0 is null
RDX=0x0 is null
RSP=0x000000c8513feb80 is pointing into the stack for thread: 0x000001f842503210
RBP=0x0 is null
RSI=0x0 is null
RDI=0x0 is null
R8 =0x0000000000000001 is an unknown value
R9 =0x0000000000000004 is an unknown value
R10=0x000001f84220e690 points into unknown readable memory: 0x0000001e00000003 | 03 00 00 00 1e 00 00 00
R11={method} {0x000001f8431bd840} '<init>' '(IIII)V' in 'java/awt/Rectangle'
R12=0x0 is null
R13=0x000001f8422f4940 points into unknown readable memory: 0x000001f8431bd838 | 38 d8 1b 43 f8 01 00 00
R14=0x000001f8424e4d20 points into unknown readable memory: 0x0000000623410d50 | 50 0d 41 23 06 00 00 00
R15=0x0 is null

Top of Stack: (sp=0x000000c8513feb80)
0x000000c8513feb80:   00007ffe80969838 000001f8424aaf50
0x000000c8513feb90:   000001f8424aaf50 0000000000000128
0x000000c8513feba0:   000001f8425035d0 00007ffe8090a508
0x000000c8513febb0:   000001f8424aaf50 000001f8424aaf50
0x000000c8513febc0:   0000000000000128 000001f8425035d0
0x000000c8513febd0:   000000062344c140 000001f843294848
0x000000c8513febe0:   0000000000000000 000000c8513fec00
0x000000c8513febf0:   0000000000000000 0000000000000000
0x000000c8513fec00:   0000835342f92dc0 000000062345b468
0x000000c8513fec10:   000001f842503210 000000c8513fecf8
0x000000c8513fec20:   000001f8432b6710 0000000000000000
0x000000c8513fec30:   0000000000000ea8 0000000000000128
0x000000c8513fec40:   000000c8513fecd0 000001f86aa1d207
0x000000c8513fec50:   000000c8513fec68 000001f8432b6710
0x000000c8513fec60:   000001f86aa18700 0000000000000000
0x000000c8513fec70:   000000062345b468 000000062307b9b8
0x000000c8513fec80:   000000062307b9b8 fffffffffffffff7
0x000000c8513fec90:   0000000000000000 0000000000000005
0x000000c8513feca0:   000001f8432b8ed8 0000000000000000
0x000000c8513fecb0:   000000062345c960 000001f8432b6710
0x000000c8513fecc0:   0000000000000000 000000c8513fecf0
0x000000c8513fecd0:   000000c8513fed48 000001f86aa1889a
0x000000c8513fece0:   0000000000000000 000001f86aa1a5da
0x000000c8513fecf0:   0000000000000000 000000062307b9b8
0x000000c8513fed00:   fffffffffffffff7 000001f8432b67b8
0x000000c8513fed10:   0000000000000002 000001f8432b8ed8
0x000000c8513fed20:   0000000000000000 000000062345c960
0x000000c8513fed30:   000001f8432b67d0 fffffffffffffff5
0x000000c8513fed40:   000000c8513fed58 000000c8513feda8
0x000000c8513fed50:   000001f86aa1889a 000000062307b9b8
0x000000c8513fed60:   fffffffffffffff7 000001f84329469f
0x000000c8513fed70:   0000000000000003 000001f843295e78 

Instructions: (pc=0x00007ffe8090b149)
0x00007ffe8090b049:   cc cc cc cc cc cc cc 48 89 5c 24 08 48 89 6c 24
0x00007ffe8090b059:   10 48 89 74 24 18 57 48 83 ec 20 41 8b f8 0f b6
0x00007ffe8090b069:   f2 48 8b e9 e8 6e cc f4 ff 48 8b d8 48 89 44 24
0x00007ffe8090b079:   48 41 b8 01 00 00 00 8b d7 48 8b c8 e8 c6 cb f4
0x00007ffe8090b089:   ff 48 8b c8 44 0f b6 c6 48 8b d5 e8 97 fa ff ff
0x00007ffe8090b099:   48 8b f8 48 8b cb e8 fc cd f4 ff 90 48 8b c7 48
0x00007ffe8090b0a9:   8b 5c 24 30 48 8b 6c 24 38 48 8b 74 24 40 48 83
0x00007ffe8090b0b9:   c4 20 5f c3 cc cc cc 48 8b 49 28 e9 07 07 00 00
0x00007ffe8090b0c9:   cc cc cc cc cc cc cc 48 89 5c 24 08 57 48 83 ec
0x00007ffe8090b0d9:   20 8b f9 e8 ff cb f4 ff 48 8b d8 48 89 44 24 38
0x00007ffe8090b0e9:   41 b8 01 00 00 00 8b d7 48 8b c8 e8 57 cb f4 ff
0x00007ffe8090b0f9:   48 8b 08 8b 39 48 8b cb e8 9a cd f4 ff 90 8b c7
0x00007ffe8090b109:   48 8b 5c 24 30 48 83 c4 20 5f c3 cc cc cc cc cc
0x00007ffe8090b119:   cc cc cc cc cc cc cc 48 89 5c 24 08 57 48 83 ec
0x00007ffe8090b129:   20 8b f9 e8 af cb f4 ff 48 8b d8 48 89 44 24 38
0x00007ffe8090b139:   41 b8 01 00 00 00 8b d7 48 8b c8 e8 07 cb f4 ff
0x00007ffe8090b149:   48 8b 78 28 48 8b cb e8 4b cd f4 ff 90 48 8b c7
0x00007ffe8090b159:   48 8b 5c 24 30 48 83 c4 20 5f c3 cc cc cc cc cc
0x00007ffe8090b169:   cc cc cc cc cc cc cc 48 89 5c 24 08 57 48 83 ec
0x00007ffe8090b179:   20 8b f9 e8 5f cb f4 ff 48 8b d8 48 89 44 24 38
0x00007ffe8090b189:   41 b8 01 00 00 00 8b d7 48 8b c8 e8 b7 ca f4 ff
0x00007ffe8090b199:   48 8b 78 30 48 8b cb e8 fb cc f4 ff 90 48 8b c7
0x00007ffe8090b1a9:   48 8b 5c 24 30 48 83 c4 20 5f c3 cc cc cc cc cc
0x00007ffe8090b1b9:   cc cc cc cc cc cc cc 48 89 5c 24 08 57 48 83 ec
0x00007ffe8090b1c9:   20 8b f9 e8 0f cb f4 ff 48 8b d8 48 89 44 24 38
0x00007ffe8090b1d9:   41 b8 01 00 00 00 8b d7 48 8b c8 e8 67 ca f4 ff
0x00007ffe8090b1e9:   48 8b 78 08 48 85 ff 74 07 48 8b bf 08 0c 00 00
0x00007ffe8090b1f9:   48 8b cb e8 9f cc f4 ff 90 48 8b c7 48 8b 5c 24
0x00007ffe8090b209:   30 48 83 c4 20 5f c3 f3 0f 10 41 48 c3 cc cc cc
0x00007ffe8090b219:   cc cc cc cc cc cc cc f3 0f 10 41 4c c3 cc cc cc
0x00007ffe8090b229:   cc cc cc cc cc cc cc 48 89 5c 24 10 48 89 74 24
0x00007ffe8090b239:   18 55 57 41 56 48 8d 6c 24 e0 48 81 ec 20 01 00 


Stack slot to memory mapping:

stack at sp + 0 slots: 0x00007ffe80969838 awt.dll
stack at sp + 1 slots: 0x000001f8424aaf50 points into unknown readable memory: 0x000001f8423febc0 | c0 eb 3f 42 f8 01 00 00
stack at sp + 2 slots: 0x000001f8424aaf50 points into unknown readable memory: 0x000001f8423febc0 | c0 eb 3f 42 f8 01 00 00
stack at sp + 3 slots: 0x0000000000000128 is an unknown value
stack at sp + 4 slots: 0x000001f8425035d0 points into unknown readable memory: 0x00007ffe668b9fa0 | a0 9f 8b 66 fe 7f 00 00
stack at sp + 5 slots: 0x00007ffe8090a508 awt.dll
stack at sp + 6 slots: 0x000001f8424aaf50 points into unknown readable memory: 0x000001f8423febc0 | c0 eb 3f 42 f8 01 00 00
stack at sp + 7 slots: 0x000001f8424aaf50 points into unknown readable memory: 0x000001f8423febc0 | c0 eb 3f 42 f8 01 00 00

Lock stack of current Java thread (top to bottom):

native method entry point (kind = native)  [0x000001f86aa1cde0, 0x000001f86aa1d938]  2904 bytes
[MachCode]
  0x000001f86aa1cde0: 488b 4b08 | 0fb7 492e | 584c 8d74 | ccf8 6800 | 0000 0068 | 0000 0000 | 5055 488b | ec41 5568 
  0x000001f86aa1ce00: 0000 0000 | 4c8b 6b08 | 4d8d 6d38 | 5348 8b53 | 0848 8b52 | 0848 8b52 | 1848 8b52 | 7048 8b12 
  0x000001f86aa1ce20: 5248 8b53 | 1048 85d2 | 0f84 0700 | 0000 4881 | c210 0100 | 0052 488b | 5308 488b | 5208 488b 
  0x000001f86aa1ce40: 5210 5249 | 8bc6 482b | c548 c1e8 | 0350 6800 | 0000 0068 | f7ff ffff | 41c6 8771 | 0400 0001 
  0x000001f86aa1ce60: 488b 4310 | 4885 c074 | 208b 88cc | 0000 0083 | c102 8988 | cc00 0000 | 2388 e000 | 0000 0f84 
  0x000001f86aa1ce80: 000a 0000 | e9cf 0000 | 0048 8b43 | 1848 85c0 | 0f85 b000 | 0000 e805 | 0000 00e9 | 9900 0000 
  0x000001f86aa1cea0: 488b d348 | 8d44 2408 | 4c89 6dc0 | 498b cfc5 | f877 4989 | afb0 0300 | 0049 8987 | a003 0000 
  0x000001f86aa1cec0: 4883 ec20 | 40f6 c40f | 0f84 1900 | 0000 4883 | ec08 48b8 | 608d 0366 | fe7f 0000 | ffd0 4883 
  0x000001f86aa1cee0: c408 e90c | 0000 0048 | b860 8d03 | 66fe 7f00 | 00ff d048 | 83c4 2049 | c787 a003 | 0000 0000 
  0x000001f86aa1cf00: 0000 49c7 | 87b0 0300 | 0000 0000 | 0049 c787 | a803 0000 | 0000 0000 | c5f8 7749 | 837f 0800 
  0x000001f86aa1cf20: 0f84 0500 | 0000 e995 | 3fff ff4c | 8b6d c04c | 8b75 c84e | 8d74 f500 | c348 8b43 | 1848 85c0 
  0x000001f86aa1cf40: 0f84 1200 | 0000 8b48 | 0883 c102 | 8948 0823 | 481c 0f84 | 2c09 0000 | 493b a7e8 | 0400 000f 
  0x000001f86aa1cf60: 8748 0000 | 0089 8424 | 00f0 ffff | 8984 2400 | e0ff ff89 | 8424 00d0 | ffff 8984 | 2400 c0ff 
  0x000001f86aa1cf80: ff89 8424 | 00b0 ffff | 8984 2400 | a0ff ff89 | 8424 0090 | ffff 8984 | 2400 80ff | ff49 3ba7 
  0x000001f86aa1cfa0: e004 0000 | 7607 4989 | a7e8 0400 | 0041 c687 | 7104 0000 | 0049 ba91 | 3192 66fe | 7f00 0041 
  0x000001f86aa1cfc0: 803a 000f | 843e 0000 | 0048 8b55 | e849 8bcf | 4883 ec20 | 40f6 c40f | 0f84 1900 | 0000 4883 
  0x000001f86aa1cfe0: ec08 48b8 | 707e 3b66 | fe7f 0000 | ffd0 4883 | c408 e90c | 0000 0048 | b870 7e3b | 66fe 7f00 
  0x000001f86aa1d000: 00ff d048 | 83c4 2048 | 8b5d e84c | 8b5b 0845 | 0fb7 5b2e | 41c1 e303 | 492b e348 | 83ec 2048 
  0x000001f86aa1d020: 83e4 f04c | 8b5b 604d | 85db 0f85 | ab00 0000 | e805 0000 | 00e9 9900 | 0000 488b | d348 8d44 
  0x000001f86aa1d040: 2408 4c89 | 6dc0 498b | cfc5 f877 | 4989 afb0 | 0300 0049 | 8987 a003 | 0000 4883 | ec20 40f6 
  0x000001f86aa1d060: c40f 0f84 | 1900 0000 | 4883 ec08 | 48b8 c0b4 | 0366 fe7f | 0000 ffd0 | 4883 c408 | e90c 0000 
  0x000001f86aa1d080: 0048 b8c0 | b403 66fe | 7f00 00ff | d048 83c4 | 2049 c787 | a003 0000 | 0000 0000 | 49c7 87b0 
  0x000001f86aa1d0a0: 0300 0000 | 0000 0049 | c787 a803 | 0000 0000 | 0000 c5f8 | 7749 837f | 0800 0f84 | 0500 0000 
  0x000001f86aa1d0c0: e9fb 3dff | ff4c 8b6d | c04c 8b75 | c84e 8d74 | f500 c348 | 8b5d e84c | 8b5b 6041 | ffd3 488b 
  0x000001f86aa1d0e0: 5de8 4889 | 4518 448b | 5b28 41f6 | c308 0f84 | 1b00 0000 | 4c8b 5b08 | 4d8b 5b08 | 4d8b 5b18 
  0x000001f86aa1d100: 4d8b 5b70 | 4d8b 1b4c | 895d 1048 | 8d55 1048 | 8b43 5849 | bad0 cb3b | 66fe 7f00 | 0049 3bc2 
  0x000001f86aa1d120: 0f85 ab00 | 0000 e805 | 0000 00e9 | 9900 0000 | 488b d348 | 8d44 2408 | 4c89 6dc0 | 498b cfc5 
  0x000001f86aa1d140: f877 4989 | afb0 0300 | 0049 8987 | a003 0000 | 4883 ec20 | 40f6 c40f | 0f84 1900 | 0000 4883 
  0x000001f86aa1d160: ec08 48b8 | c0b4 0366 | fe7f 0000 | ffd0 4883 | c408 e90c | 0000 0048 | b8c0 b403 | 66fe 7f00 
  0x000001f86aa1d180: 00ff d048 | 83c4 2049 | c787 a003 | 0000 0000 | 0000 49c7 | 87b0 0300 | 0000 0000 | 0049 c787 
  0x000001f86aa1d1a0: a803 0000 | 0000 0000 | c5f8 7749 | 837f 0800 | 0f84 0500 | 0000 e905 | 3dff ff4c | 8b6d c04c 
  0x000001f86aa1d1c0: 8b75 c84e | 8d74 f500 | c348 8b5d | e848 8b43 | 5849 8d8f | c003 0000 | c5f8 7749 | 89af b003 
  0x000001f86aa1d1e0: 0000 49ba | d8d1 a16a | f801 0000 | 4d89 97a8 | 0300 0049 | 89a7 a003 | 0000 41c7 | 8744 0400 
  0x000001f86aa1d200: 0004 0000 | 00ff d0c5 | f877 4883 | ec10 c5fb | 1104 2448 | 83ec 1048 | 8904 2448 | c744 2408 
  0x000001f86aa1d220: 0000 0000 | 41c7 8744 | 0400 0005 | 0000 00f0 | 8344 24c0 | 0049 3baf | 4804 0000 | 0f87 0e00 
  0x000001f86aa1d240: 0000 4183 | bf40 0400 | 0000 0f84 | 2000 0000 | 498b cf4c | 8be4 4883 | ec20 4883 | e4f0 48b8 
  0x000001f86aa1d260: 6010 0566 | fe7f 0000 | ffd0 498b | e44d 33e4 | 41c7 8744 | 0400 0008 | 0000 0049 | c787 a003 
  0x000001f86aa1d280: 0000 0000 | 0000 49c7 | 87b0 0300 | 0000 0000 | 0049 c787 | a803 0000 | 0000 0000 | c5f8 774d 
  0x000001f86aa1d2a0: 8b9f 3004 | 0000 41c7 | 8300 0100 | 0000 0000 | 0049 bbda | a5a1 6af8 | 0100 004c | 3b5d 180f 
  0x000001f86aa1d2c0: 8524 0200 | 0048 8b04 | 2448 83c4 | 1048 85c0 | 0f84 fe01 | 0000 a803 | 0f85 0800 | 0000 488b 
  0x000001f86aa1d2e0: 00e9 ee01 | 0000 a801 | 0f85 0900 | 0000 488b | 40fe e9dd | 0100 0048 | 8b40 ff41 | 807f 3800 
  0x000001f86aa1d300: 0f84 ce01 | 0000 4883 | f800 0f84 | c401 0000 | 4d8b 5f28 | 4983 fb00 | 0f84 1400 | 0000 4983 
  0x000001f86aa1d320: eb08 4d89 | 5f28 4d03 | 5f30 4989 | 03e9 a201 | 0000 4881 | ecd0 0000 | 0048 8904 | 2448 894c 
  0x000001f86aa1d340: 2408 4889 | 5424 1048 | 8974 2418 | 4889 7c24 | 204c 8944 | 2428 4c89 | 4c24 304c | 8954 2438 
  0x000001f86aa1d360: 4c89 5c24 | 40c5 fb11 | 4424 50c5 | fb11 4c24 | 58c5 fb11 | 5424 60c5 | fb11 5c24 | 68c5 fb11 
  0x000001f86aa1d380: 6424 70c5 | fb11 6c24 | 78c5 fb11 | b424 8000 | 0000 c5fb | 11bc 2488 | 0000 00c5 | 7b11 8424 
  0x000001f86aa1d3a0: 9000 0000 | c57b 118c | 2498 0000 | 00c5 7b11 | 9424 a000 | 0000 c57b | 119c 24a8 | 0000 00c5 
  0x000001f86aa1d3c0: 7b11 a424 | b000 0000 | c57b 11ac | 24b8 0000 | 00c5 7b11 | b424 c000 | 0000 c57b | 11bc 24c8 
  0x000001f86aa1d3e0: 0000 0049 | 8bd7 488b | c848 83ec | 2040 f6c4 | 0f0f 8419 | 0000 0048 | 83ec 0848 | b8b0 79f8 
  0x000001f86aa1d400: 65fe 7f00 | 00ff d048 | 83c4 08e9 | 0c00 0000 | 48b8 b079 | f865 fe7f | 0000 ffd0 | 4883 c420 
  0x000001f86aa1d420: c57b 10bc | 24c8 0000 | 00c5 7b10 | b424 c000 | 0000 c57b | 10ac 24b8 | 0000 00c5 | 7b10 a424 
  0x000001f86aa1d440: b000 0000 | c57b 109c | 24a8 0000 | 00c5 7b10 | 9424 a000 | 0000 c57b | 108c 2498 | 0000 00c5 
  0x000001f86aa1d460: 7b10 8424 | 9000 0000 | c5fb 10bc | 2488 0000 | 00c5 fb10 | b424 8000 | 0000 c5fb | 106c 2478 
  0x000001f86aa1d480: c5fb 1064 | 2470 c5fb | 105c 2468 | c5fb 1054 | 2460 c5fb | 104c 2458 | c5fb 1044 | 2450 4c8b 
  0x000001f86aa1d4a0: 5c24 404c | 8b54 2438 | 4c8b 4c24 | 304c 8b44 | 2428 488b | 7c24 2048 | 8b74 2418 | 488b 5424 
  0x000001f86aa1d4c0: 1048 8b4c | 2408 488b | 0424 4881 | c4d0 0000 | 00c5 f877 | 4889 4510 | 4883 ec10 | 4889 0424 
  0x000001f86aa1d4e0: 48c7 4424 | 0800 0000 | 0041 83bf | c804 0000 | 020f 85bf | 0000 0048 | 81ec 8000 | 0000 4889 
  0x000001f86aa1d500: 4424 7848 | 894c 2470 | 4889 5424 | 6848 895c | 2460 4889 | 6c24 5048 | 8974 2448 | 4889 7c24 
  0x000001f86aa1d520: 404c 8944 | 2438 4c89 | 4c24 304c | 8954 2428 | 4c89 5c24 | 204c 8964 | 2418 4c89 | 6c24 104c 
  0x000001f86aa1d540: 8974 2408 | 4c89 3c24 | 4c8b e448 | 83ec 2048 | 83e4 f048 | b840 b33b | 66fe 7f00 | 00ff d049 
  0x000001f86aa1d560: 8be4 4c8b | 3c24 4c8b | 7424 084c | 8b6c 2410 | 4c8b 6424 | 184c 8b5c | 2420 4c8b | 5424 284c 
  0x000001f86aa1d580: 8b4c 2430 | 4c8b 4424 | 3848 8b7c | 2440 488b | 7424 4848 | 8b6c 2450 | 488b 5c24 | 6048 8b54 
  0x000001f86aa1d5a0: 2468 488b | 4c24 7048 | 8b44 2478 | 4881 c480 | 0000 004d | 33e4 488b | 5de8 4c8b | 6b08 4d8d 
  0x000001f86aa1d5c0: 6d38 4983 | 7f08 000f | 84bb 0000 | 00e8 0500 | 0000 e996 | 0000 0048 | 8d44 2408 | 4c89 6dc0 
  0x000001f86aa1d5e0: 498b cfc5 | f877 4989 | afb0 0300 | 0049 8987 | a003 0000 | 4883 ec20 | 40f6 c40f | 0f84 1900 
  0x000001f86aa1d600: 0000 4883 | ec08 48b8 | d0d2 0366 | fe7f 0000 | ffd0 4883 | c408 e90c | 0000 0048 | b8d0 d203 
  0x000001f86aa1d620: 66fe 7f00 | 00ff d048 | 83c4 2049 | c787 a003 | 0000 0000 | 0000 49c7 | 87b0 0300 | 0000 0000 
  0x000001f86aa1d640: 0049 c787 | a803 0000 | 0000 0000 | c5f8 7749 | 837f 0800 | 0f84 0500 | 0000 e961 | 38ff ff4c 
  0x000001f86aa1d660: 8b6d c04c | 8b75 c84e | 8d74 f500 | c348 b920 | 8e68 66fe | 7f00 0048 | 83e4 f048 | b870 b329 
  0x000001f86aa1d680: 66fe 7f00 | 00ff d0f4 | 448b 5b28 | 41f6 c320 | 0f84 7901 | 0000 488d | 55a8 4c8b | 5a08 4d85 
  0x000001f86aa1d6a0: db0f 85bb | 0000 00e8 | 0500 0000 | e996 0000 | 0048 8d44 | 2408 4c89 | 6dc0 498b | cfc5 f877 
  0x000001f86aa1d6c0: 4989 afb0 | 0300 0049 | 8987 a003 | 0000 4883 | ec20 40f6 | c40f 0f84 | 1900 0000 | 4883 ec08 
  0x000001f86aa1d6e0: 48b8 00d2 | 0366 fe7f | 0000 ffd0 | 4883 c408 | e90c 0000 | 0048 b800 | d203 66fe | 7f00 00ff 
  0x000001f86aa1d700: d048 83c4 | 2049 c787 | a003 0000 | 0000 0000 | 49c7 87b0 | 0300 0000 | 0000 0049 | c787 a803 
  0x000001f86aa1d720: 0000 0000 | 0000 c5f8 | 7749 837f | 0800 0f84 | 0500 0000 | e987 37ff | ff4c 8b6d | c04c 8b75 
  0x000001f86aa1d740: c84e 8d74 | f500 c348 | b920 8e68 | 66fe 7f00 | 0048 83e4 | f048 b870 | b329 66fe | 7f00 00ff 
  0x000001f86aa1d760: d0f4 4c89 | 6dc0 4c8b | 4a08 48c7 | 4208 0000 | 0000 458b | 8718 0600 | 004f 3b4c | 07f8 0f85 
  0x000001f86aa1d780: 4900 0000 | 4183 af18 | 0600 0008 | 4f3b 4c07 | f00f 842a | 0000 0049 | 8b01 a802 | 0f85 1200 
  0x000001f86aa1d7a0: 0000 4c8b | c049 83c8 | 01f0 4d0f | b101 0f84 | 0d00 0000 | 4183 8718 | 0600 0008 | e90c 0000 
  0x000001f86aa1d7c0: 0049 ff8f | 5005 0000 | e93e 0000 | 004c 894a | 0848 8bca | 4883 ec20 | 40f6 c40f | 0f84 1900 
  0x000001f86aa1d7e0: 0000 4883 | ec08 48b8 | c0a4 0366 | fe7f 0000 | ffd0 4883 | c408 e90c | 0000 0048 | b8c0 a403 
  0x000001f86aa1d800: 66fe 7f00 | 00ff d048 | 83c4 204c | 8b6d c049 | ba91 3192 | 66fe 7f00 | 0041 803a | 000f 843e 
  0x000001f86aa1d820: 0000 0048 | 8b55 e849 | 8bcf 4883 | ec20 40f6 | c40f 0f84 | 1900 0000 | 4883 ec08 | 48b8 707e 
  0x000001f86aa1d840: 3b66 fe7f | 0000 ffd0 | 4883 c408 | e90c 0000 | 0048 b870 | 7e3b 66fe | 7f00 00ff | d048 83c4 
  0x000001f86aa1d860: 2048 8b04 | 2448 83c4 | 10c5 fb10 | 0424 4883 | c410 4c8b | 5d18 41ff | d34c 8b5d | f8c9 5f49 
  0x000001f86aa1d880: 8be3 ffe7 | ba00 0000 | 00e8 0500 | 0000 e996 | 0000 0048 | 8d44 2408 | 4c89 6dc0 | 498b cfc5 
  0x000001f86aa1d8a0: f877 4989 | afb0 0300 | 0049 8987 | a003 0000 | 4883 ec20 | 40f6 c40f | 0f84 1900 | 0000 4883 
  0x000001f86aa1d8c0: ec08 48b8 | 7098 0366 | fe7f 0000 | ffd0 4883 | c408 e90c | 0000 0048 | b870 9803 | 66fe 7f00 
  0x000001f86aa1d8e0: 00ff d048 | 83c4 2049 | c787 a003 | 0000 0000 | 0000 49c7 | 87b0 0300 | 0000 0000 | 0049 c787 
  0x000001f86aa1d900: a803 0000 | 0000 0000 | c5f8 7749 | 837f 0800 | 0f84 0500 | 0000 e9a5 | 35ff ff4c | 8b6d c04c 
  0x000001f86aa1d920: 8b75 c84e | 8d74 f500 | c348 8b5d | e8e9 26f6 | ffff 660f | 1f44 0000 
[/MachCode]

---------------  P R O C E S S  ---------------

Threads class SMR info:
_java_thread_list=0x000001f8424b5270, length=16, elements={
0x000001f87d7b8b50, 0x000001f87d7bade0, 0x000001f87d7bd470, 0x000001f87d7bfee0,
0x000001f87d7c0af0, 0x000001f87d7c3c80, 0x000001f87d7d18c0, 0x000001f87d7d9480,
0x000001f8421efbc0, 0x000001f87d7d7270, 0x000001f84224e730, 0x000001f8424a5350,
0x000001f8423fba40, 0x000001f8424a79d0, 0x000001f85d3619c0, 0x000001f842503210
}

Java Threads: ( => current thread )
  0x000001f87d7b8b50 JavaThread "Reference Handler"          daemon [_thread_blocked, id=4424, stack(0x000000c850500000,0x000000c850600000) (1024K)]
  0x000001f87d7bade0 JavaThread "Finalizer"                  daemon [_thread_blocked, id=39220, stack(0x000000c850600000,0x000000c850700000) (1024K)]
  0x000001f87d7bd470 JavaThread "Signal Dispatcher"          daemon [_thread_blocked, id=35316, stack(0x000000c850700000,0x000000c850800000) (1024K)]
  0x000001f87d7bfee0 JavaThread "Attach Listener"            daemon [_thread_blocked, id=41744, stack(0x000000c850800000,0x000000c850900000) (1024K)]
  0x000001f87d7c0af0 JavaThread "Service Thread"             daemon [_thread_blocked, id=40520, stack(0x000000c850900000,0x000000c850a00000) (1024K)]
  0x000001f87d7c3c80 JavaThread "Monitor Deflation Thread"   daemon [_thread_blocked, id=41748, stack(0x000000c850a00000,0x000000c850b00000) (1024K)]
  0x000001f87d7d18c0 JavaThread "C2 CompilerThread0"         daemon [_thread_blocked, id=4828, stack(0x000000c850b00000,0x000000c850c00000) (1024K)]
  0x000001f87d7d9480 JavaThread "C1 CompilerThread0"         daemon [_thread_blocked, id=40004, stack(0x000000c850c00000,0x000000c850d00000) (1024K)]
  0x000001f8421efbc0 JavaThread "Common-Cleaner"             daemon [_thread_blocked, id=41756, stack(0x000000c850d00000,0x000000c850e00000) (1024K)]
  0x000001f87d7d7270 JavaThread "C1 CompilerThread1"         daemon [_thread_blocked, id=39160, stack(0x000000c850e00000,0x000000c850f00000) (1024K)]
  0x000001f84224e730 JavaThread "Notification Thread"        daemon [_thread_blocked, id=40356, stack(0x000000c850f00000,0x000000c851000000) (1024K)]
  0x000001f8424a5350 JavaThread "Java2D Disposer"            daemon [_thread_blocked, id=39940, stack(0x000000c851000000,0x000000c851100000) (1024K)]
  0x000001f8423fba40 JavaThread "AWT-Shutdown"                      [_thread_blocked, id=29824, stack(0x000000c851100000,0x000000c851200000) (1024K)]
  0x000001f8424a79d0 JavaThread "AWT-Windows"                daemon [_thread_in_native, id=40040, stack(0x000000c851200000,0x000000c851300000) (1024K)]
  0x000001f85d3619c0 JavaThread "DestroyJavaVM"                     [_thread_blocked, id=39192, stack(0x000000c84fd00000,0x000000c84fe00000) (1024K)]
=>0x000001f842503210 JavaThread "AWT-EventQueue-0"                  [_thread_in_native, id=39608, stack(0x000000c851300000,0x000000c851400000) (1024K)]
Total: 16

Other Threads:
  0x000001f87d7a1b60 VMThread "VM Thread"                           [id=41740, stack(0x000000c850400000,0x000000c850500000) (1024K)]
  0x000001f87d788b20 WatcherThread "VM Periodic Task Thread"        [id=34076, stack(0x000000c850300000,0x000000c850400000) (1024K)]
  0x000001f85f7c6050 WorkerThread "GC Thread#0"                     [id=39528, stack(0x000000c84fe00000,0x000000c84ff00000) (1024K)]
  0x000001f85f7db8a0 ConcurrentGCThread "G1 Main Marker"            [id=39556, stack(0x000000c84ff00000,0x000000c850000000) (1024K)]
  0x000001f85f7dc3b0 WorkerThread "G1 Conc#0"                       [id=38984, stack(0x000000c850000000,0x000000c850100000) (1024K)]
  0x000001f87d6dcb70 ConcurrentGCThread "G1 Refine#0"               [id=39184, stack(0x000000c850100000,0x000000c850200000) (1024K)]
  0x000001f87d6dd600 ConcurrentGCThread "G1 Service"                [id=10440, stack(0x000000c850200000,0x000000c850300000) (1024K)]
Total: 7

Threads with active compile tasks:
Total: 0

VM state: not at safepoint (normal execution)

VM Mutex/Monitor currently owned by a thread: None

Heap address: 0x0000000604000000, size: 8128 MB, Compressed Oops mode: Zero based, Oop shift amount: 3

CDS archive(s) mapped at: [0x000001f801000000-0x000001f801d70000-0x000001f801d70000), size 14090240, SharedBaseAddress: 0x000001f801000000, ArchiveRelocationMode: 1.
Compressed class space mapped at: 0x000001f802000000-0x000001f842000000, reserved size: 1073741824
Narrow klass base: 0x000001f801000000, Narrow klass shift: 0, Narrow klass range: 0x41000000

GC Precious Log:
 CardTable entry size: 512
 Card Set container configuration: InlinePtr #cards 4 size 8 Array Of Cards #cards 32 size 80 Howl #buckets 8 coarsen threshold 7372 Howl Bitmap #cards 1024 size 144 coarsen threshold 921 Card regions per heap region 1 cards per card region 8192
 CPUs: 28 total, 28 available
 Memory: 32509M
 Large Page Support: Disabled
 NUMA Support: Disabled
 Compressed Oops: Enabled (Zero based)
 Heap Region Size: 4M
 Heap Min Capacity: 8M
 Heap Initial Capacity: 508M
 Heap Max Capacity: 8128M
 Pre-touch: Disabled
 Parallel Workers: 20
 Concurrent Workers: 5
 Concurrent Refinement Workers: 20
 Periodic GC: Disabled

Heap:
 garbage-first heap   total reserved 8323072K, committed 520192K, used 8192K [0x0000000604000000, 0x0000000800000000)
  region size 4096K, 3 young (12288K), 0 survivors (0K)
 Metaspace       used 4714K, committed 4992K, reserved 1114112K
  class space    used 510K, committed 640K, reserved 1048576K

Heap Regions: E=young(eden), S=young(survivor), O=old, HS=humongous(starts), HC=humongous(continues), CS=collection set, F=free, TAMS=top-at-mark-start, PB=parsable bottom
|   0|0x0000000604000000, 0x0000000604000000, 0x0000000604400000|  0%| F|  |TAMS 0x0000000604000000| PB 0x0000000604000000| Untracked |  0
|   1|0x0000000604400000, 0x0000000604400000, 0x0000000604800000|  0%| F|  |TAMS 0x0000000604400000| PB 0x0000000604400000| Untracked |  0
|   2|0x0000000604800000, 0x0000000604800000, 0x0000000604c00000|  0%| F|  |TAMS 0x0000000604800000| PB 0x0000000604800000| Untracked |  0
|   3|0x0000000604c00000, 0x0000000604c00000, 0x0000000605000000|  0%| F|  |TAMS 0x0000000604c00000| PB 0x0000000604c00000| Untracked |  0
|   4|0x0000000605000000, 0x0000000605000000, 0x0000000605400000|  0%| F|  |TAMS 0x0000000605000000| PB 0x0000000605000000| Untracked |  0
|   5|0x0000000605400000, 0x0000000605400000, 0x0000000605800000|  0%| F|  |TAMS 0x0000000605400000| PB 0x0000000605400000| Untracked |  0
|   6|0x0000000605800000, 0x0000000605800000, 0x0000000605c00000|  0%| F|  |TAMS 0x0000000605800000| PB 0x0000000605800000| Untracked |  0
|   7|0x0000000605c00000, 0x0000000605c00000, 0x0000000606000000|  0%| F|  |TAMS 0x0000000605c00000| PB 0x0000000605c00000| Untracked |  0
|   8|0x0000000606000000, 0x0000000606000000, 0x0000000606400000|  0%| F|  |TAMS 0x0000000606000000| PB 0x0000000606000000| Untracked |  0
|   9|0x0000000606400000, 0x0000000606400000, 0x0000000606800000|  0%| F|  |TAMS 0x0000000606400000| PB 0x0000000606400000| Untracked |  0
|  10|0x0000000606800000, 0x0000000606800000, 0x0000000606c00000|  0%| F|  |TAMS 0x0000000606800000| PB 0x0000000606800000| Untracked |  0
|  11|0x0000000606c00000, 0x0000000606c00000, 0x0000000607000000|  0%| F|  |TAMS 0x0000000606c00000| PB 0x0000000606c00000| Untracked |  0
|  12|0x0000000607000000, 0x0000000607000000, 0x0000000607400000|  0%| F|  |TAMS 0x0000000607000000| PB 0x0000000607000000| Untracked |  0
|  13|0x0000000607400000, 0x0000000607400000, 0x0000000607800000|  0%| F|  |TAMS 0x0000000607400000| PB 0x0000000607400000| Untracked |  0
|  14|0x0000000607800000, 0x0000000607800000, 0x0000000607c00000|  0%| F|  |TAMS 0x0000000607800000| PB 0x0000000607800000| Untracked |  0
|  15|0x0000000607c00000, 0x0000000607c00000, 0x0000000608000000|  0%| F|  |TAMS 0x0000000607c00000| PB 0x0000000607c00000| Untracked |  0
|  16|0x0000000608000000, 0x0000000608000000, 0x0000000608400000|  0%| F|  |TAMS 0x0000000608000000| PB 0x0000000608000000| Untracked |  0
|  17|0x0000000608400000, 0x0000000608400000, 0x0000000608800000|  0%| F|  |TAMS 0x0000000608400000| PB 0x0000000608400000| Untracked |  0
|  18|0x0000000608800000, 0x0000000608800000, 0x0000000608c00000|  0%| F|  |TAMS 0x0000000608800000| PB 0x0000000608800000| Untracked |  0
|  19|0x0000000608c00000, 0x0000000608c00000, 0x0000000609000000|  0%| F|  |TAMS 0x0000000608c00000| PB 0x0000000608c00000| Untracked |  0
|  20|0x0000000609000000, 0x0000000609000000, 0x0000000609400000|  0%| F|  |TAMS 0x0000000609000000| PB 0x0000000609000000| Untracked |  0
|  21|0x0000000609400000, 0x0000000609400000, 0x0000000609800000|  0%| F|  |TAMS 0x0000000609400000| PB 0x0000000609400000| Untracked |  0
|  22|0x0000000609800000, 0x0000000609800000, 0x0000000609c00000|  0%| F|  |TAMS 0x0000000609800000| PB 0x0000000609800000| Untracked |  0
|  23|0x0000000609c00000, 0x0000000609c00000, 0x000000060a000000|  0%| F|  |TAMS 0x0000000609c00000| PB 0x0000000609c00000| Untracked |  0
|  24|0x000000060a000000, 0x000000060a000000, 0x000000060a400000|  0%| F|  |TAMS 0x000000060a000000| PB 0x000000060a000000| Untracked |  0
|  25|0x000000060a400000, 0x000000060a400000, 0x000000060a800000|  0%| F|  |TAMS 0x000000060a400000| PB 0x000000060a400000| Untracked |  0
|  26|0x000000060a800000, 0x000000060a800000, 0x000000060ac00000|  0%| F|  |TAMS 0x000000060a800000| PB 0x000000060a800000| Untracked |  0
|  27|0x000000060ac00000, 0x000000060ac00000, 0x000000060b000000|  0%| F|  |TAMS 0x000000060ac00000| PB 0x000000060ac00000| Untracked |  0
|  28|0x000000060b000000, 0x000000060b000000, 0x000000060b400000|  0%| F|  |TAMS 0x000000060b000000| PB 0x000000060b000000| Untracked |  0
|  29|0x000000060b400000, 0x000000060b400000, 0x000000060b800000|  0%| F|  |TAMS 0x000000060b400000| PB 0x000000060b400000| Untracked |  0
|  30|0x000000060b800000, 0x000000060b800000, 0x000000060bc00000|  0%| F|  |TAMS 0x000000060b800000| PB 0x000000060b800000| Untracked |  0
|  31|0x000000060bc00000, 0x000000060bc00000, 0x000000060c000000|  0%| F|  |TAMS 0x000000060bc00000| PB 0x000000060bc00000| Untracked |  0
|  32|0x000000060c000000, 0x000000060c000000, 0x000000060c400000|  0%| F|  |TAMS 0x000000060c000000| PB 0x000000060c000000| Untracked |  0
|  33|0x000000060c400000, 0x000000060c400000, 0x000000060c800000|  0%| F|  |TAMS 0x000000060c400000| PB 0x000000060c400000| Untracked |  0
|  34|0x000000060c800000, 0x000000060c800000, 0x000000060cc00000|  0%| F|  |TAMS 0x000000060c800000| PB 0x000000060c800000| Untracked |  0
|  35|0x000000060cc00000, 0x000000060cc00000, 0x000000060d000000|  0%| F|  |TAMS 0x000000060cc00000| PB 0x000000060cc00000| Untracked |  0
|  36|0x000000060d000000, 0x000000060d000000, 0x000000060d400000|  0%| F|  |TAMS 0x000000060d000000| PB 0x000000060d000000| Untracked |  0
|  37|0x000000060d400000, 0x000000060d400000, 0x000000060d800000|  0%| F|  |TAMS 0x000000060d400000| PB 0x000000060d400000| Untracked |  0
|  38|0x000000060d800000, 0x000000060d800000, 0x000000060dc00000|  0%| F|  |TAMS 0x000000060d800000| PB 0x000000060d800000| Untracked |  0
|  39|0x000000060dc00000, 0x000000060dc00000, 0x000000060e000000|  0%| F|  |TAMS 0x000000060dc00000| PB 0x000000060dc00000| Untracked |  0
|  40|0x000000060e000000, 0x000000060e000000, 0x000000060e400000|  0%| F|  |TAMS 0x000000060e000000| PB 0x000000060e000000| Untracked |  0
|  41|0x000000060e400000, 0x000000060e400000, 0x000000060e800000|  0%| F|  |TAMS 0x000000060e400000| PB 0x000000060e400000| Untracked |  0
|  42|0x000000060e800000, 0x000000060e800000, 0x000000060ec00000|  0%| F|  |TAMS 0x000000060e800000| PB 0x000000060e800000| Untracked |  0
|  43|0x000000060ec00000, 0x000000060ec00000, 0x000000060f000000|  0%| F|  |TAMS 0x000000060ec00000| PB 0x000000060ec00000| Untracked |  0
|  44|0x000000060f000000, 0x000000060f000000, 0x000000060f400000|  0%| F|  |TAMS 0x000000060f000000| PB 0x000000060f000000| Untracked |  0
|  45|0x000000060f400000, 0x000000060f400000, 0x000000060f800000|  0%| F|  |TAMS 0x000000060f400000| PB 0x000000060f400000| Untracked |  0
|  46|0x000000060f800000, 0x000000060f800000, 0x000000060fc00000|  0%| F|  |TAMS 0x000000060f800000| PB 0x000000060f800000| Untracked |  0
|  47|0x000000060fc00000, 0x000000060fc00000, 0x0000000610000000|  0%| F|  |TAMS 0x000000060fc00000| PB 0x000000060fc00000| Untracked |  0
|  48|0x0000000610000000, 0x0000000610000000, 0x0000000610400000|  0%| F|  |TAMS 0x0000000610000000| PB 0x0000000610000000| Untracked |  0
|  49|0x0000000610400000, 0x0000000610400000, 0x0000000610800000|  0%| F|  |TAMS 0x0000000610400000| PB 0x0000000610400000| Untracked |  0
|  50|0x0000000610800000, 0x0000000610800000, 0x0000000610c00000|  0%| F|  |TAMS 0x0000000610800000| PB 0x0000000610800000| Untracked |  0
|  51|0x0000000610c00000, 0x0000000610c00000, 0x0000000611000000|  0%| F|  |TAMS 0x0000000610c00000| PB 0x0000000610c00000| Untracked |  0
|  52|0x0000000611000000, 0x0000000611000000, 0x0000000611400000|  0%| F|  |TAMS 0x0000000611000000| PB 0x0000000611000000| Untracked |  0
|  53|0x0000000611400000, 0x0000000611400000, 0x0000000611800000|  0%| F|  |TAMS 0x0000000611400000| PB 0x0000000611400000| Untracked |  0
|  54|0x0000000611800000, 0x0000000611800000, 0x0000000611c00000|  0%| F|  |TAMS 0x0000000611800000| PB 0x0000000611800000| Untracked |  0
|  55|0x0000000611c00000, 0x0000000611c00000, 0x0000000612000000|  0%| F|  |TAMS 0x0000000611c00000| PB 0x0000000611c00000| Untracked |  0
|  56|0x0000000612000000, 0x0000000612000000, 0x0000000612400000|  0%| F|  |TAMS 0x0000000612000000| PB 0x0000000612000000| Untracked |  0
|  57|0x0000000612400000, 0x0000000612400000, 0x0000000612800000|  0%| F|  |TAMS 0x0000000612400000| PB 0x0000000612400000| Untracked |  0
|  58|0x0000000612800000, 0x0000000612800000, 0x0000000612c00000|  0%| F|  |TAMS 0x0000000612800000| PB 0x0000000612800000| Untracked |  0
|  59|0x0000000612c00000, 0x0000000612c00000, 0x0000000613000000|  0%| F|  |TAMS 0x0000000612c00000| PB 0x0000000612c00000| Untracked |  0
|  60|0x0000000613000000, 0x0000000613000000, 0x0000000613400000|  0%| F|  |TAMS 0x0000000613000000| PB 0x0000000613000000| Untracked |  0
|  61|0x0000000613400000, 0x0000000613400000, 0x0000000613800000|  0%| F|  |TAMS 0x0000000613400000| PB 0x0000000613400000| Untracked |  0
|  62|0x0000000613800000, 0x0000000613800000, 0x0000000613c00000|  0%| F|  |TAMS 0x0000000613800000| PB 0x0000000613800000| Untracked |  0
|  63|0x0000000613c00000, 0x0000000613c00000, 0x0000000614000000|  0%| F|  |TAMS 0x0000000613c00000| PB 0x0000000613c00000| Untracked |  0
|  64|0x0000000614000000, 0x0000000614000000, 0x0000000614400000|  0%| F|  |TAMS 0x0000000614000000| PB 0x0000000614000000| Untracked |  0
|  65|0x0000000614400000, 0x0000000614400000, 0x0000000614800000|  0%| F|  |TAMS 0x0000000614400000| PB 0x0000000614400000| Untracked |  0
|  66|0x0000000614800000, 0x0000000614800000, 0x0000000614c00000|  0%| F|  |TAMS 0x0000000614800000| PB 0x0000000614800000| Untracked |  0
|  67|0x0000000614c00000, 0x0000000614c00000, 0x0000000615000000|  0%| F|  |TAMS 0x0000000614c00000| PB 0x0000000614c00000| Untracked |  0
|  68|0x0000000615000000, 0x0000000615000000, 0x0000000615400000|  0%| F|  |TAMS 0x0000000615000000| PB 0x0000000615000000| Untracked |  0
|  69|0x0000000615400000, 0x0000000615400000, 0x0000000615800000|  0%| F|  |TAMS 0x0000000615400000| PB 0x0000000615400000| Untracked |  0
|  70|0x0000000615800000, 0x0000000615800000, 0x0000000615c00000|  0%| F|  |TAMS 0x0000000615800000| PB 0x0000000615800000| Untracked |  0
|  71|0x0000000615c00000, 0x0000000615c00000, 0x0000000616000000|  0%| F|  |TAMS 0x0000000615c00000| PB 0x0000000615c00000| Untracked |  0
|  72|0x0000000616000000, 0x0000000616000000, 0x0000000616400000|  0%| F|  |TAMS 0x0000000616000000| PB 0x0000000616000000| Untracked |  0
|  73|0x0000000616400000, 0x0000000616400000, 0x0000000616800000|  0%| F|  |TAMS 0x0000000616400000| PB 0x0000000616400000| Untracked |  0
|  74|0x0000000616800000, 0x0000000616800000, 0x0000000616c00000|  0%| F|  |TAMS 0x0000000616800000| PB 0x0000000616800000| Untracked |  0
|  75|0x0000000616c00000, 0x0000000616c00000, 0x0000000617000000|  0%| F|  |TAMS 0x0000000616c00000| PB 0x0000000616c00000| Untracked |  0
|  76|0x0000000617000000, 0x0000000617000000, 0x0000000617400000|  0%| F|  |TAMS 0x0000000617000000| PB 0x0000000617000000| Untracked |  0
|  77|0x0000000617400000, 0x0000000617400000, 0x0000000617800000|  0%| F|  |TAMS 0x0000000617400000| PB 0x0000000617400000| Untracked |  0
|  78|0x0000000617800000, 0x0000000617800000, 0x0000000617c00000|  0%| F|  |TAMS 0x0000000617800000| PB 0x0000000617800000| Untracked |  0
|  79|0x0000000617c00000, 0x0000000617c00000, 0x0000000618000000|  0%| F|  |TAMS 0x0000000617c00000| PB 0x0000000617c00000| Untracked |  0
|  80|0x0000000618000000, 0x0000000618000000, 0x0000000618400000|  0%| F|  |TAMS 0x0000000618000000| PB 0x0000000618000000| Untracked |  0
|  81|0x0000000618400000, 0x0000000618400000, 0x0000000618800000|  0%| F|  |TAMS 0x0000000618400000| PB 0x0000000618400000| Untracked |  0
|  82|0x0000000618800000, 0x0000000618800000, 0x0000000618c00000|  0%| F|  |TAMS 0x0000000618800000| PB 0x0000000618800000| Untracked |  0
|  83|0x0000000618c00000, 0x0000000618c00000, 0x0000000619000000|  0%| F|  |TAMS 0x0000000618c00000| PB 0x0000000618c00000| Untracked |  0
|  84|0x0000000619000000, 0x0000000619000000, 0x0000000619400000|  0%| F|  |TAMS 0x0000000619000000| PB 0x0000000619000000| Untracked |  0
|  85|0x0000000619400000, 0x0000000619400000, 0x0000000619800000|  0%| F|  |TAMS 0x0000000619400000| PB 0x0000000619400000| Untracked |  0
|  86|0x0000000619800000, 0x0000000619800000, 0x0000000619c00000|  0%| F|  |TAMS 0x0000000619800000| PB 0x0000000619800000| Untracked |  0
|  87|0x0000000619c00000, 0x0000000619c00000, 0x000000061a000000|  0%| F|  |TAMS 0x0000000619c00000| PB 0x0000000619c00000| Untracked |  0
|  88|0x000000061a000000, 0x000000061a000000, 0x000000061a400000|  0%| F|  |TAMS 0x000000061a000000| PB 0x000000061a000000| Untracked |  0
|  89|0x000000061a400000, 0x000000061a400000, 0x000000061a800000|  0%| F|  |TAMS 0x000000061a400000| PB 0x000000061a400000| Untracked |  0
|  90|0x000000061a800000, 0x000000061a800000, 0x000000061ac00000|  0%| F|  |TAMS 0x000000061a800000| PB 0x000000061a800000| Untracked |  0
|  91|0x000000061ac00000, 0x000000061ac00000, 0x000000061b000000|  0%| F|  |TAMS 0x000000061ac00000| PB 0x000000061ac00000| Untracked |  0
|  92|0x000000061b000000, 0x000000061b000000, 0x000000061b400000|  0%| F|  |TAMS 0x000000061b000000| PB 0x000000061b000000| Untracked |  0
|  93|0x000000061b400000, 0x000000061b400000, 0x000000061b800000|  0%| F|  |TAMS 0x000000061b400000| PB 0x000000061b400000| Untracked |  0
|  94|0x000000061b800000, 0x000000061b800000, 0x000000061bc00000|  0%| F|  |TAMS 0x000000061b800000| PB 0x000000061b800000| Untracked |  0
|  95|0x000000061bc00000, 0x000000061bc00000, 0x000000061c000000|  0%| F|  |TAMS 0x000000061bc00000| PB 0x000000061bc00000| Untracked |  0
|  96|0x000000061c000000, 0x000000061c000000, 0x000000061c400000|  0%| F|  |TAMS 0x000000061c000000| PB 0x000000061c000000| Untracked |  0
|  97|0x000000061c400000, 0x000000061c400000, 0x000000061c800000|  0%| F|  |TAMS 0x000000061c400000| PB 0x000000061c400000| Untracked |  0
|  98|0x000000061c800000, 0x000000061c800000, 0x000000061cc00000|  0%| F|  |TAMS 0x000000061c800000| PB 0x000000061c800000| Untracked |  0
|  99|0x000000061cc00000, 0x000000061cc00000, 0x000000061d000000|  0%| F|  |TAMS 0x000000061cc00000| PB 0x000000061cc00000| Untracked |  0
| 100|0x000000061d000000, 0x000000061d000000, 0x000000061d400000|  0%| F|  |TAMS 0x000000061d000000| PB 0x000000061d000000| Untracked |  0
| 101|0x000000061d400000, 0x000000061d400000, 0x000000061d800000|  0%| F|  |TAMS 0x000000061d400000| PB 0x000000061d400000| Untracked |  0
| 102|0x000000061d800000, 0x000000061d800000, 0x000000061dc00000|  0%| F|  |TAMS 0x000000061d800000| PB 0x000000061d800000| Untracked |  0
| 103|0x000000061dc00000, 0x000000061dc00000, 0x000000061e000000|  0%| F|  |TAMS 0x000000061dc00000| PB 0x000000061dc00000| Untracked |  0
| 104|0x000000061e000000, 0x000000061e000000, 0x000000061e400000|  0%| F|  |TAMS 0x000000061e000000| PB 0x000000061e000000| Untracked |  0
| 105|0x000000061e400000, 0x000000061e400000, 0x000000061e800000|  0%| F|  |TAMS 0x000000061e400000| PB 0x000000061e400000| Untracked |  0
| 106|0x000000061e800000, 0x000000061e800000, 0x000000061ec00000|  0%| F|  |TAMS 0x000000061e800000| PB 0x000000061e800000| Untracked |  0
| 107|0x000000061ec00000, 0x000000061ec00000, 0x000000061f000000|  0%| F|  |TAMS 0x000000061ec00000| PB 0x000000061ec00000| Untracked |  0
| 108|0x000000061f000000, 0x000000061f000000, 0x000000061f400000|  0%| F|  |TAMS 0x000000061f000000| PB 0x000000061f000000| Untracked |  0
| 109|0x000000061f400000, 0x000000061f400000, 0x000000061f800000|  0%| F|  |TAMS 0x000000061f400000| PB 0x000000061f400000| Untracked |  0
| 110|0x000000061f800000, 0x000000061f800000, 0x000000061fc00000|  0%| F|  |TAMS 0x000000061f800000| PB 0x000000061f800000| Untracked |  0
| 111|0x000000061fc00000, 0x000000061fc00000, 0x0000000620000000|  0%| F|  |TAMS 0x000000061fc00000| PB 0x000000061fc00000| Untracked |  0
| 112|0x0000000620000000, 0x0000000620000000, 0x0000000620400000|  0%| F|  |TAMS 0x0000000620000000| PB 0x0000000620000000| Untracked |  0
| 113|0x0000000620400000, 0x0000000620400000, 0x0000000620800000|  0%| F|  |TAMS 0x0000000620400000| PB 0x0000000620400000| Untracked |  0
| 114|0x0000000620800000, 0x0000000620800000, 0x0000000620c00000|  0%| F|  |TAMS 0x0000000620800000| PB 0x0000000620800000| Untracked |  0
| 115|0x0000000620c00000, 0x0000000620c00000, 0x0000000621000000|  0%| F|  |TAMS 0x0000000620c00000| PB 0x0000000620c00000| Untracked |  0
| 116|0x0000000621000000, 0x0000000621000000, 0x0000000621400000|  0%| F|  |TAMS 0x0000000621000000| PB 0x0000000621000000| Untracked |  0
| 117|0x0000000621400000, 0x0000000621400000, 0x0000000621800000|  0%| F|  |TAMS 0x0000000621400000| PB 0x0000000621400000| Untracked |  0
| 118|0x0000000621800000, 0x0000000621800000, 0x0000000621c00000|  0%| F|  |TAMS 0x0000000621800000| PB 0x0000000621800000| Untracked |  0
| 119|0x0000000621c00000, 0x0000000621c00000, 0x0000000622000000|  0%| F|  |TAMS 0x0000000621c00000| PB 0x0000000621c00000| Untracked |  0
| 120|0x0000000622000000, 0x0000000622000000, 0x0000000622400000|  0%| F|  |TAMS 0x0000000622000000| PB 0x0000000622000000| Untracked |  0
| 121|0x0000000622400000, 0x0000000622400000, 0x0000000622800000|  0%| F|  |TAMS 0x0000000622400000| PB 0x0000000622400000| Untracked |  0
| 122|0x0000000622800000, 0x0000000622800000, 0x0000000622c00000|  0%| F|  |TAMS 0x0000000622800000| PB 0x0000000622800000| Untracked |  0
| 123|0x0000000622c00000, 0x0000000622c00000, 0x0000000623000000|  0%| F|  |TAMS 0x0000000622c00000| PB 0x0000000622c00000| Untracked |  0
| 124|0x0000000623000000, 0x00000006230f5d08, 0x0000000623400000| 24%| E|  |TAMS 0x0000000623000000| PB 0x0000000623000000| Complete |  0
| 125|0x0000000623400000, 0x0000000623800000, 0x0000000623800000|100%| E|CS|TAMS 0x0000000623400000| PB 0x0000000623400000| Complete |  0
| 126|0x0000000623800000, 0x0000000623c00000, 0x0000000623c00000|100%| E|CS|TAMS 0x0000000623800000| PB 0x0000000623800000| Complete |  0

Card table byte_map: [0x000001f8745b0000,0x000001f875590000] _byte_map_base: 0x000001f871590000

Marking Bits: (CMBitMap*) 0x000001f85f7c6760
 Bits: [0x000001f875590000, 0x000001f87d490000)

Polling page: 0x000001f85d320000

Metaspace:

Usage:
  Non-class:      4.11 MB used.
      Class:    510.52 KB used.
       Both:      4.60 MB used.

Virtual space:
  Non-class space:       64.00 MB reserved,       4.25 MB (  7%) committed,  1 nodes.
      Class space:        1.00 GB reserved,     640.00 KB ( <1%) committed,  1 nodes.
             Both:        1.06 GB reserved,       4.88 MB ( <1%) committed. 

Chunk freelists:
   Non-Class:  10.86 MB
       Class:  15.25 MB
        Both:  26.11 MB

MaxMetaspaceSize: unlimited
CompressedClassSpaceSize: 1.00 GB
Initial GC threshold: 21.00 MB
Current GC threshold: 21.00 MB
CDS: on
 - commit_granule_bytes: 65536.
 - commit_granule_words: 8192.
 - virtual_space_node_default_size: 8388608.
 - enlarge_chunks_in_place: 1.
 - use_allocation_guard: 0.


Internal statistics:

num_allocs_failed_limit: 0.
num_arena_births: 120.
num_arena_deaths: 0.
num_vsnodes_births: 2.
num_vsnodes_deaths: 0.
num_space_committed: 78.
num_space_uncommitted: 0.
num_chunks_returned_to_freelist: 0.
num_chunks_taken_from_freelist: 166.
num_chunk_merges: 0.
num_chunk_splits: 91.
num_chunks_enlarged: 18.
num_inconsistent_stats: 0.

CodeHeap 'non-profiled nmethods': size=119232Kb used=175Kb max_used=175Kb free=119056Kb
 bounds [0x000001f86b150000, 0x000001f86b3c0000, 0x000001f8725c0000]
CodeHeap 'profiled nmethods': size=119104Kb used=646Kb max_used=646Kb free=118457Kb
 bounds [0x000001f8635c0000, 0x000001f863830000, 0x000001f86aa10000]
CodeHeap 'non-nmethods': size=7424Kb used=1991Kb max_used=2005Kb free=5432Kb
 bounds [0x000001f86aa10000, 0x000001f86ac80000, 0x000001f86b150000]
CodeCache: size=245760Kb, used=2812Kb, max_used=2826Kb, free=242945Kb
 total_blobs=1131, nmethods=601, adapters=435, full_count=0
Compilation: enabled, stopped_count=0, restarted_count=0

Compilation events (20 events):
Event: 0.146 Thread 0x000001f87d7d7270  590       3       sun.util.logging.PlatformLogger::isLoggable (23 bytes)
Event: 0.146 Thread 0x000001f87d7d9480  591       3       jdk.internal.logger.AbstractLoggerWrapper::isLoggable (26 bytes)
Event: 0.146 Thread 0x000001f87d7d7270 nmethod 590 0x000001f86365ea88 code [0x000001f86365ebc0, 0x000001f86365ee98]
Event: 0.146 Thread 0x000001f87d7d7270  592       3       jdk.internal.logger.LazyLoggers$LazyLoggerWrapper::platformProxy (10 bytes)
Event: 0.146 Thread 0x000001f87d7d9480 nmethod 591 0x000001f86365ef08 code [0x000001f86365f080, 0x000001f86365f618]
Event: 0.146 Thread 0x000001f87d7d7270 nmethod 592 0x000001f86365f688 code [0x000001f86365f7c0, 0x000001f86365f958]
Event: 0.146 Thread 0x000001f87d7d9480  593   !   3       jdk.internal.logger.LazyLoggers$LazyLoggerAccessor::platform (107 bytes)
Event: 0.146 Thread 0x000001f87d7d7270  594       3       jdk.internal.logger.SimpleConsoleLogger::isLoggable (29 bytes)
Event: 0.146 Thread 0x000001f87d7d7270 nmethod 594 0x000001f86365f988 code [0x000001f86365fac0, 0x000001f86365fdf8]
Event: 0.146 Thread 0x000001f87d7d7270  595       3       jdk.internal.logger.SimpleConsoleLogger::effectiveLevel (17 bytes)
Event: 0.146 Thread 0x000001f87d7d7270 nmethod 595 0x000001f86365fe88 code [0x000001f86365ffc0, 0x000001f8636601f0]
Event: 0.146 Thread 0x000001f87d7d7270  596       3       jdk.internal.logger.SurrogateLogger::defaultPlatformLevel (4 bytes)
Event: 0.146 Thread 0x000001f87d7d7270 nmethod 596 0x000001f863660208 code [0x000001f863660320, 0x000001f863660438]
Event: 0.146 Thread 0x000001f87d7d7270  597       3       java.lang.StringConcatHelper::mix (27 bytes)
Event: 0.146 Thread 0x000001f87d7d9480 nmethod 593 0x000001f863660508 code [0x000001f8636606c0, 0x000001f8636614a0]
Event: 0.146 Thread 0x000001f87d7d7270 nmethod 597 0x000001f863661508 code [0x000001f863661660, 0x000001f863661a40]
Event: 0.620 Thread 0x000001f87d7d7270  600       1       java.util.concurrent.locks.AbstractQueuedSynchronizer::getState (5 bytes)
Event: 0.620 Thread 0x000001f87d7d9480  601       1       java.util.concurrent.locks.AbstractOwnableSynchronizer::getExclusiveOwnerThread (5 bytes)
Event: 0.620 Thread 0x000001f87d7d7270 nmethod 600 0x000001f86b17b988 code [0x000001f86b17baa0, 0x000001f86b17bb68]
Event: 0.620 Thread 0x000001f87d7d9480 nmethod 601 0x000001f86b17bc88 code [0x000001f86b17bda0, 0x000001f86b17be70]

GC Heap History (0 events):
No events

Dll operation events (6 events):
Event: 0.004 Loaded shared library C:\Users\adams\.p2\pool\plugins\org.eclipse.justj.openjdk.hotspot.jre.full.win32.x86_64_23.0.0.v20240919-1706\jre\bin\java.dll
Event: 0.029 Loaded shared library C:\Users\adams\.p2\pool\plugins\org.eclipse.justj.openjdk.hotspot.jre.full.win32.x86_64_23.0.0.v20240919-1706\jre\bin\net.dll
Event: 0.030 Loaded shared library C:\Users\adams\.p2\pool\plugins\org.eclipse.justj.openjdk.hotspot.jre.full.win32.x86_64_23.0.0.v20240919-1706\jre\bin\nio.dll
Event: 0.031 Loaded shared library C:\Users\adams\.p2\pool\plugins\org.eclipse.justj.openjdk.hotspot.jre.full.win32.x86_64_23.0.0.v20240919-1706\jre\bin\zip.dll
Event: 0.070 Loaded shared library C:\Users\adams\.p2\pool\plugins\org.eclipse.justj.openjdk.hotspot.jre.full.win32.x86_64_23.0.0.v20240919-1706\jre\bin\jimage.dll
Event: 0.077 Loaded shared library C:\Users\adams\.p2\pool\plugins\org.eclipse.justj.openjdk.hotspot.jre.full.win32.x86_64_23.0.0.v20240919-1706\jre\bin\awt.dll

Deoptimization events (20 events):
Event: 0.056 Thread 0x000001f85d3619c0 Uncommon trap: trap_request=0xffffff45 fr.pc=0x000001f86b1593d4 relative=0x00000000000000b4
Event: 0.056 Thread 0x000001f85d3619c0 Uncommon trap: reason=unstable_if action=reinterpret pc=0x000001f86b1593d4 method=java.lang.String.isLatin1()Z @ 10 c2
Event: 0.056 Thread 0x000001f85d3619c0 DEOPT PACKING pc=0x000001f86b1593d4 sp=0x000000c84fdff030
Event: 0.056 Thread 0x000001f85d3619c0 DEOPT UNPACKING pc=0x000001f86aa64402 sp=0x000000c84fdfef70 mode 2
Event: 0.140 Thread 0x000001f85d3619c0 Uncommon trap: trap_request=0xffffffc6 fr.pc=0x000001f86b160470 relative=0x0000000000000a30
Event: 0.140 Thread 0x000001f85d3619c0 Uncommon trap: reason=bimorphic_or_optimized_type_check action=maybe_recompile pc=0x000001f86b160470 method=java.util.HashMap.putVal(ILjava/lang/Object;Ljava/lang/Object;ZZ)Ljava/lang/Object; @ 56 c2
Event: 0.140 Thread 0x000001f85d3619c0 DEOPT PACKING pc=0x000001f86b160470 sp=0x000000c84fdfebf0
Event: 0.140 Thread 0x000001f85d3619c0 DEOPT UNPACKING pc=0x000001f86aa64402 sp=0x000000c84fdfeb78 mode 2
Event: 0.140 Thread 0x000001f85d3619c0 Uncommon trap: trap_request=0xffffffc6 fr.pc=0x000001f86b160470 relative=0x0000000000000a30
Event: 0.140 Thread 0x000001f85d3619c0 Uncommon trap: reason=bimorphic_or_optimized_type_check action=maybe_recompile pc=0x000001f86b160470 method=java.util.HashMap.putVal(ILjava/lang/Object;Ljava/lang/Object;ZZ)Ljava/lang/Object; @ 56 c2
Event: 0.140 Thread 0x000001f85d3619c0 DEOPT PACKING pc=0x000001f86b160470 sp=0x000000c84fdfebf0
Event: 0.140 Thread 0x000001f85d3619c0 DEOPT UNPACKING pc=0x000001f86aa64402 sp=0x000000c84fdfeb78 mode 2
Event: 0.140 Thread 0x000001f85d3619c0 Uncommon trap: trap_request=0xffffffc6 fr.pc=0x000001f86b160470 relative=0x0000000000000a30
Event: 0.140 Thread 0x000001f85d3619c0 Uncommon trap: reason=bimorphic_or_optimized_type_check action=maybe_recompile pc=0x000001f86b160470 method=java.util.HashMap.putVal(ILjava/lang/Object;Ljava/lang/Object;ZZ)Ljava/lang/Object; @ 56 c2
Event: 0.140 Thread 0x000001f85d3619c0 DEOPT PACKING pc=0x000001f86b160470 sp=0x000000c84fdfebf0
Event: 0.140 Thread 0x000001f85d3619c0 DEOPT UNPACKING pc=0x000001f86aa64402 sp=0x000000c84fdfeb78 mode 2
Event: 0.140 Thread 0x000001f85d3619c0 Uncommon trap: trap_request=0xffffffc6 fr.pc=0x000001f86b160470 relative=0x0000000000000a30
Event: 0.140 Thread 0x000001f85d3619c0 Uncommon trap: reason=bimorphic_or_optimized_type_check action=maybe_recompile pc=0x000001f86b160470 method=java.util.HashMap.putVal(ILjava/lang/Object;Ljava/lang/Object;ZZ)Ljava/lang/Object; @ 56 c2
Event: 0.140 Thread 0x000001f85d3619c0 DEOPT PACKING pc=0x000001f86b160470 sp=0x000000c84fdfebf0
Event: 0.140 Thread 0x000001f85d3619c0 DEOPT UNPACKING pc=0x000001f86aa64402 sp=0x000000c84fdfeb78 mode 2

Classes loaded (20 events):
Event: 0.620 Loading class java/awt/ModalEventFilter
Event: 0.620 Loading class java/awt/ModalEventFilter done
Event: 0.620 Loading class java/awt/EventFilter$FilterAction
Event: 0.620 Loading class java/awt/EventFilter$FilterAction done
Event: 0.620 Loading class sun/awt/dnd/SunDragSourceContextPeer
Event: 0.620 Loading class java/awt/dnd/peer/DragSourceContextPeer
Event: 0.620 Loading class java/awt/dnd/peer/DragSourceContextPeer done
Event: 0.620 Loading class sun/awt/dnd/SunDragSourceContextPeer done
Event: 0.620 Loading class java/awt/EventQueue$4
Event: 0.620 Loading class java/awt/EventQueue$4 done
Event: 0.620 Loading class java/awt/MenuComponent
Event: 0.620 Loading class java/awt/MenuComponent done
Event: 0.620 Loading class java/awt/TrayIcon
Event: 0.620 Loading class java/awt/TrayIcon done
Event: 0.620 Loading class java/awt/event/InputMethodEvent
Event: 0.620 Loading class java/awt/event/InputMethodEvent done
Event: 0.620 Loading class java/awt/event/ActionEvent
Event: 0.620 Loading class java/awt/event/ActionEvent done
Event: 0.620 Loading class java/util/ArrayList$ListItr
Event: 0.620 Loading class java/util/ArrayList$ListItr done

Classes unloaded (0 events):
No events

Classes redefined (0 events):
No events

Internal exceptions (12 events):
Event: 0.039 Thread 0x000001f85d3619c0 Exception <a 'java/lang/NoSuchMethodError'{0x00000006239ad2f0}: 'void java.lang.invoke.DirectMethodHandle$Holder.invokeVirtual(java.lang.Object, java.lang.Object)'> (0x00000006239ad2f0) 
thrown [s\src\hotspot\share\interpreter\linkResolver.cpp, line 796]
Event: 0.040 Thread 0x000001f85d3619c0 Exception <a 'java/lang/NoSuchMethodError'{0x00000006239b8808}: 'java.lang.Object java.lang.invoke.DirectMethodHandle$Holder.invokeInterface(java.lang.Object, java.lang.Object, java.lang.Object)'> (0x00000006239b8808) 
thrown [s\src\hotspot\share\interpreter\linkResolver.cpp, line 796]
Event: 0.071 Thread 0x000001f85d3619c0 Exception <a 'sun/nio/fs/WindowsException'{0x0000000623b531d0}> (0x0000000623b531d0) 
thrown [s\src\hotspot\share\prims\jni.cpp, line 520]
Event: 0.073 Thread 0x000001f85d3619c0 Exception <a 'java/lang/ClassNotFoundException'{0x0000000623b5ce38}: sun/awt/resources/spi/awtProvider> (0x0000000623b5ce38) 
thrown [s\src\hotspot\share\classfile\systemDictionary.cpp, line 313]
Event: 0.082 Thread 0x000001f85d3619c0 Exception <a 'java/io/FileNotFoundException'{0x0000000623baff90}> (0x0000000623baff90) 
thrown [s\src\hotspot\share\prims\jni.cpp, line 520]
Event: 0.085 Thread 0x000001f85d3619c0 Exception <a 'java/io/FileNotFoundException'{0x0000000623bde5c8}> (0x0000000623bde5c8) 
thrown [s\src\hotspot\share\prims\jni.cpp, line 520]
Event: 0.127 Thread 0x000001f85d3619c0 Exception <a 'java/lang/NoSuchMethodError'{0x00000006236ab5d8}: 'void java.lang.invoke.DirectMethodHandle$Holder.invokeSpecial(java.lang.Object, java.lang.Object, java.lang.Object)'> (0x00000006236ab5d8) 
thrown [s\src\hotspot\share\interpreter\linkResolver.cpp, line 796]
Event: 0.132 Thread 0x000001f85d3619c0 Exception <a 'java/lang/NoSuchMethodError'{0x00000006236fadc0}: 'java.lang.Object java.lang.invoke.DirectMethodHandle$Holder.invokeStatic(java.lang.Object, int, java.lang.Object)'> (0x00000006236fadc0) 
thrown [s\src\hotspot\share\interpreter\linkResolver.cpp, line 796]
Event: 0.140 Thread 0x000001f85d3619c0 Exception <a 'java/lang/ClassNotFoundException'{0x00000006237a1d90}: com/sun/swing/internal/plaf/metal/resources/spi/metalProvider> (0x00000006237a1d90) 
thrown [s\src\hotspot\share\classfile\systemDictionary.cpp, line 313]
Event: 0.140 Thread 0x000001f85d3619c0 Exception <a 'java/lang/ClassNotFoundException'{0x00000006237a5d00}: com/sun/swing/internal/plaf/basic/resources/spi/basicProvider> (0x00000006237a5d00) 
thrown [s\src\hotspot\share\classfile\systemDictionary.cpp, line 313]
Event: 0.145 Thread 0x000001f85d3619c0 Exception <a 'java/lang/NoSuchMethodError'{0x00000006237c57c8}: 'int java.lang.invoke.Invokers$Holder.invokeExact_MT(java.lang.Object, java.lang.Object)'> (0x00000006237c57c8) 
thrown [s\src\hotspot\share\interpreter\linkResolver.cpp, line 796]
Event: 0.147 Thread 0x000001f85d3619c0 Exception <a 'java/lang/ArrayIndexOutOfBoundsException'{0x00000006237caba8}: Index 10 out of bounds for length 10> (0x00000006237caba8) 
thrown [s\src\hotspot\share\interpreter\interpreterRuntime.cpp, line 422]

VM Operations (4 events):
Event: 0.052 Executing VM operation: HandshakeAllThreads (Deoptimize)
Event: 0.052 Executing VM operation: HandshakeAllThreads (Deoptimize) done
Event: 0.089 Executing VM operation: HandshakeAllThreads (Deoptimize)
Event: 0.089 Executing VM operation: HandshakeAllThreads (Deoptimize) done

Memory protections (0 events):
No events

Nmethod flushes (0 events):
No events

Events (18 events):
Event: 0.012 Thread 0x000001f85d3619c0 Thread added: 0x000001f85d3619c0
Event: 0.018 Thread 0x000001f85d3619c0 Thread added: 0x000001f87d7b8b50
Event: 0.018 Thread 0x000001f85d3619c0 Thread added: 0x000001f87d7bade0
Event: 0.018 Thread 0x000001f85d3619c0 Thread added: 0x000001f87d7bd470
Event: 0.018 Thread 0x000001f85d3619c0 Thread added: 0x000001f87d7bfee0
Event: 0.018 Thread 0x000001f85d3619c0 Thread added: 0x000001f87d7c0af0
Event: 0.018 Thread 0x000001f85d3619c0 Thread added: 0x000001f87d7c3c80
Event: 0.018 Thread 0x000001f85d3619c0 Thread added: 0x000001f87d7d18c0
Event: 0.018 Thread 0x000001f85d3619c0 Thread added: 0x000001f87d7d9480
Event: 0.027 Thread 0x000001f85d3619c0 Thread added: 0x000001f8421efbc0
Event: 0.041 Thread 0x000001f87d7d9480 Thread added: 0x000001f87d7d7270
Event: 0.056 Thread 0x000001f85d3619c0 Thread added: 0x000001f84224e730
Event: 0.111 Thread 0x000001f85d3619c0 Thread added: 0x000001f8424a5350
Event: 0.111 Thread 0x000001f85d3619c0 Thread added: 0x000001f8423fba40
Event: 0.112 Thread 0x000001f85d3619c0 Thread added: 0x000001f8424a79d0
Event: 0.148 Thread 0x000001f85d3619c0 Thread exited: 0x000001f85d3619c0
Event: 0.148 Thread 0x000001f85d3619c0 Thread added: 0x000001f85d3619c0
Event: 0.619 Thread 0x000001f8424a79d0 Thread added: 0x000001f842503210


Dynamic libraries:
0x00007ff7c0330000 - 0x00007ff7c033e000 	C:\Users\adams\.p2\pool\plugins\org.eclipse.justj.openjdk.hotspot.jre.full.win32.x86_64_23.0.0.v20240919-1706\jre\bin\javaw.exe
0x00007ffee8ab0000 - 0x00007ffee8cc7000 	C:\windows\SYSTEM32\ntdll.dll
0x00007ffee7b00000 - 0x00007ffee7bc4000 	C:\windows\System32\KERNEL32.DLL
0x00007ffee6000000 - 0x00007ffee63b7000 	C:\windows\System32\KERNELBASE.dll
0x00007ffee65a0000 - 0x00007ffee66b1000 	C:\windows\System32\ucrtbase.dll
0x00007ffed8c40000 - 0x00007ffed8c57000 	C:\Users\adams\.p2\pool\plugins\org.eclipse.justj.openjdk.hotspot.jre.full.win32.x86_64_23.0.0.v20240919-1706\jre\bin\jli.dll
0x00007ffed8c20000 - 0x00007ffed8c3b000 	C:\Users\adams\.p2\pool\plugins\org.eclipse.justj.openjdk.hotspot.jre.full.win32.x86_64_23.0.0.v20240919-1706\jre\bin\VCRUNTIME140.dll
0x00007ffee8530000 - 0x00007ffee86df000 	C:\windows\System32\USER32.dll
0x00007ffed9400000 - 0x00007ffed9693000 	C:\windows\WinSxS\amd64_microsoft.windows.common-controls_6595b64144ccf1df_6.0.22621.3672_none_2713b9d173822955\COMCTL32.dll
0x00007ffee5f60000 - 0x00007ffee5f86000 	C:\windows\System32\win32u.dll
0x00007ffee6860000 - 0x00007ffee6907000 	C:\windows\System32\msvcrt.dll
0x00007ffee6f40000 - 0x00007ffee6f69000 	C:\windows\System32\GDI32.dll
0x00007ffee66c0000 - 0x00007ffee67d8000 	C:\windows\System32\gdi32full.dll
0x00007ffee6440000 - 0x00007ffee64da000 	C:\windows\System32\msvcp_win.dll
0x00007ffee6f70000 - 0x00007ffee6fa1000 	C:\windows\System32\IMM32.DLL
0x00007ffee1c10000 - 0x00007ffee1c1c000 	C:\Users\adams\.p2\pool\plugins\org.eclipse.justj.openjdk.hotspot.jre.full.win32.x86_64_23.0.0.v20240919-1706\jre\bin\vcruntime140_1.dll
0x00007ffebab20000 - 0x00007ffebabae000 	C:\Users\adams\.p2\pool\plugins\org.eclipse.justj.openjdk.hotspot.jre.full.win32.x86_64_23.0.0.v20240919-1706\jre\bin\msvcp140.dll
0x00007ffe65c60000 - 0x00007ffe66a2d000 	C:\Users\adams\.p2\pool\plugins\org.eclipse.justj.openjdk.hotspot.jre.full.win32.x86_64_23.0.0.v20240919-1706\jre\bin\server\jvm.dll
0x00007ffee7a40000 - 0x00007ffee7af2000 	C:\windows\System32\ADVAPI32.dll
0x00007ffee8770000 - 0x00007ffee8818000 	C:\windows\System32\sechost.dll
0x00007ffee5dc0000 - 0x00007ffee5de8000 	C:\windows\System32\bcrypt.dll
0x00007ffee70b0000 - 0x00007ffee71c4000 	C:\windows\System32\RPCRT4.dll
0x00007ffee8820000 - 0x00007ffee8891000 	C:\windows\System32\WS2_32.dll
0x00007ffee5070000 - 0x00007ffee50bd000 	C:\windows\SYSTEM32\POWRPROF.dll
0x00007ffed6df0000 - 0x00007ffed6e24000 	C:\windows\SYSTEM32\WINMM.dll
0x00007ffedbe50000 - 0x00007ffedbe5a000 	C:\windows\SYSTEM32\VERSION.dll
0x00007ffee4fa0000 - 0x00007ffee4fb3000 	C:\windows\SYSTEM32\UMPDC.dll
0x00007ffee4d70000 - 0x00007ffee4d88000 	C:\windows\SYSTEM32\kernel.appcore.dll
0x00007ffee1c30000 - 0x00007ffee1c3a000 	C:\Users\adams\.p2\pool\plugins\org.eclipse.justj.openjdk.hotspot.jre.full.win32.x86_64_23.0.0.v20240919-1706\jre\bin\jimage.dll
0x00007ffed62a0000 - 0x00007ffed64d2000 	C:\windows\SYSTEM32\DBGHELP.DLL
0x00007ffee6a70000 - 0x00007ffee6dfe000 	C:\windows\System32\combase.dll
0x00007ffee7bd0000 - 0x00007ffee7ca7000 	C:\windows\System32\OLEAUT32.dll
0x00007ffedb1e0000 - 0x00007ffedb212000 	C:\windows\SYSTEM32\dbgcore.DLL
0x00007ffee63c0000 - 0x00007ffee643b000 	C:\windows\System32\bcryptPrimitives.dll
0x00007ffed8cf0000 - 0x00007ffed8d0e000 	C:\Users\adams\.p2\pool\plugins\org.eclipse.justj.openjdk.hotspot.jre.full.win32.x86_64_23.0.0.v20240919-1706\jre\bin\java.dll
0x00007ffee7e70000 - 0x00007ffee8015000 	C:\windows\System32\ole32.dll
0x00007ffee71d0000 - 0x00007ffee7a39000 	C:\windows\System32\SHELL32.dll
0x00007ffee3ce0000 - 0x00007ffee45df000 	C:\windows\SYSTEM32\windows.storage.dll
0x00007ffee3ba0000 - 0x00007ffee3cdf000 	C:\windows\SYSTEM32\wintypes.dll
0x00007ffee6fb0000 - 0x00007ffee70a9000 	C:\windows\System32\SHCORE.dll
0x00007ffee7e10000 - 0x00007ffee7e6e000 	C:\windows\System32\shlwapi.dll
0x00007ffee5cf0000 - 0x00007ffee5d17000 	C:\windows\SYSTEM32\profapi.dll
0x00007ffee1c20000 - 0x00007ffee1c30000 	C:\Users\adams\.p2\pool\plugins\org.eclipse.justj.openjdk.hotspot.jre.full.win32.x86_64_23.0.0.v20240919-1706\jre\bin\net.dll
0x00007ffee5320000 - 0x00007ffee5389000 	C:\windows\system32\mswsock.dll
0x00007ffec8e90000 - 0x00007ffec8ea6000 	C:\Users\adams\.p2\pool\plugins\org.eclipse.justj.openjdk.hotspot.jre.full.win32.x86_64_23.0.0.v20240919-1706\jre\bin\nio.dll
0x00007ffed83d0000 - 0x00007ffed83e7000 	C:\Users\adams\.p2\pool\plugins\org.eclipse.justj.openjdk.hotspot.jre.full.win32.x86_64_23.0.0.v20240919-1706\jre\bin\zip.dll
0x00007ffe80830000 - 0x00007ffe809bd000 	C:\Users\adams\.p2\pool\plugins\org.eclipse.justj.openjdk.hotspot.jre.full.win32.x86_64_23.0.0.v20240919-1706\jre\bin\awt.dll
0x00007ffee2060000 - 0x00007ffee20f7000 	C:\windows\SYSTEM32\apphelp.dll
0x00007ffee3710000 - 0x00007ffee373b000 	C:\windows\system32\DWMAPI.DLL
0x00007ffee32b0000 - 0x00007ffee3361000 	C:\windows\system32\uxtheme.dll
0x00007ffeaa780000 - 0x00007ffeaa880000 	C:\windows\system32\opengl32.dll
0x00007ffeaa750000 - 0x00007ffeaa77d000 	C:\windows\SYSTEM32\GLU32.dll
0x00007ffee33e0000 - 0x00007ffee3417000 	C:\windows\SYSTEM32\dxcore.dll
0x00007ffee7cb0000 - 0x00007ffee7e10000 	C:\windows\System32\MSCTF.dll

dbghelp: loaded successfully - version: 4.0.5 - missing functions: none
symbol engine: initialized successfully - sym options: 0x614 - pdb path: .;C:\Users\adams\.p2\pool\plugins\org.eclipse.justj.openjdk.hotspot.jre.full.win32.x86_64_23.0.0.v20240919-1706\jre\bin;C:\windows\SYSTEM32;C:\windows\WinSxS\amd64_microsoft.windows.common-controls_6595b64144ccf1df_6.0.22621.3672_none_2713b9d173822955;C:\Users\adams\.p2\pool\plugins\org.eclipse.justj.openjdk.hotspot.jre.full.win32.x86_64_23.0.0.v20240919-1706\jre\bin\server

VM Arguments:
jvm_args: -Dfile.encoding=UTF-8 -Dstdout.encoding=UTF-8 -Dstderr.encoding=UTF-8 --module-path=Y:\Personal\JavaCode\rain\bin -XX:+ShowCodeDetailsInExceptionMessages -Djdk.module.main=rain 
java_command: rain/com.adamsotheran.rain.Game
java_class_path (initial): <not set>
Launcher Type: SUN_STANDARD

[Global flags]
     intx CICompilerCount                          = 12                                        {product} {ergonomic}
     uint ConcGCThreads                            = 5                                         {product} {ergonomic}
     uint G1ConcRefinementThreads                  = 20                                        {product} {ergonomic}
   size_t G1HeapRegionSize                         = 4194304                                   {product} {ergonomic}
   size_t InitialHeapSize                          = 532676608                                 {product} {ergonomic}
   size_t MarkStackSize                            = 4194304                                   {product} {ergonomic}
   size_t MarkStackSizeMax                         = 536870912                                 {product} {ergonomic}
   size_t MaxHeapSize                              = 8522825728                                {product} {ergonomic}
   size_t MaxNewSize                               = 5112856576                                {product} {ergonomic}
   size_t MinHeapDeltaBytes                        = 4194304                                   {product} {ergonomic}
   size_t MinHeapSize                              = 8388608                                   {product} {ergonomic}
    uintx NonNMethodCodeHeapSize                   = 7602176                                {pd product} {ergonomic}
    uintx NonProfiledCodeHeapSize                  = 122093568                              {pd product} {ergonomic}
    uintx ProfiledCodeHeapSize                     = 121962496                              {pd product} {ergonomic}
    uintx ReservedCodeCacheSize                    = 251658240                              {pd product} {ergonomic}
     bool SegmentedCodeCache                       = true                                      {product} {ergonomic}
     bool ShowCodeDetailsInExceptionMessages       = true                                   {manageable} {command line}
   size_t SoftMaxHeapSize                          = 8522825728                             {manageable} {ergonomic}
     bool UseCompressedOops                        = true                           {product lp64_product} {ergonomic}
     bool UseG1GC                                  = true                                      {product} {ergonomic}
     bool UseLargePagesIndividualAllocation        = false                                  {pd product} {ergonomic}

Logging:
Log output configuration:
 #0: stdout all=warning uptime,level,tags foldmultilines=false
 #1: stderr all=off uptime,level,tags foldmultilines=false

Environment Variables:
PATH=C:/Users/adams/.p2/pool/plugins/org.eclipse.justj.openjdk.hotspot.jre.full.win32.x86_64_23.0.0.v20240919-1706/jre/bin/server;C:/Users/adams/.p2/pool/plugins/org.eclipse.justj.openjdk.hotspot.jre.full.win32.x86_64_23.0.0.v20240919-1706/jre/bin;C:\windows\system32;C:\windows;C:\windows\System32\Wbem;C:\windows\System32\WindowsPowerShell\v1.0\;C:\windows\System32\OpenSSH\;C:\Program Files (x86)\NVIDIA Corporation\PhysX\Common;C:\Program Files\NVIDIA Corporation\NVIDIA NvDLISR;C:\Program Files\dotnet\;C:\Users\adams\AppData\Local\Programs\Python\Python312\Scripts\;C:\Users\adams\AppData\Local\Programs\Python\Python312\;C:\Users\adams\AppData\Local\Microsoft\WindowsApps;C:\Users\adams\.dotnet\tools;C:\Users\adams\AppData\Local\Programs\Microsoft VS Code\bin;C:\Users\adams\OneDrive\Desktop;
USERNAME=adams
OS=Windows_NT
PROCESSOR_IDENTIFIER=Intel64 Family 6 Model 183 Stepping 1, GenuineIntel
TMP=C:\Users\adams\AppData\Local\Temp
TEMP=C:\Users\adams\AppData\Local\Temp




Periodic native trim disabled

---------------  S Y S T E M  ---------------

OS:
 Windows 11 , 64 bit Build 22621 (10.0.22621.3958)
OS uptime: 4 days 0:34 hours
Hyper-V role detected

CPU: total 28 (initial active 28) (14 cores per cpu, 2 threads per core) family 6 model 183 stepping 1 microcode 0x125, cx8, cmov, fxsr, ht, mmx, 3dnowpref, sse, sse2, sse3, ssse3, sse4.1, sse4.2, popcnt, lzcnt, tsc, tscinvbit, avx, avx2, aes, erms, clmul, bmi1, bmi2, adx, sha, fma, vzeroupper, clflush, clflushopt, clwb, hv, serialize, rdtscp, rdpid, fsrm, gfni, f16c, cet_ibt, cet_ss
Processor Information for the first 28 processors :
  Max Mhz: 3400, Current Mhz: 3400, Mhz Limit: 3400

Memory: 4k page, system-wide physical 32509M (19204M free)
TotalPageFile size 34557M (AvailPageFile size 18294M)
current process WorkingSet (physical memory assigned to process): 57M, peak: 57M
current process commit charge ("private bytes"): 632M, peak: 632M

vm_info: OpenJDK 64-Bit Server VM (23+37) for windows-amd64 JRE (23+37), built on 2024-09-17T00:00:00Z with MS VC++ 17.7 (VS2022)

END.
